#
# There is insufficient memory for the Java Runtime Environment to continue.
# Native memory allocation (malloc) failed to allocate 543504 bytes. Error detail: Chunk::new
# Possible reasons:
#   The system is out of physical RAM or swap space
#   This process is running with CompressedOops enabled, and the Java Heap may be blocking the growth of the native heap
# Possible solutions:
#   Reduce memory load on the system
#   Increase physical memory or swap space
#   Check if swap backing store is full
#   Decrease Java heap size (-Xmx/-Xms)
#   Decrease number of Java threads
#   Decrease Java thread stack sizes (-Xss)
#   Set larger code cache with -XX:ReservedCodeCacheSize=
#   JVM is running with Unscaled Compressed Oops mode in which the Java heap is
#     placed in the first 4GB address space. The Java Heap base address is the
#     maximum limit for the native heap growth. Please use -XX:HeapBaseMinAddress
#     to set the Java Heap base and to place the Java Heap above 4GB virtual address.
# This output file may be truncated or incomplete.
#
#  Out of Memory Error (arena.cpp:191), pid=21896, tid=12236
#
# JRE version: OpenJDK Runtime Environment Temurin-17.0.13+11 (17.0.13+11) (build 17.0.13+11)
# Java VM: OpenJDK 64-Bit Server VM Temurin-17.0.13+11 (17.0.13+11, mixed mode, tiered, compressed oops, compressed class ptrs, parallel gc, windows-amd64)
# No core dump will be written. Minidumps are not enabled by default on client versions of Windows
#

---------------  S U M M A R Y ------------

Command Line: --add-modules=ALL-SYSTEM --add-opens=java.base/java.util=ALL-UNNAMED --add-opens=java.base/java.lang=ALL-UNNAMED --add-opens=java.base/sun.nio.fs=ALL-UNNAMED -Declipse.application=org.eclipse.jdt.ls.core.id1 -Dosgi.bundles.defaultStartLevel=4 -Declipse.product=org.eclipse.jdt.ls.core.product -Djava.import.generatesMetadataFilesAtProjectRoot=false -DDetectVMInstallationsJob.disabled=true -Dfile.encoding=utf8 -XX:+UseParallelGC -XX:GCTimeRatio=4 -XX:AdaptiveSizePolicyWeight=90 -Dsun.zip.disableMemoryMapping=true -Xmx1G -Xms100m -Xlog:disable -javaagent:c:\Users\HP\.vscode\extensions\redhat.java-1.38.0-win32-x64\lombok\lombok-1.18.34.jar -XX:+HeapDumpOnOutOfMemoryError -XX:HeapDumpPath=c:\Users\HP\AppData\Roaming\Code\User\workspaceStorage\3733e045233a5ffff697c38bc414c6f0\redhat.java -Daether.dependencyCollector.impl=bf c:\Users\HP\.vscode\extensions\redhat.java-1.38.0-win32-x64\server\plugins\org.eclipse.equinox.launcher_1.6.900.v20240613-2009.jar -configuration c:\Users\HP\AppData\Roaming\Code\User\globalStorage\redhat.java\1.38.0\config_win -data c:\Users\HP\AppData\Roaming\Code\User\workspaceStorage\3733e045233a5ffff697c38bc414c6f0\redhat.java\jdt_ws --pipe=\\.\pipe\lsp-2a3f4ce62d132a67dbad207ed7640381-sock

Host: 11th Gen Intel(R) Core(TM) i5-11400H @ 2.70GHz, 12 cores, 15G,  Windows 11 , 64 bit Build 26100 (10.0.26100.2454)
Time: Sun Jan 19 18:44:38 2025 India Standard Time elapsed time: 2.895940 seconds (0d 0h 0m 2s)

---------------  T H R E A D  ---------------

Current thread (0x0000017bb6029b90):  JavaThread "C2 CompilerThread1" daemon [_thread_in_native, id=12236, stack(0x00000004bc400000,0x00000004bc500000)]


Current CompileTask:
C2:   2895 3475 %     4       java.util.zip.ZipFile$Source::initCEN @ 240 (591 bytes)

Stack: [0x00000004bc400000,0x00000004bc500000]
Native frames: (J=compiled Java code, j=interpreted, Vv=VM code, C=native code)
V  [jvm.dll+0x682a19]
V  [jvm.dll+0x839538]
V  [jvm.dll+0x83afe3]
V  [jvm.dll+0x83b653]
V  [jvm.dll+0x24704f]
V  [jvm.dll+0xace34]
V  [jvm.dll+0xad4cc]
V  [jvm.dll+0x36597e]
V  [jvm.dll+0x1ba793]
V  [jvm.dll+0x2181a7]
V  [jvm.dll+0x21748f]
V  [jvm.dll+0x1a3070]
V  [jvm.dll+0x22788c]
V  [jvm.dll+0x2259eb]
V  [jvm.dll+0x7eec98]
V  [jvm.dll+0x7e8ffc]
V  [jvm.dll+0x6818f7]
C  [ucrtbase.dll+0x14ea0]
C  [KERNEL32.DLL+0x2e8d7]
C  [ntdll.dll+0xdfbcc]


---------------  P R O C E S S  ---------------

Threads class SMR info:
_java_thread_list=0x0000017bb85c2310, length=25, elements={
0x0000017b9ce9e740, 0x0000017b9cf4e060, 0x0000017b9cf4e930, 0x0000017bb0d28ed0,
0x0000017bb0d298a0, 0x0000017bb5ea69c0, 0x0000017bb5ea7e00, 0x0000017bb5eb30a0,
0x0000017bb5eb4d70, 0x0000017bb0d29f80, 0x0000017bb5ea8d30, 0x0000017bb6029b90,
0x0000017bb5ea9240, 0x0000017bb5ea8820, 0x0000017bb5ea5a90, 0x0000017bb5ea8310,
0x0000017bb5ea6ed0, 0x0000017bb5ea5fa0, 0x0000017bb5ea64b0, 0x0000017bb5ea73e0,
0x0000017bb84ab190, 0x0000017bb84a9840, 0x0000017bb84ac0c0, 0x0000017bb84a9d50,
0x0000017bb84abbb0
}

Java Threads: ( => current thread )
  0x0000017b9ce9e740 JavaThread "main" [_thread_blocked, id=14788, stack(0x00000004bb700000,0x00000004bb800000)]
  0x0000017b9cf4e060 JavaThread "Reference Handler" daemon [_thread_blocked, id=21904, stack(0x00000004bba00000,0x00000004bbb00000)]
  0x0000017b9cf4e930 JavaThread "Finalizer" daemon [_thread_blocked, id=5772, stack(0x00000004bbb00000,0x00000004bbc00000)]
  0x0000017bb0d28ed0 JavaThread "Signal Dispatcher" daemon [_thread_blocked, id=7740, stack(0x00000004bbc00000,0x00000004bbd00000)]
  0x0000017bb0d298a0 JavaThread "Attach Listener" daemon [_thread_blocked, id=13408, stack(0x00000004bbd00000,0x00000004bbe00000)]
  0x0000017bb5ea69c0 JavaThread "Service Thread" daemon [_thread_blocked, id=11428, stack(0x00000004bbe00000,0x00000004bbf00000)]
  0x0000017bb5ea7e00 JavaThread "Monitor Deflation Thread" daemon [_thread_blocked, id=13512, stack(0x00000004bbf00000,0x00000004bc000000)]
  0x0000017bb5eb30a0 JavaThread "C2 CompilerThread0" daemon [_thread_blocked, id=2580, stack(0x00000004bc000000,0x00000004bc100000)]
  0x0000017bb5eb4d70 JavaThread "C1 CompilerThread0" daemon [_thread_in_vm, id=8608, stack(0x00000004bc100000,0x00000004bc200000)]
  0x0000017bb0d29f80 JavaThread "Sweeper thread" daemon [_thread_blocked, id=21860, stack(0x00000004bc200000,0x00000004bc300000)]
  0x0000017bb5ea8d30 JavaThread "Common-Cleaner" daemon [_thread_blocked, id=1912, stack(0x00000004bc300000,0x00000004bc400000)]
=>0x0000017bb6029b90 JavaThread "C2 CompilerThread1" daemon [_thread_in_native, id=12236, stack(0x00000004bc400000,0x00000004bc500000)]
  0x0000017bb5ea9240 JavaThread "Notification Thread" daemon [_thread_blocked, id=19028, stack(0x00000004bc500000,0x00000004bc600000)]
  0x0000017bb5ea8820 JavaThread "Active Thread: Equinox Container: 6bebddfd-40a3-4441-8e94-912230d33c67" [_thread_blocked, id=14136, stack(0x00000004bce00000,0x00000004bcf00000)]
  0x0000017bb5ea5a90 JavaThread "Refresh Thread: Equinox Container: 6bebddfd-40a3-4441-8e94-912230d33c67" daemon [_thread_blocked, id=14132, stack(0x00000004bcf00000,0x00000004bd000000)]
  0x0000017bb5ea8310 JavaThread "Framework Event Dispatcher: Equinox Container: 6bebddfd-40a3-4441-8e94-912230d33c67" daemon [_thread_blocked, id=17464, stack(0x00000004bd000000,0x00000004bd100000)]
  0x0000017bb5ea6ed0 JavaThread "Start Level: Equinox Container: 6bebddfd-40a3-4441-8e94-912230d33c67" daemon [_thread_in_vm, id=17472, stack(0x00000004bd100000,0x00000004bd200000)]
  0x0000017bb5ea5fa0 JavaThread "Bundle File Closer" daemon [_thread_blocked, id=17608, stack(0x00000004bd300000,0x00000004bd400000)]
  0x0000017bb5ea64b0 JavaThread "SCR Component Actor" daemon [_thread_blocked, id=17596, stack(0x00000004bd600000,0x00000004bd700000)]
  0x0000017bb5ea73e0 JavaThread "SCR Component Registry" daemon [_thread_blocked, id=18676, stack(0x00000004bd700000,0x00000004bd800000)]
  0x0000017bb84ab190 JavaThread "Worker-JM" [_thread_blocked, id=10220, stack(0x00000004bd800000,0x00000004bd900000)]
  0x0000017bb84a9840 JavaThread "JNA Cleaner" daemon [_thread_blocked, id=19040, stack(0x00000004bd900000,0x00000004bda00000)]
  0x0000017bb84ac0c0 JavaThread "Worker-0: Checking project encoding" [_thread_blocked, id=1920, stack(0x00000004bda00000,0x00000004bdb00000)]
  0x0000017bb84a9d50 JavaThread "Worker-1: Refreshing workspace" [_thread_blocked, id=5176, stack(0x00000004bdb00000,0x00000004bdc00000)]
  0x0000017bb84abbb0 JavaThread "Worker-2" [_thread_blocked, id=1780, stack(0x00000004bdc00000,0x00000004bdd00000)]

Other Threads:
  0x0000017bb5e74870 VMThread "VM Thread" [stack: 0x00000004bb900000,0x00000004bba00000] [id=14264]
  0x0000017bb61e50d0 WatcherThread [stack: 0x00000004bc600000,0x00000004bc700000] [id=18544]
  0x0000017b9ceb22a0 GCTaskThread "GC Thread#0" [stack: 0x00000004bb800000,0x00000004bb900000] [id=15756]
  0x0000017bb7db31e0 GCTaskThread "GC Thread#1" [stack: 0x00000004bc800000,0x00000004bc900000] [id=1112]
  0x0000017bb7db38b0 GCTaskThread "GC Thread#2" [stack: 0x00000004bc900000,0x00000004bca00000] [id=2116]
  0x0000017bb7dab020 GCTaskThread "GC Thread#3" [stack: 0x00000004bca00000,0x00000004bcb00000] [id=2240]
  0x0000017bb7dab2e0 GCTaskThread "GC Thread#4" [stack: 0x00000004bcb00000,0x00000004bcc00000] [id=2928]
  0x0000017bb7dab5a0 GCTaskThread "GC Thread#5" [stack: 0x00000004bcc00000,0x00000004bcd00000] [id=17508]
  0x0000017bb7dab860 GCTaskThread "GC Thread#6" [stack: 0x00000004bcd00000,0x00000004bce00000] [id=18260]
  0x0000017bb872ac80 GCTaskThread "GC Thread#7" [stack: 0x00000004bd200000,0x00000004bd300000] [id=19200]
  0x0000017bb871f580 GCTaskThread "GC Thread#8" [stack: 0x00000004bd400000,0x00000004bd500000] [id=17612]
  0x0000017bb871f840 GCTaskThread "GC Thread#9" [stack: 0x00000004bd500000,0x00000004bd600000] [id=17600]

Threads with active compile tasks:
C1 CompilerThread0     2906 3515       1       java.io.ObjectStreamField::getName (5 bytes)
C2 CompilerThread1     2906 3475 %     4       java.util.zip.ZipFile$Source::initCEN @ 240 (591 bytes)

VM state: not at safepoint (normal execution)

VM Mutex/Monitor currently owned by a thread: None

Heap address: 0x00000000c0000000, size: 1024 MB, Compressed Oops mode: 32-bit

CDS archive(s) not mapped
Compressed class space mapped at: 0x0000000100000000-0x0000000140000000, reserved size: 1073741824
Narrow klass base: 0x0000000000000000, Narrow klass shift: 3, Narrow klass range: 0x140000000

GC Precious Log:
 CPUs: 12 total, 12 available
 Memory: 16022M
 Large Page Support: Disabled
 NUMA Support: Disabled
 Compressed Oops: Enabled (32-bit)
 Alignments: Space 512K, Generation 512K, Heap 2M
 Heap Min Capacity: 100M
 Heap Initial Capacity: 100M
 Heap Max Capacity: 1G
 Pre-touch: Disabled
 Parallel Workers: 10

Heap:
 PSYoungGen      total 27136K, used 25442K [0x00000000eab00000, 0x00000000ecb00000, 0x0000000100000000)
  eden space 25088K, 94% used [0x00000000eab00000,0x00000000ec237c78,0x00000000ec380000)
  from space 2048K, 81% used [0x00000000ec900000,0x00000000ecaa0e70,0x00000000ecb00000)
  to   space 3072K, 0% used [0x00000000ec500000,0x00000000ec500000,0x00000000ec800000)
 ParOldGen       total 68608K, used 10810K [0x00000000c0000000, 0x00000000c4300000, 0x00000000eab00000)
  object space 68608K, 15% used [0x00000000c0000000,0x00000000c0a8ea98,0x00000000c4300000)
 Metaspace       used 27344K, committed 28096K, reserved 1114112K
  class space    used 2830K, committed 3136K, reserved 1048576K

Card table byte_map: [0x0000017b9c830000,0x0000017b9ca40000] _byte_map_base: 0x0000017b9c230000

Marking Bits: (ParMarkBitMap*) 0x00007fff3fc26940
 Begin Bits: [0x0000017baeb30000, 0x0000017bafb30000)
 End Bits:   [0x0000017bafb30000, 0x0000017bb0b30000)

Polling page: 0x0000017b9ae20000

Metaspace:

Usage:
  Non-class:     23.94 MB used.
      Class:      2.76 MB used.
       Both:     26.70 MB used.

Virtual space:
  Non-class space:       64.00 MB reserved,      24.38 MB ( 38%) committed,  1 nodes.
      Class space:        1.00 GB reserved,       3.06 MB ( <1%) committed,  1 nodes.
             Both:        1.06 GB reserved,      27.44 MB (  3%) committed. 

Chunk freelists:
   Non-Class:  7.61 MB
       Class:  12.93 MB
        Both:  20.54 MB

MaxMetaspaceSize: unlimited
CompressedClassSpaceSize: 1.00 GB
Initial GC threshold: 21.00 MB
Current GC threshold: 35.00 MB
CDS: off
MetaspaceReclaimPolicy: balanced
 - commit_granule_bytes: 65536.
 - commit_granule_words: 8192.
 - virtual_space_node_default_size: 8388608.
 - enlarge_chunks_in_place: 1.
 - new_chunks_are_fully_committed: 0.
 - uncommit_free_chunks: 1.
 - use_allocation_guard: 0.
 - handle_deallocations: 1.


Internal statistics:

num_allocs_failed_limit: 3.
num_arena_births: 380.
num_arena_deaths: 0.
num_vsnodes_births: 2.
num_vsnodes_deaths: 0.
num_space_committed: 439.
num_space_uncommitted: 0.
num_chunks_returned_to_freelist: 3.
num_chunks_taken_from_freelist: 1122.
num_chunk_merges: 3.
num_chunk_splits: 727.
num_chunks_enlarged: 499.
num_inconsistent_stats: 0.

CodeHeap 'non-profiled nmethods': size=120000Kb used=1553Kb max_used=1553Kb free=118446Kb
 bounds [0x0000017ba7600000, 0x0000017ba7870000, 0x0000017baeb30000]
CodeHeap 'profiled nmethods': size=120000Kb used=7145Kb max_used=7145Kb free=112854Kb
 bounds [0x0000017b9fb30000, 0x0000017ba0230000, 0x0000017ba7060000]
CodeHeap 'non-nmethods': size=5760Kb used=1231Kb max_used=1267Kb free=4529Kb
 bounds [0x0000017ba7060000, 0x0000017ba72d0000, 0x0000017ba7600000]
 total_blobs=4039 nmethods=3514 adapters=438
 compilation: enabled
              stopped_count=0, restarted_count=0
 full_count=0

Compilation events (20 events):
Event: 1.769 Thread 0x0000017bb5eb4d70 3484       3       java.lang.invoke.Invokers::checkCustomized (23 bytes)
Event: 1.769 Thread 0x0000017bb5eb4d70 nmethod 3484 0x0000017ba021e390 code [0x0000017ba021e540, 0x0000017ba021e708]
Event: 1.772 Thread 0x0000017bb5eb4d70 3485       3       jdk.internal.reflect.AccessorGenerator::sub (5 bytes)
Event: 1.772 Thread 0x0000017bb5eb4d70 nmethod 3485 0x0000017ba021e810 code [0x0000017ba021e9a0, 0x0000017ba021ea98]
Event: 1.772 Thread 0x0000017bb5eb4d70 3486       3       jdk.internal.reflect.ClassFileAssembler::setStack (25 bytes)
Event: 1.772 Thread 0x0000017bb5eb4d70 nmethod 3486 0x0000017ba021eb10 code [0x0000017ba021eca0, 0x0000017ba021edf8]
Event: 1.773 Thread 0x0000017bb5eb4d70 3487       3       jdk.internal.reflect.ClassFileAssembler::emitConstantPoolMethodref (28 bytes)
Event: 1.773 Thread 0x0000017bb6119cc0 3488       4       jdk.internal.reflect.ClassFileAssembler::emitByte (11 bytes)
Event: 1.773 Thread 0x0000017bb5eb4d70 nmethod 3487 0x0000017ba021ee90 code [0x0000017ba021f0c0, 0x0000017ba021f748]
Event: 1.774 Thread 0x0000017bb6119cc0 nmethod 3488 0x0000017ba7782310 code [0x0000017ba77824a0, 0x0000017ba77825e8]
Event: 1.774 Thread 0x0000017bb5eb4d70 3489       3       jdk.internal.reflect.ClassFileAssembler::emitConstantPoolNameAndType (28 bytes)
Event: 1.775 Thread 0x0000017bb5eb4d70 nmethod 3489 0x0000017ba021fb10 code [0x0000017ba021fd40, 0x0000017ba02203c8]
Event: 1.775 Thread 0x0000017bb5eb4d70 3490       1       jdk.internal.reflect.ClassFileAssembler::getStack (5 bytes)
Event: 1.775 Thread 0x0000017bb5eb4d70 nmethod 3490 0x0000017ba7782790 code [0x0000017ba7782920, 0x0000017ba77829f8]
Event: 1.963 Thread 0x0000017bb5eb4d70 3491       3       java.util.concurrent.Semaphore$NonfairSync::tryAcquireShared (6 bytes)
Event: 1.963 Thread 0x0000017bb5eb4d70 nmethod 3491 0x0000017ba0220790 code [0x0000017ba0220920, 0x0000017ba0220a68]
Event: 1.963 Thread 0x0000017bb5eb4d70 3492       3       java.util.concurrent.Semaphore$Sync::nonfairTryAcquireShared (27 bytes)
Event: 1.963 Thread 0x0000017bb5eb4d70 nmethod 3492 0x0000017ba0220b10 code [0x0000017ba0220cc0, 0x0000017ba0220f28]
Event: 2.521 Thread 0x0000017bb5eb4d70 3493       3       jdk.internal.misc.Unsafe::weakCompareAndSetReference (11 bytes)
Event: 2.521 Thread 0x0000017bb5eb4d70 nmethod 3493 0x0000017ba0221010 code [0x0000017ba02211a0, 0x0000017ba02212d8]

GC Heap History (14 events):
Event: 0.501 GC heap before
{Heap before GC invocations=1 (full 0):
 PSYoungGen      total 29696K, used 25600K [0x00000000eab00000, 0x00000000ecc00000, 0x0000000100000000)
  eden space 25600K, 100% used [0x00000000eab00000,0x00000000ec400000,0x00000000ec400000)
  from space 4096K, 0% used [0x00000000ec800000,0x00000000ec800000,0x00000000ecc00000)
  to   space 4096K, 0% used [0x00000000ec400000,0x00000000ec400000,0x00000000ec800000)
 ParOldGen       total 68608K, used 0K [0x00000000c0000000, 0x00000000c4300000, 0x00000000eab00000)
  object space 68608K, 0% used [0x00000000c0000000,0x00000000c0000000,0x00000000c4300000)
 Metaspace       used 10945K, committed 11072K, reserved 1114112K
  class space    used 1090K, committed 1152K, reserved 1048576K
}
Event: 0.505 GC heap after
{Heap after GC invocations=1 (full 0):
 PSYoungGen      total 29696K, used 3166K [0x00000000eab00000, 0x00000000ecc00000, 0x0000000100000000)
  eden space 25600K, 0% used [0x00000000eab00000,0x00000000eab00000,0x00000000ec400000)
  from space 4096K, 77% used [0x00000000ec400000,0x00000000ec717970,0x00000000ec800000)
  to   space 4096K, 0% used [0x00000000ec800000,0x00000000ec800000,0x00000000ecc00000)
 ParOldGen       total 68608K, used 16K [0x00000000c0000000, 0x00000000c4300000, 0x00000000eab00000)
  object space 68608K, 0% used [0x00000000c0000000,0x00000000c0004000,0x00000000c4300000)
 Metaspace       used 10945K, committed 11072K, reserved 1114112K
  class space    used 1090K, committed 1152K, reserved 1048576K
}
Event: 0.761 GC heap before
{Heap before GC invocations=2 (full 0):
 PSYoungGen      total 29696K, used 28766K [0x00000000eab00000, 0x00000000ecc00000, 0x0000000100000000)
  eden space 25600K, 100% used [0x00000000eab00000,0x00000000ec400000,0x00000000ec400000)
  from space 4096K, 77% used [0x00000000ec400000,0x00000000ec717970,0x00000000ec800000)
  to   space 4096K, 0% used [0x00000000ec800000,0x00000000ec800000,0x00000000ecc00000)
 ParOldGen       total 68608K, used 16K [0x00000000c0000000, 0x00000000c4300000, 0x00000000eab00000)
  object space 68608K, 0% used [0x00000000c0000000,0x00000000c0004000,0x00000000c4300000)
 Metaspace       used 14387K, committed 14592K, reserved 1114112K
  class space    used 1444K, committed 1536K, reserved 1048576K
}
Event: 0.764 GC heap after
{Heap after GC invocations=2 (full 0):
 PSYoungGen      total 29696K, used 4084K [0x00000000eab00000, 0x00000000ecc00000, 0x0000000100000000)
  eden space 25600K, 0% used [0x00000000eab00000,0x00000000eab00000,0x00000000ec400000)
  from space 4096K, 99% used [0x00000000ec800000,0x00000000ecbfd1c8,0x00000000ecc00000)
  to   space 4096K, 0% used [0x00000000ec400000,0x00000000ec400000,0x00000000ec800000)
 ParOldGen       total 68608K, used 1570K [0x00000000c0000000, 0x00000000c4300000, 0x00000000eab00000)
  object space 68608K, 2% used [0x00000000c0000000,0x00000000c0188b80,0x00000000c4300000)
 Metaspace       used 14387K, committed 14592K, reserved 1114112K
  class space    used 1444K, committed 1536K, reserved 1048576K
}
Event: 1.015 GC heap before
{Heap before GC invocations=3 (full 0):
 PSYoungGen      total 29696K, used 29684K [0x00000000eab00000, 0x00000000ecc00000, 0x0000000100000000)
  eden space 25600K, 100% used [0x00000000eab00000,0x00000000ec400000,0x00000000ec400000)
  from space 4096K, 99% used [0x00000000ec800000,0x00000000ecbfd1c8,0x00000000ecc00000)
  to   space 4096K, 0% used [0x00000000ec400000,0x00000000ec400000,0x00000000ec800000)
 ParOldGen       total 68608K, used 1570K [0x00000000c0000000, 0x00000000c4300000, 0x00000000eab00000)
  object space 68608K, 2% used [0x00000000c0000000,0x00000000c0188b80,0x00000000c4300000)
 Metaspace       used 16097K, committed 16320K, reserved 1114112K
  class space    used 1631K, committed 1728K, reserved 1048576K
}
Event: 1.020 GC heap after
{Heap after GC invocations=3 (full 0):
 PSYoungGen      total 29696K, used 4067K [0x00000000eab00000, 0x00000000ecc00000, 0x0000000100000000)
  eden space 25600K, 0% used [0x00000000eab00000,0x00000000eab00000,0x00000000ec400000)
  from space 4096K, 99% used [0x00000000ec400000,0x00000000ec7f8fd0,0x00000000ec800000)
  to   space 4096K, 0% used [0x00000000ec800000,0x00000000ec800000,0x00000000ecc00000)
 ParOldGen       total 68608K, used 5508K [0x00000000c0000000, 0x00000000c4300000, 0x00000000eab00000)
  object space 68608K, 8% used [0x00000000c0000000,0x00000000c05613c0,0x00000000c4300000)
 Metaspace       used 16097K, committed 16320K, reserved 1114112K
  class space    used 1631K, committed 1728K, reserved 1048576K
}
Event: 1.240 GC heap before
{Heap before GC invocations=4 (full 0):
 PSYoungGen      total 29696K, used 29667K [0x00000000eab00000, 0x00000000ecc00000, 0x0000000100000000)
  eden space 25600K, 100% used [0x00000000eab00000,0x00000000ec400000,0x00000000ec400000)
  from space 4096K, 99% used [0x00000000ec400000,0x00000000ec7f8fd0,0x00000000ec800000)
  to   space 4096K, 0% used [0x00000000ec800000,0x00000000ec800000,0x00000000ecc00000)
 ParOldGen       total 68608K, used 5508K [0x00000000c0000000, 0x00000000c4300000, 0x00000000eab00000)
  object space 68608K, 8% used [0x00000000c0000000,0x00000000c05613c0,0x00000000c4300000)
 Metaspace       used 19450K, committed 19840K, reserved 1114112K
  class space    used 1990K, committed 2176K, reserved 1048576K
}
Event: 1.243 GC heap after
{Heap after GC invocations=4 (full 0):
 PSYoungGen      total 29696K, used 4074K [0x00000000eab00000, 0x00000000ecc00000, 0x0000000100000000)
  eden space 25600K, 0% used [0x00000000eab00000,0x00000000eab00000,0x00000000ec400000)
  from space 4096K, 99% used [0x00000000ec800000,0x00000000ecbfa9b0,0x00000000ecc00000)
  to   space 4096K, 0% used [0x00000000ec400000,0x00000000ec400000,0x00000000ec800000)
 ParOldGen       total 68608K, used 6627K [0x00000000c0000000, 0x00000000c4300000, 0x00000000eab00000)
  object space 68608K, 9% used [0x00000000c0000000,0x00000000c0678ff0,0x00000000c4300000)
 Metaspace       used 19450K, committed 19840K, reserved 1114112K
  class space    used 1990K, committed 2176K, reserved 1048576K
}
Event: 1.329 GC heap before
{Heap before GC invocations=5 (full 0):
 PSYoungGen      total 29696K, used 13818K [0x00000000eab00000, 0x00000000ecc00000, 0x0000000100000000)
  eden space 25600K, 38% used [0x00000000eab00000,0x00000000eb483e98,0x00000000ec400000)
  from space 4096K, 99% used [0x00000000ec800000,0x00000000ecbfa9b0,0x00000000ecc00000)
  to   space 4096K, 0% used [0x00000000ec400000,0x00000000ec400000,0x00000000ec800000)
 ParOldGen       total 68608K, used 6627K [0x00000000c0000000, 0x00000000c4300000, 0x00000000eab00000)
  object space 68608K, 9% used [0x00000000c0000000,0x00000000c0678ff0,0x00000000c4300000)
 Metaspace       used 21056K, committed 21504K, reserved 1114112K
  class space    used 2128K, committed 2368K, reserved 1048576K
}
Event: 1.331 GC heap after
{Heap after GC invocations=5 (full 0):
 PSYoungGen      total 29696K, used 4091K [0x00000000eab00000, 0x00000000ece00000, 0x0000000100000000)
  eden space 25600K, 0% used [0x00000000eab00000,0x00000000eab00000,0x00000000ec400000)
  from space 4096K, 99% used [0x00000000ec400000,0x00000000ec7fed48,0x00000000ec800000)
  to   space 5120K, 0% used [0x00000000ec900000,0x00000000ec900000,0x00000000ece00000)
 ParOldGen       total 68608K, used 7056K [0x00000000c0000000, 0x00000000c4300000, 0x00000000eab00000)
  object space 68608K, 10% used [0x00000000c0000000,0x00000000c06e43f0,0x00000000c4300000)
 Metaspace       used 21056K, committed 21504K, reserved 1114112K
  class space    used 2128K, committed 2368K, reserved 1048576K
}
Event: 1.331 GC heap before
{Heap before GC invocations=6 (full 1):
 PSYoungGen      total 29696K, used 4091K [0x00000000eab00000, 0x00000000ece00000, 0x0000000100000000)
  eden space 25600K, 0% used [0x00000000eab00000,0x00000000eab00000,0x00000000ec400000)
  from space 4096K, 99% used [0x00000000ec400000,0x00000000ec7fed48,0x00000000ec800000)
  to   space 5120K, 0% used [0x00000000ec900000,0x00000000ec900000,0x00000000ece00000)
 ParOldGen       total 68608K, used 7056K [0x00000000c0000000, 0x00000000c4300000, 0x00000000eab00000)
  object space 68608K, 10% used [0x00000000c0000000,0x00000000c06e43f0,0x00000000c4300000)
 Metaspace       used 21056K, committed 21504K, reserved 1114112K
  class space    used 2128K, committed 2368K, reserved 1048576K
}
Event: 1.345 GC heap after
{Heap after GC invocations=6 (full 1):
 PSYoungGen      total 29696K, used 0K [0x00000000eab00000, 0x00000000ece00000, 0x0000000100000000)
  eden space 25600K, 0% used [0x00000000eab00000,0x00000000eab00000,0x00000000ec400000)
  from space 4096K, 0% used [0x00000000ec400000,0x00000000ec400000,0x00000000ec800000)
  to   space 5120K, 0% used [0x00000000ec900000,0x00000000ec900000,0x00000000ece00000)
 ParOldGen       total 68608K, used 10802K [0x00000000c0000000, 0x00000000c4300000, 0x00000000eab00000)
  object space 68608K, 15% used [0x00000000c0000000,0x00000000c0a8ca98,0x00000000c4300000)
 Metaspace       used 21056K, committed 21504K, reserved 1114112K
  class space    used 2128K, committed 2368K, reserved 1048576K
}
Event: 1.595 GC heap before
{Heap before GC invocations=7 (full 1):
 PSYoungGen      total 29696K, used 25600K [0x00000000eab00000, 0x00000000ece00000, 0x0000000100000000)
  eden space 25600K, 100% used [0x00000000eab00000,0x00000000ec400000,0x00000000ec400000)
  from space 4096K, 0% used [0x00000000ec400000,0x00000000ec400000,0x00000000ec800000)
  to   space 5120K, 0% used [0x00000000ec900000,0x00000000ec900000,0x00000000ece00000)
 ParOldGen       total 68608K, used 10802K [0x00000000c0000000, 0x00000000c4300000, 0x00000000eab00000)
  object space 68608K, 15% used [0x00000000c0000000,0x00000000c0a8ca98,0x00000000c4300000)
 Metaspace       used 24893K, committed 25472K, reserved 1114112K
  class space    used 2538K, committed 2752K, reserved 1048576K
}
Event: 1.597 GC heap after
{Heap after GC invocations=7 (full 1):
 PSYoungGen      total 27136K, used 1667K [0x00000000eab00000, 0x00000000ecb00000, 0x0000000100000000)
  eden space 25088K, 0% used [0x00000000eab00000,0x00000000eab00000,0x00000000ec380000)
  from space 2048K, 81% used [0x00000000ec900000,0x00000000ecaa0e70,0x00000000ecb00000)
  to   space 3072K, 0% used [0x00000000ec500000,0x00000000ec500000,0x00000000ec800000)
 ParOldGen       total 68608K, used 10810K [0x00000000c0000000, 0x00000000c4300000, 0x00000000eab00000)
  object space 68608K, 15% used [0x00000000c0000000,0x00000000c0a8ea98,0x00000000c4300000)
 Metaspace       used 24893K, committed 25472K, reserved 1114112K
  class space    used 2538K, committed 2752K, reserved 1048576K
}

Dll operation events (10 events):
Event: 0.011 Loaded shared library c:\Users\HP\.vscode\extensions\redhat.java-1.38.0-win32-x64\jre\17.0.13-win32-x86_64\bin\java.dll
Event: 0.107 Loaded shared library c:\Users\HP\.vscode\extensions\redhat.java-1.38.0-win32-x64\jre\17.0.13-win32-x86_64\bin\zip.dll
Event: 0.109 Loaded shared library C:\Users\HP\.vscode\extensions\redhat.java-1.38.0-win32-x64\jre\17.0.13-win32-x86_64\bin\instrument.dll
Event: 0.118 Loaded shared library C:\Users\HP\.vscode\extensions\redhat.java-1.38.0-win32-x64\jre\17.0.13-win32-x86_64\bin\net.dll
Event: 0.120 Loaded shared library C:\Users\HP\.vscode\extensions\redhat.java-1.38.0-win32-x64\jre\17.0.13-win32-x86_64\bin\nio.dll
Event: 0.124 Loaded shared library C:\Users\HP\.vscode\extensions\redhat.java-1.38.0-win32-x64\jre\17.0.13-win32-x86_64\bin\zip.dll
Event: 0.146 Loaded shared library C:\Users\HP\.vscode\extensions\redhat.java-1.38.0-win32-x64\jre\17.0.13-win32-x86_64\bin\jimage.dll
Event: 0.200 Loaded shared library c:\Users\HP\.vscode\extensions\redhat.java-1.38.0-win32-x64\jre\17.0.13-win32-x86_64\bin\verify.dll
Event: 0.733 Loaded shared library C:\Users\HP\AppData\Roaming\Code\User\globalStorage\redhat.java\1.38.0\config_win\org.eclipse.equinox.launcher\org.eclipse.equinox.launcher.win32.win32.x86_64_1.2.1100.v20240722-2106\eclipse_11904.dll
Event: 1.501 Loaded shared library C:\Users\HP\AppData\Local\Temp\jna-2312\jna10760364429912172310.dll

Deoptimization events (20 events):
Event: 1.598 Thread 0x0000017bb5ea6ed0 DEOPT PACKING pc=0x0000017ba772e33c sp=0x00000004bd1f2810
Event: 1.598 Thread 0x0000017bb5ea6ed0 DEOPT UNPACKING pc=0x0000017ba70b9ea3 sp=0x00000004bd1f27a8 mode 2
Event: 1.697 Thread 0x0000017bb5ea6ed0 DEOPT PACKING pc=0x0000017b9fbefdb8 sp=0x00000004bd1f1590
Event: 1.697 Thread 0x0000017bb5ea6ed0 DEOPT UNPACKING pc=0x0000017ba70ba9e3 sp=0x00000004bd1f0a10 mode 0
Event: 1.719 Thread 0x0000017bb5ea6ed0 Uncommon trap: trap_request=0xffffff45 fr.pc=0x0000017ba761c0b0 relative=0x0000000000000390
Event: 1.719 Thread 0x0000017bb5ea6ed0 Uncommon trap: reason=unstable_if action=reinterpret pc=0x0000017ba761c0b0 method=java.lang.StringLatin1.canEncode(I)Z @ 4 c2
Event: 1.719 Thread 0x0000017bb5ea6ed0 DEOPT PACKING pc=0x0000017ba761c0b0 sp=0x00000004bd1f2a60
Event: 1.719 Thread 0x0000017bb5ea6ed0 DEOPT UNPACKING pc=0x0000017ba70b9ea3 sp=0x00000004bd1f2988 mode 2
Event: 1.719 Thread 0x0000017bb5ea6ed0 Uncommon trap: trap_request=0xffffff45 fr.pc=0x0000017ba764460c relative=0x000000000000036c
Event: 1.719 Thread 0x0000017bb5ea6ed0 Uncommon trap: reason=unstable_if action=reinterpret pc=0x0000017ba764460c method=java.lang.AbstractStringBuilder.isLatin1()Z @ 10 c2
Event: 1.719 Thread 0x0000017bb5ea6ed0 DEOPT PACKING pc=0x0000017ba764460c sp=0x00000004bd1f2a70
Event: 1.719 Thread 0x0000017bb5ea6ed0 DEOPT UNPACKING pc=0x0000017ba70b9ea3 sp=0x00000004bd1f29f0 mode 2
Event: 1.720 Thread 0x0000017bb5ea6ed0 Uncommon trap: trap_request=0xffffff45 fr.pc=0x0000017ba765e4dc relative=0x000000000000005c
Event: 1.720 Thread 0x0000017bb5ea6ed0 Uncommon trap: reason=unstable_if action=reinterpret pc=0x0000017ba765e4dc method=java.lang.AbstractStringBuilder.isLatin1()Z @ 10 c2
Event: 1.720 Thread 0x0000017bb5ea6ed0 DEOPT PACKING pc=0x0000017ba765e4dc sp=0x00000004bd1f2a50
Event: 1.720 Thread 0x0000017bb5ea6ed0 DEOPT UNPACKING pc=0x0000017ba70b9ea3 sp=0x00000004bd1f29e0 mode 2
Event: 1.723 Thread 0x0000017bb5ea6ed0 Uncommon trap: trap_request=0xffffff45 fr.pc=0x0000017ba7625c38 relative=0x0000000000000038
Event: 1.723 Thread 0x0000017bb5ea6ed0 Uncommon trap: reason=unstable_if action=reinterpret pc=0x0000017ba7625c38 method=java.lang.StringLatin1.canEncode(I)Z @ 4 c2
Event: 1.723 Thread 0x0000017bb5ea6ed0 DEOPT PACKING pc=0x0000017ba7625c38 sp=0x00000004bd1f29f0
Event: 1.723 Thread 0x0000017bb5ea6ed0 DEOPT UNPACKING pc=0x0000017ba70b9ea3 sp=0x00000004bd1f2980 mode 2

Classes loaded (20 events):
Event: 1.770 Loading class jdk/internal/reflect/UnsafeQualifiedStaticLongFieldAccessorImpl
Event: 1.770 Loading class jdk/internal/reflect/UnsafeQualifiedStaticLongFieldAccessorImpl done
Event: 1.771 Loading class jdk/internal/reflect/SerializationConstructorAccessorImpl
Event: 1.771 Loading class jdk/internal/reflect/SerializationConstructorAccessorImpl done
Event: 1.771 Loading class java/io/ClassCache$CacheRef
Event: 1.771 Loading class java/io/ClassCache$CacheRef done
Event: 1.771 Loading class java/io/ObjectStreamClass$FieldReflectorKey
Event: 1.771 Loading class java/io/ObjectStreamClass$FieldReflectorKey done
Event: 1.771 Loading class java/io/ObjectStreamClass$FieldReflector
Event: 1.772 Loading class java/io/ObjectStreamClass$FieldReflector done
Event: 1.772 Loading class java/io/ObjectStreamClass$ClassDataSlot
Event: 1.773 Loading class java/io/ObjectStreamClass$ClassDataSlot done
Event: 1.773 Loading class java/io/ObjectInputStream$FieldValues
Event: 1.773 Loading class java/io/ObjectInputStream$GetField
Event: 1.773 Loading class java/io/ObjectInputStream$GetField done
Event: 1.773 Loading class java/io/ObjectInputStream$FieldValues done
Event: 1.773 Loading class java/io/SerialCallbackContext
Event: 1.774 Loading class java/io/SerialCallbackContext done
Event: 1.774 Loading class java/util/HashMap$UnsafeHolder
Event: 1.774 Loading class java/util/HashMap$UnsafeHolder done

Classes unloaded (0 events):
No events

Classes redefined (0 events):
No events

Internal exceptions (20 events):
Event: 1.366 Thread 0x0000017bb5ea6ed0 Exception <a 'java/lang/NoSuchMethodError'{0x00000000ead519c8}: 'java.lang.Object java.lang.invoke.DirectMethodHandle$Holder.invokeStatic(java.lang.Object, java.lang.Object, java.lang.Object, java.lang.Object, int)'> (0x00000000ead519c8) 
thrown [s\src\hotspot\share\interpreter\linkResolver.cpp, line 759]
Event: 1.367 Thread 0x0000017bb5ea6ed0 Exception <a 'java/lang/NoSuchMethodError'{0x00000000ead5d9c0}: 'java.lang.Object java.lang.invoke.DelegatingMethodHandle$Holder.reinvoke_L(java.lang.Object, java.lang.Object, java.lang.Object, java.lang.Object, int, int)'> (0x00000000ead5d9c0) 
thrown [s\src\hotspot\share\interpreter\linkResolver.cpp, line 759]
Event: 1.367 Thread 0x0000017bb5ea6ed0 Exception <a 'java/lang/NoSuchMethodError'{0x00000000ead721e0}: 'java.lang.Object java.lang.invoke.Invokers$Holder.invokeExact_MT(java.lang.Object, java.lang.Object, java.lang.Object, java.lang.Object)'> (0x00000000ead721e0) 
thrown [s\src\hotspot\share\interpreter\linkResolver.cpp, line 759]
Event: 1.392 Thread 0x0000017bb5ea6ed0 Exception <a 'java/io/FileNotFoundException'{0x00000000eb008af0}> (0x00000000eb008af0) 
thrown [s\src\hotspot\share\prims\jni.cpp, line 516]
Event: 1.393 Thread 0x0000017bb5ea6ed0 Exception <a 'java/io/FileNotFoundException'{0x00000000eb034120}> (0x00000000eb034120) 
thrown [s\src\hotspot\share\prims\jni.cpp, line 516]
Event: 1.442 Thread 0x0000017bb5ea6ed0 Exception <a 'java/lang/NoSuchMethodError'{0x00000000eb5f3fd8}: 'java.lang.Object java.lang.invoke.DirectMethodHandle$Holder.invokeStaticInit(java.lang.Object, int)'> (0x00000000eb5f3fd8) 
thrown [s\src\hotspot\share\interpreter\linkResolver.cpp, line 759]
Event: 1.463 Thread 0x0000017bb5ea6ed0 Exception <a 'java/lang/NoSuchMethodError'{0x00000000eb878128}: 'java.lang.Object java.lang.invoke.DirectMethodHandle$Holder.invokeStaticInit(java.lang.Object, int, int, int, int)'> (0x00000000eb878128) 
thrown [s\src\hotspot\share\interpreter\linkResolver.cpp, line 759]
Event: 1.494 Thread 0x0000017bb5ea6ed0 Exception <a 'java/lang/NoSuchMethodError'{0x00000000eb94a110}: 'java.lang.Object java.lang.invoke.DirectMethodHandle$Holder.invokeStaticInit(java.lang.Object, java.lang.Object, int, int, int, int)'> (0x00000000eb94a110) 
thrown [s\src\hotspot\share\interpreter\linkResolver.cpp, line 759]
Event: 1.528 Thread 0x0000017bb5ea6ed0 Exception <a 'java/lang/NoSuchMethodError'{0x00000000ebc67998}: 'java.lang.Object java.lang.invoke.DirectMethodHandle$Holder.invokeSpecial(java.lang.Object, java.lang.Object, java.lang.Object, long, java.lang.Object)'> (0x00000000ebc67998) 
thrown [s\src\hotspot\share\interpreter\linkResolver.cpp, line 759]
Event: 1.529 Thread 0x0000017bb5ea6ed0 Exception <a 'java/lang/NoSuchMethodError'{0x00000000ebc6fb50}: 'java.lang.Object java.lang.invoke.DirectMethodHandle$Holder.newInvokeSpecial(java.lang.Object, java.lang.Object, java.lang.Object, long)'> (0x00000000ebc6fb50) 
thrown [s\src\hotspot\share\interpreter\linkResolver.cpp, line 759]
Event: 1.529 Thread 0x0000017bb5ea6ed0 Exception <a 'java/lang/NoSuchMethodError'{0x00000000ebc74348}: 'java.lang.Object java.lang.invoke.DirectMethodHandle$Holder.invokeSpecial(java.lang.Object, java.lang.Object, java.lang.Object, java.lang.Object, long)'> (0x00000000ebc74348) 
thrown [s\src\hotspot\share\interpreter\linkResolver.cpp, line 759]
Event: 1.529 Thread 0x0000017bb5ea6ed0 Exception <a 'java/lang/NoSuchMethodError'{0x00000000ebc781c0}: 'java.lang.Object java.lang.invoke.Invokers$Holder.linkToTargetMethod(java.lang.Object, java.lang.Object, long, java.lang.Object)'> (0x00000000ebc781c0) 
thrown [s\src\hotspot\share\interpreter\linkResolver.cpp, line 759]
Event: 1.534 Thread 0x0000017bb5ea6ed0 Exception <a 'java/lang/NoSuchMethodError'{0x00000000ebcfc1b0}: 'int java.lang.invoke.DirectMethodHandle$Holder.invokeStaticInit(java.lang.Object, java.lang.Object, java.lang.Object)'> (0x00000000ebcfc1b0) 
thrown [s\src\hotspot\share\interpreter\linkResolver.cpp, line 759]
Event: 1.541 Thread 0x0000017bb5ea6ed0 Exception <a 'java/lang/IncompatibleClassChangeError'{0x00000000ebdb5b30}: Found class java.lang.Object, but interface was expected> (0x00000000ebdb5b30) 
thrown [s\src\hotspot\share\interpreter\linkResolver.cpp, line 826]
Event: 1.543 Thread 0x0000017bb5ea6ed0 Exception <a 'java/lang/NoSuchMethodError'{0x00000000ebdc6350}: 'java.lang.Object java.lang.invoke.DirectMethodHandle$Holder.invokeSpecial(java.lang.Object, java.lang.Object, java.lang.Object, int, java.lang.Object, java.lang.Object)'> (0x00000000ebdc6350) 
thrown [s\src\hotspot\share\interpreter\linkResolver.cpp, line 759]
Event: 1.543 Thread 0x0000017bb5ea6ed0 Exception <a 'java/lang/NoSuchMethodError'{0x00000000ebdceac8}: 'java.lang.Object java.lang.invoke.DirectMethodHandle$Holder.newInvokeSpecial(java.lang.Object, java.lang.Object, java.lang.Object, int, java.lang.Object)'> (0x00000000ebdceac8) 
thrown [s\src\hotspot\share\interpreter\linkResolver.cpp, line 759]
Event: 1.543 Thread 0x0000017bb5ea6ed0 Exception <a 'java/lang/NoSuchMethodError'{0x00000000ebdd2f20}: 'java.lang.Object java.lang.invoke.DirectMethodHandle$Holder.invokeSpecial(java.lang.Object, java.lang.Object, java.lang.Object, java.lang.Object, int, java.lang.Object)'> (0x00000000ebdd2f20) 
thrown [s\src\hotspot\share\interpreter\linkResolver.cpp, line 759]
Event: 1.544 Thread 0x0000017bb84ac0c0 Exception <a 'java/lang/NoSuchMethodError'{0x00000000ebccae18}: 'java.lang.Object java.lang.invoke.DirectMethodHandle$Holder.invokeSpecial(java.lang.Object, java.lang.Object, int, java.lang.Object, java.lang.Object)'> (0x00000000ebccae18) 
thrown [s\src\hotspot\share\interpreter\linkResolver.cpp, line 759]
Event: 1.657 Thread 0x0000017bb5ea6ed0 Exception <a 'java/lang/NoSuchMethodError'{0x00000000eb12b320}: 'java.lang.Object java.lang.invoke.Invokers$Holder.linkToTargetMethod(java.lang.Object, long, java.lang.Object, java.lang.Object)'> (0x00000000eb12b320) 
thrown [s\src\hotspot\share\interpreter\linkResolver.cpp, line 759]
Event: 1.765 Thread 0x0000017bb5ea6ed0 Exception <a 'java/lang/NoSuchMethodError'{0x00000000ebfd6a78}: 'void java.lang.invoke.DirectMethodHandle$Holder.invokeSpecial(java.lang.Object, java.lang.Object, java.lang.Object, int)'> (0x00000000ebfd6a78) 
thrown [s\src\hotspot\share\interpreter\linkResolver.cpp, line 759]

VM Operations (20 events):
Event: 1.400 Executing VM operation: HandshakeAllThreads done
Event: 1.447 Executing VM operation: HandshakeAllThreads
Event: 1.447 Executing VM operation: HandshakeAllThreads done
Event: 1.470 Executing VM operation: HandshakeAllThreads
Event: 1.470 Executing VM operation: HandshakeAllThreads done
Event: 1.492 Executing VM operation: HandshakeAllThreads
Event: 1.492 Executing VM operation: HandshakeAllThreads done
Event: 1.506 Executing VM operation: HandshakeAllThreads
Event: 1.506 Executing VM operation: HandshakeAllThreads done
Event: 1.574 Executing VM operation: HandshakeAllThreads
Event: 1.574 Executing VM operation: HandshakeAllThreads done
Event: 1.574 Executing VM operation: HandshakeAllThreads
Event: 1.574 Executing VM operation: HandshakeAllThreads done
Event: 1.594 Executing VM operation: ParallelGCFailedAllocation
Event: 1.597 Executing VM operation: ParallelGCFailedAllocation done
Event: 1.598 Executing VM operation: HandshakeAllThreads
Event: 1.598 Executing VM operation: HandshakeAllThreads done
Event: 1.603 Executing VM operation: HandshakeAllThreads
Event: 1.603 Executing VM operation: HandshakeAllThreads done
Event: 2.603 Executing VM operation: Cleanup

Memory protections (0 events):
No events

Nmethod flushes (0 events):
No events

Events (20 events):
Event: 0.049 Thread 0x0000017b9ce9e740 Thread added: 0x0000017bb5ea69c0
Event: 0.049 Thread 0x0000017b9ce9e740 Thread added: 0x0000017bb5ea7e00
Event: 0.049 Thread 0x0000017b9ce9e740 Thread added: 0x0000017bb5eb30a0
Event: 0.049 Thread 0x0000017b9ce9e740 Thread added: 0x0000017bb5eb4d70
Event: 0.049 Thread 0x0000017b9ce9e740 Thread added: 0x0000017bb0d29f80
Event: 0.086 Thread 0x0000017b9ce9e740 Thread added: 0x0000017bb5ea8d30
Event: 0.101 Thread 0x0000017bb5eb4d70 Thread added: 0x0000017bb6029b90
Event: 0.247 Thread 0x0000017b9ce9e740 Thread added: 0x0000017bb5ea9240
Event: 0.291 Thread 0x0000017bb6029b90 Thread added: 0x0000017bb6119cc0
Event: 0.640 Thread 0x0000017b9ce9e740 Thread added: 0x0000017bb5ea8820
Event: 0.730 Thread 0x0000017b9ce9e740 Thread added: 0x0000017bb5ea5a90
Event: 0.749 Thread 0x0000017bb5ea5a90 Thread added: 0x0000017bb5ea8310
Event: 0.751 Thread 0x0000017b9ce9e740 Thread added: 0x0000017bb5ea6ed0
Event: 0.932 Thread 0x0000017bb5ea6ed0 Thread added: 0x0000017bb5ea5fa0
Event: 1.051 Thread 0x0000017bb5ea6ed0 Thread added: 0x0000017bb5ea64b0
Event: 1.102 Thread 0x0000017bb5ea6ed0 Thread added: 0x0000017bb5ea73e0
Event: 1.311 Thread 0x0000017bb5ea6ed0 Thread added: 0x0000017bb84ab190
Event: 1.514 Thread 0x0000017bb5ea6ed0 Thread added: 0x0000017bb84a9840
Event: 1.531 Thread 0x0000017bb5ea6ed0 Thread added: 0x0000017bb84ac0c0
Event: 1.544 Thread 0x0000017bb5ea6ed0 Thread added: 0x0000017bb84a9d50


Dynamic libraries:
0x00007ff70f050000 - 0x00007ff70f05e000 	c:\Users\HP\.vscode\extensions\redhat.java-1.38.0-win32-x64\jre\17.0.13-win32-x86_64\bin\java.exe
0x00007fffea340000 - 0x00007fffea5a3000 	C:\WINDOWS\SYSTEM32\ntdll.dll
0x00007fffe9620000 - 0x00007fffe96e8000 	C:\WINDOWS\System32\KERNEL32.DLL
0x00007fffe7740000 - 0x00007fffe7af2000 	C:\WINDOWS\System32\KERNELBASE.dll
0x00007fffe8050000 - 0x00007fffe819b000 	C:\WINDOWS\System32\ucrtbase.dll
0x00007fff7a1e0000 - 0x00007fff7a1fe000 	c:\Users\HP\.vscode\extensions\redhat.java-1.38.0-win32-x64\jre\17.0.13-win32-x86_64\bin\VCRUNTIME140.dll
0x00007fffa7ed0000 - 0x00007fffa7ee7000 	c:\Users\HP\.vscode\extensions\redhat.java-1.38.0-win32-x64\jre\17.0.13-win32-x86_64\bin\jli.dll
0x00007fffe92b0000 - 0x00007fffe9478000 	C:\WINDOWS\System32\USER32.dll
0x00007fffe7710000 - 0x00007fffe7737000 	C:\WINDOWS\System32\win32u.dll
0x00007fffbd760000 - 0x00007fffbd9f0000 	C:\WINDOWS\WinSxS\amd64_microsoft.windows.common-controls_6595b64144ccf1df_6.0.26100.2454_none_3e0b68a2e331ad60\COMCTL32.dll
0x00007fffea2d0000 - 0x00007fffea2fa000 	C:\WINDOWS\System32\GDI32.dll
0x00007fffe99b0000 - 0x00007fffe9a59000 	C:\WINDOWS\System32\msvcrt.dll
0x00007fffe7e80000 - 0x00007fffe7fab000 	C:\WINDOWS\System32\gdi32full.dll
0x00007fffe7c80000 - 0x00007fffe7d23000 	C:\WINDOWS\System32\msvcp_win.dll
0x00007fffe9500000 - 0x00007fffe952f000 	C:\WINDOWS\System32\IMM32.DLL
0x00007fffa7ec0000 - 0x00007fffa7ecc000 	c:\Users\HP\.vscode\extensions\redhat.java-1.38.0-win32-x64\jre\17.0.13-win32-x86_64\bin\vcruntime140_1.dll
0x00007fff54e80000 - 0x00007fff54f0d000 	c:\Users\HP\.vscode\extensions\redhat.java-1.38.0-win32-x64\jre\17.0.13-win32-x86_64\bin\msvcp140.dll
0x00007fff3f080000 - 0x00007fff3fceb000 	c:\Users\HP\.vscode\extensions\redhat.java-1.38.0-win32-x64\jre\17.0.13-win32-x86_64\bin\server\jvm.dll
0x00007fffe9850000 - 0x00007fffe9904000 	C:\WINDOWS\System32\ADVAPI32.dll
0x00007fffe9030000 - 0x00007fffe90d6000 	C:\WINDOWS\System32\sechost.dll
0x00007fffe8210000 - 0x00007fffe8326000 	C:\WINDOWS\System32\RPCRT4.dll
0x00007fffea220000 - 0x00007fffea294000 	C:\WINDOWS\System32\WS2_32.dll
0x00007fffe63c0000 - 0x00007fffe640e000 	C:\WINDOWS\SYSTEM32\POWRPROF.dll
0x00007fffdb260000 - 0x00007fffdb296000 	C:\WINDOWS\SYSTEM32\WINMM.dll
0x00007fffd5040000 - 0x00007fffd504b000 	C:\WINDOWS\SYSTEM32\VERSION.dll
0x00007fffe63a0000 - 0x00007fffe63b4000 	C:\WINDOWS\SYSTEM32\UMPDC.dll
0x00007fffe6660000 - 0x00007fffe667a000 	C:\WINDOWS\SYSTEM32\kernel.appcore.dll
0x00007fffa06e0000 - 0x00007fffa06ea000 	c:\Users\HP\.vscode\extensions\redhat.java-1.38.0-win32-x64\jre\17.0.13-win32-x86_64\bin\jimage.dll
0x00007fffe50a0000 - 0x00007fffe52e1000 	C:\WINDOWS\SYSTEM32\DBGHELP.DLL
0x00007fffe8660000 - 0x00007fffe89de000 	C:\WINDOWS\System32\combase.dll
0x00007fffe89f0000 - 0x00007fffe8ac6000 	C:\WINDOWS\System32\OLEAUT32.dll
0x00007fffba240000 - 0x00007fffba279000 	C:\WINDOWS\SYSTEM32\dbgcore.DLL
0x00007fffe7fb0000 - 0x00007fffe8049000 	C:\WINDOWS\System32\bcryptPrimitives.dll
0x00007fffce630000 - 0x00007fffce63e000 	c:\Users\HP\.vscode\extensions\redhat.java-1.38.0-win32-x64\jre\17.0.13-win32-x86_64\bin\instrument.dll
0x00007fff79cc0000 - 0x00007fff79ce5000 	c:\Users\HP\.vscode\extensions\redhat.java-1.38.0-win32-x64\jre\17.0.13-win32-x86_64\bin\java.dll
0x00007fff7a1c0000 - 0x00007fff7a1d8000 	c:\Users\HP\.vscode\extensions\redhat.java-1.38.0-win32-x64\jre\17.0.13-win32-x86_64\bin\zip.dll
0x00007fffe9b10000 - 0x00007fffea211000 	C:\WINDOWS\System32\SHELL32.dll
0x00007fffe53e0000 - 0x00007fffe5c11000 	C:\WINDOWS\SYSTEM32\windows.storage.dll
0x00007fffe9540000 - 0x00007fffe961a000 	C:\WINDOWS\System32\SHCORE.dll
0x00007fffe81b0000 - 0x00007fffe820d000 	C:\WINDOWS\System32\shlwapi.dll
0x00007fffe7620000 - 0x00007fffe764e000 	C:\WINDOWS\SYSTEM32\profapi.dll
0x00007fff79f30000 - 0x00007fff79f49000 	C:\Users\HP\.vscode\extensions\redhat.java-1.38.0-win32-x64\jre\17.0.13-win32-x86_64\bin\net.dll
0x00007fffdaac0000 - 0x00007fffdabe6000 	C:\WINDOWS\SYSTEM32\WINHTTP.dll
0x00007fffe6b60000 - 0x00007fffe6bc8000 	C:\WINDOWS\system32\mswsock.dll
0x00007fff79d60000 - 0x00007fff79d76000 	C:\Users\HP\.vscode\extensions\redhat.java-1.38.0-win32-x64\jre\17.0.13-win32-x86_64\bin\nio.dll
0x00007fff95810000 - 0x00007fff95820000 	c:\Users\HP\.vscode\extensions\redhat.java-1.38.0-win32-x64\jre\17.0.13-win32-x86_64\bin\verify.dll
0x00007fff789b0000 - 0x00007fff789f5000 	C:\Users\HP\AppData\Roaming\Code\User\globalStorage\redhat.java\1.38.0\config_win\org.eclipse.equinox.launcher\org.eclipse.equinox.launcher.win32.win32.x86_64_1.2.1100.v20240722-2106\eclipse_11904.dll
0x00007fffe84c0000 - 0x00007fffe8659000 	C:\WINDOWS\System32\ole32.dll
0x00007fffe6e00000 - 0x00007fffe6e1c000 	C:\WINDOWS\SYSTEM32\CRYPTSP.dll
0x00007fffe65c0000 - 0x00007fffe65f8000 	C:\WINDOWS\system32\rsaenh.dll
0x00007fffe6c00000 - 0x00007fffe6c2b000 	C:\WINDOWS\SYSTEM32\USERENV.dll
0x00007fffe7040000 - 0x00007fffe7066000 	C:\WINDOWS\SYSTEM32\bcrypt.dll
0x00007fffe6e20000 - 0x00007fffe6e2c000 	C:\WINDOWS\SYSTEM32\CRYPTBASE.dll
0x00007fffe5f10000 - 0x00007fffe5f42000 	C:\WINDOWS\SYSTEM32\IPHLPAPI.DLL
0x00007fffe81a0000 - 0x00007fffe81aa000 	C:\WINDOWS\System32\NSI.dll
0x00007fffda650000 - 0x00007fffda66e000 	C:\WINDOWS\SYSTEM32\dhcpcsvc6.DLL
0x00007fffda620000 - 0x00007fffda645000 	C:\WINDOWS\SYSTEM32\dhcpcsvc.DLL
0x00007fffe5f70000 - 0x00007fffe6095000 	C:\WINDOWS\SYSTEM32\DNSAPI.dll
0x00007fff75ce0000 - 0x00007fff75d29000 	C:\Users\HP\AppData\Local\Temp\jna-2312\jna10760364429912172310.dll
0x00007fffe99a0000 - 0x00007fffe99a8000 	C:\WINDOWS\System32\PSAPI.DLL

dbghelp: loaded successfully - version: 4.0.5 - missing functions: none
symbol engine: initialized successfully - sym options: 0x614 - pdb path: .;c:\Users\HP\.vscode\extensions\redhat.java-1.38.0-win32-x64\jre\17.0.13-win32-x86_64\bin;C:\WINDOWS\SYSTEM32;C:\WINDOWS\WinSxS\amd64_microsoft.windows.common-controls_6595b64144ccf1df_6.0.26100.2454_none_3e0b68a2e331ad60;c:\Users\HP\.vscode\extensions\redhat.java-1.38.0-win32-x64\jre\17.0.13-win32-x86_64\bin\server;C:\Users\HP\AppData\Roaming\Code\User\globalStorage\redhat.java\1.38.0\config_win\org.eclipse.equinox.launcher\org.eclipse.equinox.launcher.win32.win32.x86_64_1.2.1100.v20240722-2106;C:\Users\HP\AppData\Local\Temp\jna-2312

VM Arguments:
jvm_args: --add-modules=ALL-SYSTEM --add-opens=java.base/java.util=ALL-UNNAMED --add-opens=java.base/java.lang=ALL-UNNAMED --add-opens=java.base/sun.nio.fs=ALL-UNNAMED -Declipse.application=org.eclipse.jdt.ls.core.id1 -Dosgi.bundles.defaultStartLevel=4 -Declipse.product=org.eclipse.jdt.ls.core.product -Djava.import.generatesMetadataFilesAtProjectRoot=false -DDetectVMInstallationsJob.disabled=true -Dfile.encoding=utf8 -XX:+UseParallelGC -XX:GCTimeRatio=4 -XX:AdaptiveSizePolicyWeight=90 -Dsun.zip.disableMemoryMapping=true -Xmx1G -Xms100m -Xlog:disable -javaagent:c:\Users\HP\.vscode\extensions\redhat.java-1.38.0-win32-x64\lombok\lombok-1.18.34.jar -XX:+HeapDumpOnOutOfMemoryError -XX:HeapDumpPath=c:\Users\HP\AppData\Roaming\Code\User\workspaceStorage\3733e045233a5ffff697c38bc414c6f0\redhat.java -Daether.dependencyCollector.impl=bf 
java_command: c:\Users\HP\.vscode\extensions\redhat.java-1.38.0-win32-x64\server\plugins\org.eclipse.equinox.launcher_1.6.900.v20240613-2009.jar -configuration c:\Users\HP\AppData\Roaming\Code\User\globalStorage\redhat.java\1.38.0\config_win -data c:\Users\HP\AppData\Roaming\Code\User\workspaceStorage\3733e045233a5ffff697c38bc414c6f0\redhat.java\jdt_ws --pipe=\\.\pipe\lsp-2a3f4ce62d132a67dbad207ed7640381-sock
java_class_path (initial): c:\Users\HP\.vscode\extensions\redhat.java-1.38.0-win32-x64\server\plugins\org.eclipse.equinox.launcher_1.6.900.v20240613-2009.jar
Launcher Type: SUN_STANDARD

[Global flags]
    uintx AdaptiveSizePolicyWeight                 = 90                                        {product} {command line}
     intx CICompilerCount                          = 4                                         {product} {ergonomic}
    uintx GCTimeRatio                              = 4                                         {product} {command line}
     bool HeapDumpOnOutOfMemoryError               = true                                   {manageable} {command line}
    ccstr HeapDumpPath                             = c:\Users\HP\AppData\Roaming\Code\User\workspaceStorage\3733e045233a5ffff697c38bc414c6f0\redhat.java         {manageable} {command line}
   size_t InitialHeapSize                          = 104857600                                 {product} {command line}
   size_t MaxHeapSize                              = 1073741824                                {product} {command line}
   size_t MaxNewSize                               = 357564416                                 {product} {ergonomic}
   size_t MinHeapDeltaBytes                        = 524288                                    {product} {ergonomic}
   size_t MinHeapSize                              = 104857600                                 {product} {command line}
   size_t NewSize                                  = 34603008                                  {product} {ergonomic}
    uintx NonNMethodCodeHeapSize                   = 5839372                                {pd product} {ergonomic}
    uintx NonProfiledCodeHeapSize                  = 122909434                              {pd product} {ergonomic}
   size_t OldSize                                  = 70254592                                  {product} {ergonomic}
    uintx ProfiledCodeHeapSize                     = 122909434                              {pd product} {ergonomic}
    uintx ReservedCodeCacheSize                    = 251658240                              {pd product} {ergonomic}
     bool SegmentedCodeCache                       = true                                      {product} {ergonomic}
   size_t SoftMaxHeapSize                          = 1073741824                             {manageable} {ergonomic}
     bool UseCompressedClassPointers               = true                           {product lp64_product} {ergonomic}
     bool UseCompressedOops                        = true                           {product lp64_product} {ergonomic}
     bool UseLargePagesIndividualAllocation        = false                                  {pd product} {ergonomic}
     bool UseParallelGC                            = true                                      {product} {command line}

Logging:
Log output configuration:
 #0: stdout all=off uptime,level,tags
 #1: stderr all=off uptime,level,tags

Environment Variables:
JAVA_HOME=C:\Program Files\Zulu\zulu-17\
PATH=C:\Program Files\Zulu\zulu-17\bin\;C:\Users\HP\AppData\Local\Programs\Python\Python312\Scripts\;C:\Users\HP\AppData\Local\Programs\Python\Python312\;C:\windows\system32;C:\windows;C:\windows\System32\Wbem;C:\windows\System32\WindowsPowerShell\v1.0\;C:\windows\System32\OpenSSH\;C:\Program Files (x86)\NVIDIA Corporation\PhysX\Common;C:\Program Files\NVIDIA Corporation\NVIDIA NvDLISR;C:\Program Files\dotnet\;C:\Windows\system32;C:\apache-maven-3.9.4\bin;C:\Program Files\Java\jdk-23;C:\Program Files\Java\jdk-23\bin;C:\Program Files\apache-maven-3.9.4\bin;D:\MinGW\i686-8.1.0-release-posix-dwarf-rt_v6-rev0\mingw32\bin;C:\msys64\mingw64\bin;C:\msys64\ucrt64\bin;C:\Program Files\nodejs\;C:\ProgramData\chocolatey\bin;C:\msys64\ucrt64\include;C:\msys64\ucrt64\;C:\Program Files\HP\HP One Agent;C:\Users\HP\Downloads\2024 08\kotlin-compiler-2.0.20\kotlinc\bin;C:\Users\HP\AppData\Local\Android\Sdk\platform-tools;C:\src\flutter\bin;C:\Program Files\Tesseract-OCR;C:\WINDOWS\system32;C:\WINDOWS;C:\WINDOWS\System32\Wbem;C:\WINDOWS\System32\WindowsPowerShell\v1.0\;C:\WINDOWS\System32\OpenSSH\;C:\Program Files\Zulu\zulu-17\\bin\;C:\Program Files\Docker\Docker\resources\bin;C:\Program Files\Git\cmd;C:\Users\HP\AppData\Local\Microsoft\WindowsApps;C:\Users\HP\AppData\Local\Programs\Microsoft VS Code\bin;C:\Program Files\sf\bin;C:\MinGW\bin;C:\Users\HP\AppData\Roaming\npm;C:\Users\HP\AppData\Local\Pandoc\;C:\Users\HP\Downloads\2024 08\kotlin-compiler-2.0.20\kotlinc\bin;C:\Users\HP\AppData\Local\GitHubDesktop\bin;C:\Program Files\JetBrains\IntelliJ IDEA 2024.2.1\bin;;C:\Program Files\JetBrains\IntelliJ IDEA Community Edition 2024.3\bin;;D:\softwares\neo4j-community-5.26.1\bin;
USERNAME=HP
OS=Windows_NT
PROCESSOR_IDENTIFIER=Intel64 Family 6 Model 141 Stepping 1, GenuineIntel
TMP=C:\Users\HP\AppData\Local\Temp
TEMP=C:\Users\HP\AppData\Local\Temp



Periodic native trim disabled


---------------  S Y S T E M  ---------------

OS:
 Windows 11 , 64 bit Build 26100 (10.0.26100.2454)
OS uptime: 0 days 0:06 hours
Hyper-V role detected

CPU: total 12 (initial active 12) (6 cores per cpu, 2 threads per core) family 6 model 141 stepping 1 microcode 0x50, cx8, cmov, fxsr, ht, mmx, 3dnowpref, sse, sse2, sse3, ssse3, sse4.1, sse4.2, popcnt, lzcnt, tsc, tscinvbit, avx, avx2, aes, erms, clmul, bmi1, bmi2, adx, avx512f, avx512dq, avx512cd, avx512bw, avx512vl, sha, fma, vzeroupper, avx512_vpopcntdq, avx512_vpclmulqdq, avx512_vaes, avx512_vnni, clflush, clflushopt, clwb, avx512_vbmi2, avx512_vbmi, hv
Processor Information for all 12 processors :
  Max Mhz: 2688, Current Mhz: 2688, Mhz Limit: 2688

Memory: 4k page, system-wide physical 16022M (4675M free)
TotalPageFile size 49607M (AvailPageFile size 143M)
current process WorkingSet (physical memory assigned to process): 135M, peak: 136M
current process commit charge ("private bytes"): 241M, peak: 242M

vm_info: OpenJDK 64-Bit Server VM (17.0.13+11) for windows-amd64 JRE (17.0.13+11), built on Oct 16 2024 00:10:08 by "admin" with MS VC++ 17.7 (VS2022)

END.
