#
# There is insufficient memory for the Java Runtime Environment to continue.
# Native memory allocation (malloc) failed to allocate 1108096 bytes. Error detail: Chunk::new
# Possible reasons:
#   The system is out of physical RAM or swap space
#   This process is running with CompressedOops enabled, and the Java Heap may be blocking the growth of the native heap
# Possible solutions:
#   Reduce memory load on the system
#   Increase physical memory or swap space
#   Check if swap backing store is full
#   Decrease Java heap size (-Xmx/-Xms)
#   Decrease number of Java threads
#   Decrease Java thread stack sizes (-Xss)
#   Set larger code cache with -XX:ReservedCodeCacheSize=
#   JVM is running with Unscaled Compressed Oops mode in which the Java heap is
#     placed in the first 4GB address space. The Java Heap base address is the
#     maximum limit for the native heap growth. Please use -XX:HeapBaseMinAddress
#     to set the Java Heap base and to place the Java Heap above 4GB virtual address.
# This output file may be truncated or incomplete.
#
#  Out of Memory Error (arena.cpp:191), pid=13612, tid=16368
#
# JRE version: OpenJDK Runtime Environment Temurin-17.0.13+11 (17.0.13+11) (build 17.0.13+11)
# Java VM: OpenJDK 64-Bit Server VM Temurin-17.0.13+11 (17.0.13+11, mixed mode, tiered, compressed oops, compressed class ptrs, parallel gc, windows-amd64)
# No core dump will be written. Minidumps are not enabled by default on client versions of Windows
#

---------------  S U M M A R Y ------------

Command Line: --add-modules=ALL-SYSTEM --add-opens=java.base/java.util=ALL-UNNAMED --add-opens=java.base/java.lang=ALL-UNNAMED --add-opens=java.base/sun.nio.fs=ALL-UNNAMED -Declipse.application=org.eclipse.jdt.ls.core.id1 -Dosgi.bundles.defaultStartLevel=4 -Declipse.product=org.eclipse.jdt.ls.core.product -Djava.import.generatesMetadataFilesAtProjectRoot=false -DDetectVMInstallationsJob.disabled=true -Dfile.encoding=utf8 -XX:+UseParallelGC -XX:GCTimeRatio=4 -XX:AdaptiveSizePolicyWeight=90 -Dsun.zip.disableMemoryMapping=true -Xmx1G -Xms100m -Xlog:disable -javaagent:c:\Users\HP\.vscode\extensions\redhat.java-1.38.0-win32-x64\lombok\lombok-1.18.34.jar -XX:+HeapDumpOnOutOfMemoryError -XX:HeapDumpPath=c:\Users\HP\AppData\Roaming\Code\User\workspaceStorage\3733e045233a5ffff697c38bc414c6f0\redhat.java -Daether.dependencyCollector.impl=bf c:\Users\HP\.vscode\extensions\redhat.java-1.38.0-win32-x64\server\plugins\org.eclipse.equinox.launcher_1.6.900.v20240613-2009.jar -configuration c:\Users\HP\AppData\Roaming\Code\User\globalStorage\redhat.java\1.38.0\config_win -data c:\Users\HP\AppData\Roaming\Code\User\workspaceStorage\3733e045233a5ffff697c38bc414c6f0\redhat.java\jdt_ws --pipe=\\.\pipe\lsp-862c5135019c75cc5f1e37729045eb16-sock

Host: 11th Gen Intel(R) Core(TM) i5-11400H @ 2.70GHz, 12 cores, 15G,  Windows 11 , 64 bit Build 26100 (10.0.26100.2454)
Time: Sun Jan 19 18:44:35 2025 India Standard Time elapsed time: 4.095197 seconds (0d 0h 0m 4s)

---------------  T H R E A D  ---------------

Current thread (0x000001fbdbd00be0):  JavaThread "C2 CompilerThread2" daemon [_thread_in_native, id=16368, stack(0x0000000f68100000,0x0000000f68200000)]


Current CompileTask:
C2:   4095 4679   !   4       org.eclipse.osgi.internal.loader.classpath.ClasspathManager::findLocalClass (210 bytes)

Stack: [0x0000000f68100000,0x0000000f68200000]
Native frames: (J=compiled Java code, j=interpreted, Vv=VM code, C=native code)
V  [jvm.dll+0x682a19]
V  [jvm.dll+0x839538]
V  [jvm.dll+0x83afe3]
V  [jvm.dll+0x83b653]
V  [jvm.dll+0x24704f]
V  [jvm.dll+0xace34]
V  [jvm.dll+0xad4cc]
V  [jvm.dll+0x2ac84f]
V  [jvm.dll+0x588a79]
V  [jvm.dll+0x220ea2]
V  [jvm.dll+0x22129f]
V  [jvm.dll+0x21a2b0]
V  [jvm.dll+0x21738b]
V  [jvm.dll+0x1a3070]
V  [jvm.dll+0x22788c]
V  [jvm.dll+0x2259eb]
V  [jvm.dll+0x7eec98]
V  [jvm.dll+0x7e8ffc]
V  [jvm.dll+0x6818f7]
C  [ucrtbase.dll+0x14ea0]
C  [KERNEL32.DLL+0x2e8d7]
C  [ntdll.dll+0xdfbcc]


---------------  P R O C E S S  ---------------

Threads class SMR info:
_java_thread_list=0x000001fbde9eaf90, length=44, elements={
0x000001fbc0f1d640, 0x000001fbc0fcd0e0, 0x000001fbd4da7030, 0x000001fbd9ea7010,
0x000001fbd9ea98f0, 0x000001fbd9ead580, 0x000001fbd9eb6290, 0x000001fbd9eb9000,
0x000001fbd9ebacd0, 0x000001fbd9ec3db0, 0x000001fbc0f7e110, 0x000001fbda02d380,
0x000001fbdb64c0b0, 0x000001fbdbd00be0, 0x000001fbdbd53540, 0x000001fbdc7aa4b0,
0x000001fbdc39d0f0, 0x000001fbdc4e6630, 0x000001fbdbc33e20, 0x000001fbdc1edeb0,
0x000001fbdc1eca70, 0x000001fbdc1ed9a0, 0x000001fbdc1ed490, 0x000001fbdc1ef2f0,
0x000001fbdc1ec050, 0x000001fbdc1ef800, 0x000001fbdc1ee3c0, 0x000001fbdc1eede0,
0x000001fbdf61b380, 0x000001fbdf61c7c0, 0x000001fbdf61b890, 0x000001fbdf61bda0,
0x000001fbdf61d6f0, 0x000001fbdf61d1e0, 0x000001fbdf61a960, 0x000001fbdf61c2b0,
0x000001fbdf61ccd0, 0x000001fbdf619f40, 0x000001fbdf61a450, 0x000001fbdf61ae70,
0x000001fbdf22b930, 0x000001fbdf22b420, 0x000001fbdf22c350, 0x000001fbdf22d790
}

Java Threads: ( => current thread )
  0x000001fbc0f1d640 JavaThread "main" [_thread_blocked, id=11408, stack(0x0000000f66b00000,0x0000000f66c00000)]
  0x000001fbc0fcd0e0 JavaThread "Reference Handler" daemon [_thread_blocked, id=20252, stack(0x0000000f66e00000,0x0000000f66f00000)]
  0x000001fbd4da7030 JavaThread "Finalizer" daemon [_thread_blocked, id=4540, stack(0x0000000f66f00000,0x0000000f67000000)]
  0x000001fbd9ea7010 JavaThread "Signal Dispatcher" daemon [_thread_blocked, id=11284, stack(0x0000000f67000000,0x0000000f67100000)]
  0x000001fbd9ea98f0 JavaThread "Attach Listener" daemon [_thread_blocked, id=1464, stack(0x0000000f67100000,0x0000000f67200000)]
  0x000001fbd9ead580 JavaThread "Service Thread" daemon [_thread_blocked, id=8368, stack(0x0000000f67200000,0x0000000f67300000)]
  0x000001fbd9eb6290 JavaThread "Monitor Deflation Thread" daemon [_thread_blocked, id=12012, stack(0x0000000f67300000,0x0000000f67400000)]
  0x000001fbd9eb9000 JavaThread "C2 CompilerThread0" daemon [_thread_in_native, id=21852, stack(0x0000000f67400000,0x0000000f67500000)]
  0x000001fbd9ebacd0 JavaThread "C1 CompilerThread0" daemon [_thread_in_native, id=15788, stack(0x0000000f67500000,0x0000000f67600000)]
  0x000001fbd9ec3db0 JavaThread "Sweeper thread" daemon [_thread_blocked, id=13068, stack(0x0000000f67600000,0x0000000f67700000)]
  0x000001fbc0f7e110 JavaThread "Common-Cleaner" daemon [_thread_blocked, id=17956, stack(0x0000000f67700000,0x0000000f67800000)]
  0x000001fbda02d380 JavaThread "C2 CompilerThread1" daemon [_thread_in_native, id=11840, stack(0x0000000f67800000,0x0000000f67900000)]
  0x000001fbdb64c0b0 JavaThread "Notification Thread" daemon [_thread_blocked, id=20360, stack(0x0000000f67900000,0x0000000f67a00000)]
=>0x000001fbdbd00be0 JavaThread "C2 CompilerThread2" daemon [_thread_in_native, id=16368, stack(0x0000000f68100000,0x0000000f68200000)]
  0x000001fbdbd53540 JavaThread "Active Thread: Equinox Container: 1ce39d2c-15ad-4458-8242-564c9b032045" [_thread_blocked, id=17920, stack(0x0000000f68200000,0x0000000f68300000)]
  0x000001fbdc7aa4b0 JavaThread "Refresh Thread: Equinox Container: 1ce39d2c-15ad-4458-8242-564c9b032045" daemon [_thread_blocked, id=20620, stack(0x0000000f68300000,0x0000000f68400000)]
  0x000001fbdc39d0f0 JavaThread "Framework Event Dispatcher: Equinox Container: 1ce39d2c-15ad-4458-8242-564c9b032045" daemon [_thread_blocked, id=2448, stack(0x0000000f68400000,0x0000000f68500000)]
  0x000001fbdc4e6630 JavaThread "Start Level: Equinox Container: 1ce39d2c-15ad-4458-8242-564c9b032045" daemon [_thread_blocked, id=9052, stack(0x0000000f68500000,0x0000000f68600000)]
  0x000001fbdbc33e20 JavaThread "Bundle File Closer" daemon [_thread_blocked, id=3552, stack(0x0000000f68700000,0x0000000f68800000)]
  0x000001fbdc1edeb0 JavaThread "SCR Component Actor" daemon [_thread_blocked, id=16840, stack(0x0000000f68a00000,0x0000000f68b00000)]
  0x000001fbdc1eca70 JavaThread "SCR Component Registry" daemon [_thread_blocked, id=19460, stack(0x0000000f68b00000,0x0000000f68c00000)]
  0x000001fbdc1ed9a0 JavaThread "Worker-JM" [_thread_blocked, id=4216, stack(0x0000000f68c00000,0x0000000f68d00000)]
  0x000001fbdc1ed490 JavaThread "JNA Cleaner" daemon [_thread_blocked, id=5688, stack(0x0000000f68d00000,0x0000000f68e00000)]
  0x000001fbdc1ef2f0 JavaThread "Worker-0: Initialize After Load" [_thread_blocked, id=22220, stack(0x0000000f68e00000,0x0000000f68f00000)]
  0x000001fbdc1ec050 JavaThread "Worker-1: Refreshing workspace" [_thread_in_Java, id=21640, stack(0x0000000f68f00000,0x0000000f69000000)]
  0x000001fbdc1ef800 JavaThread "Worker-2" [_thread_blocked, id=8096, stack(0x0000000f69000000,0x0000000f69100000)]
  0x000001fbdc1ee3c0 JavaThread "Java indexing" daemon [_thread_blocked, id=9932, stack(0x0000000f69100000,0x0000000f69200000)]
  0x000001fbdc1eede0 JavaThread "Worker-3: Repository registry initialization" [_thread_in_native, id=12152, stack(0x0000000f69400000,0x0000000f69500000)]
  0x000001fbdf61b380 JavaThread "Thread-2" daemon [_thread_in_native, id=7272, stack(0x0000000f69500000,0x0000000f69600000)]
  0x000001fbdf61c7c0 JavaThread "Thread-3" daemon [_thread_in_native, id=9476, stack(0x0000000f69600000,0x0000000f69700000)]
  0x000001fbdf61b890 JavaThread "Thread-4" daemon [_thread_in_native, id=13584, stack(0x0000000f69700000,0x0000000f69800000)]
  0x000001fbdf61bda0 JavaThread "Thread-5" daemon [_thread_in_native, id=3664, stack(0x0000000f69800000,0x0000000f69900000)]
  0x000001fbdf61d6f0 JavaThread "Thread-6" daemon [_thread_in_native, id=15960, stack(0x0000000f69900000,0x0000000f69a00000)]
  0x000001fbdf61d1e0 JavaThread "Thread-7" daemon [_thread_in_native, id=5552, stack(0x0000000f69a00000,0x0000000f69b00000)]
  0x000001fbdf61a960 JavaThread "Thread-8" daemon [_thread_in_native, id=12128, stack(0x0000000f69b00000,0x0000000f69c00000)]
  0x000001fbdf61c2b0 JavaThread "Thread-9" daemon [_thread_in_native, id=16024, stack(0x0000000f69c00000,0x0000000f69d00000)]
  0x000001fbdf61ccd0 JavaThread "Thread-10" daemon [_thread_in_native, id=20068, stack(0x0000000f69d00000,0x0000000f69e00000)]
  0x000001fbdf619f40 JavaThread "Thread-11" daemon [_thread_in_native, id=6172, stack(0x0000000f69e00000,0x0000000f69f00000)]
  0x000001fbdf61a450 JavaThread "Thread-12" daemon [_thread_in_native, id=16000, stack(0x0000000f69f00000,0x0000000f6a000000)]
  0x000001fbdf61ae70 JavaThread "Thread-13" daemon [_thread_in_native, id=6352, stack(0x0000000f6a000000,0x0000000f6a100000)]
  0x000001fbdf22b930 JavaThread "Thread-14" daemon [_thread_in_native, id=21412, stack(0x0000000f6a100000,0x0000000f6a200000)]
  0x000001fbdf22b420 JavaThread "pool-2-thread-1" [_thread_blocked, id=11832, stack(0x0000000f6a200000,0x0000000f6a300000)]
  0x000001fbdf22c350 JavaThread "WorkspaceEventsHandler" [_thread_blocked, id=2764, stack(0x0000000f6a300000,0x0000000f6a400000)]
  0x000001fbdf22d790 JavaThread "pool-1-thread-1" [_thread_in_vm, id=20884, stack(0x0000000f6a400000,0x0000000f6a500000)]

Other Threads:
  0x000001fbd9e84870 VMThread "VM Thread" [stack: 0x0000000f66d00000,0x0000000f66e00000] [id=7916]
  0x000001fbdb64c590 WatcherThread [stack: 0x0000000f67a00000,0x0000000f67b00000] [id=19608]
  0x000001fbc0f311a0 GCTaskThread "GC Thread#0" [stack: 0x0000000f66c00000,0x0000000f66d00000] [id=18952]
  0x000001fbdbbbc720 GCTaskThread "GC Thread#1" [stack: 0x0000000f67b00000,0x0000000f67c00000] [id=20624]
  0x000001fbdbbae180 GCTaskThread "GC Thread#2" [stack: 0x0000000f67c00000,0x0000000f67d00000] [id=12440]
  0x000001fbdbbae440 GCTaskThread "GC Thread#3" [stack: 0x0000000f67d00000,0x0000000f67e00000] [id=11904]
  0x000001fbdbbc0fd0 GCTaskThread "GC Thread#4" [stack: 0x0000000f67e00000,0x0000000f67f00000] [id=11588]
  0x000001fbdbbc1290 GCTaskThread "GC Thread#5" [stack: 0x0000000f67f00000,0x0000000f68000000] [id=9980]
  0x000001fbdbbc1550 GCTaskThread "GC Thread#6" [stack: 0x0000000f68000000,0x0000000f68100000] [id=16724]
  0x000001fbdc39d9a0 GCTaskThread "GC Thread#7" [stack: 0x0000000f68600000,0x0000000f68700000] [id=12092]
  0x000001fbdc8dbd60 GCTaskThread "GC Thread#8" [stack: 0x0000000f68800000,0x0000000f68900000] [id=2308]
  0x000001fbdc964ef0 GCTaskThread "GC Thread#9" [stack: 0x0000000f68900000,0x0000000f68a00000] [id=8740]

Threads with active compile tasks:
C2 CompilerThread0     4111 4939       4       jdk.internal.jimage.ImageReader$SharedImageReader::makeDirectories (54 bytes)
C1 CompilerThread0     4111 4965       2       java.lang.StringBuilder::charAt (6 bytes)
C2 CompilerThread1     4111 4945  s    4       jdk.internal.jimage.ImageReader$SharedImageReader::findNode (36 bytes)
C2 CompilerThread2     4111 4679   !   4       org.eclipse.osgi.internal.loader.classpath.ClasspathManager::findLocalClass (210 bytes)

VM state: not at safepoint (normal execution)

VM Mutex/Monitor currently owned by a thread: None

Heap address: 0x00000000c0000000, size: 1024 MB, Compressed Oops mode: 32-bit

CDS archive(s) not mapped
Compressed class space mapped at: 0x0000000100000000-0x0000000140000000, reserved size: 1073741824
Narrow klass base: 0x0000000000000000, Narrow klass shift: 3, Narrow klass range: 0x140000000

GC Precious Log:
 CPUs: 12 total, 12 available
 Memory: 16022M
 Large Page Support: Disabled
 NUMA Support: Disabled
 Compressed Oops: Enabled (32-bit)
 Alignments: Space 512K, Generation 512K, Heap 2M
 Heap Min Capacity: 100M
 Heap Initial Capacity: 100M
 Heap Max Capacity: 1G
 Pre-touch: Disabled
 Parallel Workers: 10

Heap:
 PSYoungGen      total 24064K, used 6987K [0x00000000eab00000, 0x00000000ec880000, 0x0000000100000000)
  eden space 22016K, 22% used [0x00000000eab00000,0x00000000eafd68e0,0x00000000ec080000)
  from space 2048K, 99% used [0x00000000ec100000,0x00000000ec2fc410,0x00000000ec300000)
  to   space 4096K, 0% used [0x00000000ec480000,0x00000000ec480000,0x00000000ec880000)
 ParOldGen       total 68608K, used 19842K [0x00000000c0000000, 0x00000000c4300000, 0x00000000eab00000)
  object space 68608K, 28% used [0x00000000c0000000,0x00000000c1360a48,0x00000000c4300000)
 Metaspace       used 42480K, committed 43584K, reserved 1114112K
  class space    used 4327K, committed 4864K, reserved 1048576K

Card table byte_map: [0x000001fbc08b0000,0x000001fbc0ac0000] _byte_map_base: 0x000001fbc02b0000

Marking Bits: (ParMarkBitMap*) 0x00007fff3fc26940
 Begin Bits: [0x000001fbd2bb0000, 0x000001fbd3bb0000)
 End Bits:   [0x000001fbd3bb0000, 0x000001fbd4bb0000)

Polling page: 0x000001fbbebc0000

Metaspace:

Usage:
  Non-class:     37.26 MB used.
      Class:      4.23 MB used.
       Both:     41.49 MB used.

Virtual space:
  Non-class space:       64.00 MB reserved,      37.81 MB ( 59%) committed,  1 nodes.
      Class space:        1.00 GB reserved,       4.75 MB ( <1%) committed,  1 nodes.
             Both:        1.06 GB reserved,      42.56 MB (  4%) committed. 

Chunk freelists:
   Non-Class:  9.86 MB
       Class:  11.17 MB
        Both:  21.03 MB

MaxMetaspaceSize: unlimited
CompressedClassSpaceSize: 1.00 GB
Initial GC threshold: 21.00 MB
Current GC threshold: 58.38 MB
CDS: off
MetaspaceReclaimPolicy: balanced
 - commit_granule_bytes: 65536.
 - commit_granule_words: 8192.
 - virtual_space_node_default_size: 8388608.
 - enlarge_chunks_in_place: 1.
 - new_chunks_are_fully_committed: 0.
 - uncommit_free_chunks: 1.
 - use_allocation_guard: 0.
 - handle_deallocations: 1.


Internal statistics:

num_allocs_failed_limit: 6.
num_arena_births: 664.
num_arena_deaths: 14.
num_vsnodes_births: 2.
num_vsnodes_deaths: 0.
num_space_committed: 681.
num_space_uncommitted: 0.
num_chunks_returned_to_freelist: 20.
num_chunks_taken_from_freelist: 2196.
num_chunk_merges: 10.
num_chunk_splits: 1339.
num_chunks_enlarged: 777.
num_inconsistent_stats: 0.

CodeHeap 'non-profiled nmethods': size=120000Kb used=2486Kb max_used=2486Kb free=117513Kb
 bounds [0x000001fbcb680000, 0x000001fbcb8f0000, 0x000001fbd2bb0000]
CodeHeap 'profiled nmethods': size=120000Kb used=10250Kb max_used=10250Kb free=109750Kb
 bounds [0x000001fbc3bb0000, 0x000001fbc45c0000, 0x000001fbcb0e0000]
CodeHeap 'non-nmethods': size=5760Kb used=1305Kb max_used=1347Kb free=4454Kb
 bounds [0x000001fbcb0e0000, 0x000001fbcb350000, 0x000001fbcb680000]
 total_blobs=5570 nmethods=4945 adapters=538
 compilation: enabled
              stopped_count=0, restarted_count=0
 full_count=0

Compilation events (20 events):
Event: 3.096 Thread 0x000001fbd9ebacd0 nmethod 4918 0x000001fbc459a290 code [0x000001fbc459a460, 0x000001fbc459a6a8]
Event: 3.096 Thread 0x000001fbd9ebacd0 4919       2       org.eclipse.jdt.internal.core.JavaElement::appendEscapedDelimiter (14 bytes)
Event: 3.096 Thread 0x000001fbd9ebacd0 nmethod 4919 0x000001fbc459a810 code [0x000001fbc459a9c0, 0x000001fbc459ab18]
Event: 3.096 Thread 0x000001fbd9ebacd0 4920  s    2       org.eclipse.jdt.internal.core.JavaModelManager::getInfo (39 bytes)
Event: 3.096 Thread 0x000001fbd9ebacd0 nmethod 4920 0x000001fbc459ac10 code [0x000001fbc459ade0, 0x000001fbc459b128]
Event: 3.096 Thread 0x000001fbd9ebacd0 4921       1       org.eclipse.jdt.internal.core.ClasspathAttribute::getValue (5 bytes)
Event: 3.096 Thread 0x000001fbd9ebacd0 nmethod 4921 0x000001fbcb8e4290 code [0x000001fbcb8e4420, 0x000001fbcb8e44f8]
Event: 3.099 Thread 0x000001fbd9ebacd0 4922       2       java.util.AbstractMap$1$1::hasNext (10 bytes)
Event: 3.099 Thread 0x000001fbd9ebacd0 nmethod 4922 0x000001fbc459b290 code [0x000001fbc459b420, 0x000001fbc459b548]
Event: 3.099 Thread 0x000001fbd9ebacd0 4923       2       org.eclipse.jdt.internal.core.JavaElement::<init> (26 bytes)
Event: 3.099 Thread 0x000001fbd9ebacd0 nmethod 4923 0x000001fbc459b610 code [0x000001fbc459b7a0, 0x000001fbc459b928]
Event: 3.099 Thread 0x000001fbd9ebacd0 4924       2       org.eclipse.core.internal.resources.ResourceInfo::isSet (11 bytes)
Event: 3.099 Thread 0x000001fbd9ebacd0 nmethod 4924 0x000001fbc459ba10 code [0x000001fbc459bba0, 0x000001fbc459bcb8]
Event: 3.099 Thread 0x000001fbd9ebacd0 4925   !   2       sun.nio.fs.WindowsPath::initOffsets (153 bytes)
Event: 3.100 Thread 0x000001fbd9ebacd0 nmethod 4925 0x000001fbc459bd90 code [0x000001fbc459bfe0, 0x000001fbc459cb78]
Event: 3.100 Thread 0x000001fbd9ebacd0 4926       2       java.lang.System$2::getEnumConstantsShared (8 bytes)
Event: 3.100 Thread 0x000001fbd9ebacd0 nmethod 4926 0x000001fbc459d390 code [0x000001fbc459d540, 0x000001fbc459d6a8]
Event: 3.102 Thread 0x000001fbd9ebacd0 4929       2       java.util.ImmutableCollections$MapN$MapNIterator::next (75 bytes)
Event: 3.103 Thread 0x000001fbd9ebacd0 nmethod 4929 0x000001fbc459d790 code [0x000001fbc459d980, 0x000001fbc459de78]
Event: 3.103 Thread 0x000001fbd9ebacd0 4930       2       org.eclipse.jdt.internal.core.Openable::<init> (6 bytes)

GC Heap History (20 events):
Event: 2.047 GC heap before
{Heap before GC invocations=7 (full 1):
 PSYoungGen      total 29696K, used 25600K [0x00000000eab00000, 0x00000000ece00000, 0x0000000100000000)
  eden space 25600K, 100% used [0x00000000eab00000,0x00000000ec400000,0x00000000ec400000)
  from space 4096K, 0% used [0x00000000ec400000,0x00000000ec400000,0x00000000ec800000)
  to   space 5120K, 0% used [0x00000000ec900000,0x00000000ec900000,0x00000000ece00000)
 ParOldGen       total 68608K, used 10772K [0x00000000c0000000, 0x00000000c4300000, 0x00000000eab00000)
  object space 68608K, 15% used [0x00000000c0000000,0x00000000c0a85050,0x00000000c4300000)
 Metaspace       used 24989K, committed 25536K, reserved 1114112K
  class space    used 2546K, committed 2752K, reserved 1048576K
}
Event: 2.050 GC heap after
{Heap after GC invocations=7 (full 1):
 PSYoungGen      total 27136K, used 1731K [0x00000000eab00000, 0x00000000ecb00000, 0x0000000100000000)
  eden space 25088K, 0% used [0x00000000eab00000,0x00000000eab00000,0x00000000ec380000)
  from space 2048K, 84% used [0x00000000ec900000,0x00000000ecab0e70,0x00000000ecb00000)
  to   space 3072K, 0% used [0x00000000ec500000,0x00000000ec500000,0x00000000ec800000)
 ParOldGen       total 68608K, used 10780K [0x00000000c0000000, 0x00000000c4300000, 0x00000000eab00000)
  object space 68608K, 15% used [0x00000000c0000000,0x00000000c0a87050,0x00000000c4300000)
 Metaspace       used 24989K, committed 25536K, reserved 1114112K
  class space    used 2546K, committed 2752K, reserved 1048576K
}
Event: 2.260 GC heap before
{Heap before GC invocations=8 (full 1):
 PSYoungGen      total 27136K, used 26819K [0x00000000eab00000, 0x00000000ecb00000, 0x0000000100000000)
  eden space 25088K, 100% used [0x00000000eab00000,0x00000000ec380000,0x00000000ec380000)
  from space 2048K, 84% used [0x00000000ec900000,0x00000000ecab0e70,0x00000000ecb00000)
  to   space 3072K, 0% used [0x00000000ec500000,0x00000000ec500000,0x00000000ec800000)
 ParOldGen       total 68608K, used 10780K [0x00000000c0000000, 0x00000000c4300000, 0x00000000eab00000)
  object space 68608K, 15% used [0x00000000c0000000,0x00000000c0a87050,0x00000000c4300000)
 Metaspace       used 27622K, committed 28480K, reserved 1114112K
  class space    used 2868K, committed 3264K, reserved 1048576K
}
Event: 2.262 GC heap after
{Heap after GC invocations=8 (full 1):
 PSYoungGen      total 27648K, used 3071K [0x00000000eab00000, 0x00000000eca00000, 0x0000000100000000)
  eden space 24576K, 0% used [0x00000000eab00000,0x00000000eab00000,0x00000000ec300000)
  from space 3072K, 99% used [0x00000000ec500000,0x00000000ec7ffc88,0x00000000ec800000)
  to   space 2048K, 0% used [0x00000000ec800000,0x00000000ec800000,0x00000000eca00000)
 ParOldGen       total 68608K, used 10796K [0x00000000c0000000, 0x00000000c4300000, 0x00000000eab00000)
  object space 68608K, 15% used [0x00000000c0000000,0x00000000c0a8b050,0x00000000c4300000)
 Metaspace       used 27622K, committed 28480K, reserved 1114112K
  class space    used 2868K, committed 3264K, reserved 1048576K
}
Event: 2.406 GC heap before
{Heap before GC invocations=9 (full 1):
 PSYoungGen      total 27648K, used 27647K [0x00000000eab00000, 0x00000000eca00000, 0x0000000100000000)
  eden space 24576K, 100% used [0x00000000eab00000,0x00000000ec300000,0x00000000ec300000)
  from space 3072K, 99% used [0x00000000ec500000,0x00000000ec7ffc88,0x00000000ec800000)
  to   space 2048K, 0% used [0x00000000ec800000,0x00000000ec800000,0x00000000eca00000)
 ParOldGen       total 68608K, used 10796K [0x00000000c0000000, 0x00000000c4300000, 0x00000000eab00000)
  object space 68608K, 15% used [0x00000000c0000000,0x00000000c0a8b050,0x00000000c4300000)
 Metaspace       used 29679K, committed 30528K, reserved 1114112K
  class space    used 3070K, committed 3456K, reserved 1048576K
}
Event: 2.408 GC heap after
{Heap after GC invocations=9 (full 1):
 PSYoungGen      total 25088K, used 2042K [0x00000000eab00000, 0x00000000ecf80000, 0x0000000100000000)
  eden space 23040K, 0% used [0x00000000eab00000,0x00000000eab00000,0x00000000ec180000)
  from space 2048K, 99% used [0x00000000ec800000,0x00000000ec9febd8,0x00000000eca00000)
  to   space 6656K, 0% used [0x00000000ec180000,0x00000000ec180000,0x00000000ec800000)
 ParOldGen       total 68608K, used 14573K [0x00000000c0000000, 0x00000000c4300000, 0x00000000eab00000)
  object space 68608K, 21% used [0x00000000c0000000,0x00000000c0e3b6a8,0x00000000c4300000)
 Metaspace       used 29679K, committed 30528K, reserved 1114112K
  class space    used 3070K, committed 3456K, reserved 1048576K
}
Event: 2.525 GC heap before
{Heap before GC invocations=10 (full 1):
 PSYoungGen      total 25088K, used 25082K [0x00000000eab00000, 0x00000000ecf80000, 0x0000000100000000)
  eden space 23040K, 100% used [0x00000000eab00000,0x00000000ec180000,0x00000000ec180000)
  from space 2048K, 99% used [0x00000000ec800000,0x00000000ec9febd8,0x00000000eca00000)
  to   space 6656K, 0% used [0x00000000ec180000,0x00000000ec180000,0x00000000ec800000)
 ParOldGen       total 68608K, used 14573K [0x00000000c0000000, 0x00000000c4300000, 0x00000000eab00000)
  object space 68608K, 21% used [0x00000000c0000000,0x00000000c0e3b6a8,0x00000000c4300000)
 Metaspace       used 32909K, committed 33792K, reserved 1114112K
  class space    used 3308K, committed 3712K, reserved 1048576K
}
Event: 2.527 GC heap after
{Heap after GC invocations=10 (full 1):
 PSYoungGen      total 26112K, used 3467K [0x00000000eab00000, 0x00000000eca00000, 0x0000000100000000)
  eden space 22528K, 0% used [0x00000000eab00000,0x00000000eab00000,0x00000000ec100000)
  from space 3584K, 96% used [0x00000000ec180000,0x00000000ec4e2d70,0x00000000ec500000)
  to   space 4608K, 0% used [0x00000000ec580000,0x00000000ec580000,0x00000000eca00000)
 ParOldGen       total 68608K, used 15464K [0x00000000c0000000, 0x00000000c4300000, 0x00000000eab00000)
  object space 68608K, 22% used [0x00000000c0000000,0x00000000c0f1a3d8,0x00000000c4300000)
 Metaspace       used 32909K, committed 33792K, reserved 1114112K
  class space    used 3308K, committed 3712K, reserved 1048576K
}
Event: 2.623 GC heap before
{Heap before GC invocations=11 (full 1):
 PSYoungGen      total 26112K, used 25995K [0x00000000eab00000, 0x00000000eca00000, 0x0000000100000000)
  eden space 22528K, 100% used [0x00000000eab00000,0x00000000ec100000,0x00000000ec100000)
  from space 3584K, 96% used [0x00000000ec180000,0x00000000ec4e2d70,0x00000000ec500000)
  to   space 4608K, 0% used [0x00000000ec580000,0x00000000ec580000,0x00000000eca00000)
 ParOldGen       total 68608K, used 15464K [0x00000000c0000000, 0x00000000c4300000, 0x00000000eab00000)
  object space 68608K, 22% used [0x00000000c0000000,0x00000000c0f1a3d8,0x00000000c4300000)
 Metaspace       used 34414K, committed 35328K, reserved 1114112K
  class space    used 3405K, committed 3776K, reserved 1048576K
}
Event: 2.624 GC heap after
{Heap after GC invocations=11 (full 1):
 PSYoungGen      total 25088K, used 2580K [0x00000000eab00000, 0x00000000ec880000, 0x0000000100000000)
  eden space 22016K, 0% used [0x00000000eab00000,0x00000000eab00000,0x00000000ec080000)
  from space 3072K, 83% used [0x00000000ec580000,0x00000000ec805100,0x00000000ec880000)
  to   space 3072K, 0% used [0x00000000ec280000,0x00000000ec280000,0x00000000ec580000)
 ParOldGen       total 68608K, used 16173K [0x00000000c0000000, 0x00000000c4300000, 0x00000000eab00000)
  object space 68608K, 23% used [0x00000000c0000000,0x00000000c0fcb470,0x00000000c4300000)
 Metaspace       used 34414K, committed 35328K, reserved 1114112K
  class space    used 3405K, committed 3776K, reserved 1048576K
}
Event: 2.645 GC heap before
{Heap before GC invocations=12 (full 1):
 PSYoungGen      total 25088K, used 4738K [0x00000000eab00000, 0x00000000ec880000, 0x0000000100000000)
  eden space 22016K, 9% used [0x00000000eab00000,0x00000000ead1b730,0x00000000ec080000)
  from space 3072K, 83% used [0x00000000ec580000,0x00000000ec805100,0x00000000ec880000)
  to   space 3072K, 0% used [0x00000000ec280000,0x00000000ec280000,0x00000000ec580000)
 ParOldGen       total 68608K, used 16173K [0x00000000c0000000, 0x00000000c4300000, 0x00000000eab00000)
  object space 68608K, 23% used [0x00000000c0000000,0x00000000c0fcb470,0x00000000c4300000)
 Metaspace       used 34940K, committed 35840K, reserved 1114112K
  class space    used 3455K, committed 3840K, reserved 1048576K
}
Event: 2.647 GC heap after
{Heap after GC invocations=12 (full 1):
 PSYoungGen      total 22528K, used 384K [0x00000000eab00000, 0x00000000ec600000, 0x0000000100000000)
  eden space 22016K, 0% used [0x00000000eab00000,0x00000000eab00000,0x00000000ec080000)
  from space 512K, 75% used [0x00000000ec280000,0x00000000ec2e0000,0x00000000ec300000)
  to   space 1536K, 0% used [0x00000000ec480000,0x00000000ec480000,0x00000000ec600000)
 ParOldGen       total 68608K, used 18605K [0x00000000c0000000, 0x00000000c4300000, 0x00000000eab00000)
  object space 68608K, 27% used [0x00000000c0000000,0x00000000c122b510,0x00000000c4300000)
 Metaspace       used 34940K, committed 35840K, reserved 1114112K
  class space    used 3455K, committed 3840K, reserved 1048576K
}
Event: 2.647 GC heap before
{Heap before GC invocations=13 (full 2):
 PSYoungGen      total 22528K, used 384K [0x00000000eab00000, 0x00000000ec600000, 0x0000000100000000)
  eden space 22016K, 0% used [0x00000000eab00000,0x00000000eab00000,0x00000000ec080000)
  from space 512K, 75% used [0x00000000ec280000,0x00000000ec2e0000,0x00000000ec300000)
  to   space 1536K, 0% used [0x00000000ec480000,0x00000000ec480000,0x00000000ec600000)
 ParOldGen       total 68608K, used 18605K [0x00000000c0000000, 0x00000000c4300000, 0x00000000eab00000)
  object space 68608K, 27% used [0x00000000c0000000,0x00000000c122b510,0x00000000c4300000)
 Metaspace       used 34940K, committed 35840K, reserved 1114112K
  class space    used 3455K, committed 3840K, reserved 1048576K
}
Event: 2.664 GC heap after
{Heap after GC invocations=13 (full 2):
 PSYoungGen      total 22528K, used 0K [0x00000000eab00000, 0x00000000ec600000, 0x0000000100000000)
  eden space 22016K, 0% used [0x00000000eab00000,0x00000000eab00000,0x00000000ec080000)
  from space 512K, 0% used [0x00000000ec280000,0x00000000ec280000,0x00000000ec300000)
  to   space 1536K, 0% used [0x00000000ec480000,0x00000000ec480000,0x00000000ec600000)
 ParOldGen       total 68608K, used 15163K [0x00000000c0000000, 0x00000000c4300000, 0x00000000eab00000)
  object space 68608K, 22% used [0x00000000c0000000,0x00000000c0ecec60,0x00000000c4300000)
 Metaspace       used 34926K, committed 35840K, reserved 1114112K
  class space    used 3452K, committed 3840K, reserved 1048576K
}
Event: 2.831 GC heap before
{Heap before GC invocations=14 (full 2):
 PSYoungGen      total 22528K, used 22016K [0x00000000eab00000, 0x00000000ec600000, 0x0000000100000000)
  eden space 22016K, 100% used [0x00000000eab00000,0x00000000ec080000,0x00000000ec080000)
  from space 512K, 0% used [0x00000000ec280000,0x00000000ec280000,0x00000000ec300000)
  to   space 1536K, 0% used [0x00000000ec480000,0x00000000ec480000,0x00000000ec600000)
 ParOldGen       total 68608K, used 15163K [0x00000000c0000000, 0x00000000c4300000, 0x00000000eab00000)
  object space 68608K, 22% used [0x00000000c0000000,0x00000000c0ecec60,0x00000000c4300000)
 Metaspace       used 38201K, committed 39168K, reserved 1114112K
  class space    used 3804K, committed 4224K, reserved 1048576K
}
Event: 2.833 GC heap after
{Heap after GC invocations=14 (full 2):
 PSYoungGen      total 23552K, used 1505K [0x00000000eab00000, 0x00000000ec600000, 0x0000000100000000)
  eden space 22016K, 0% used [0x00000000eab00000,0x00000000eab00000,0x00000000ec080000)
  from space 1536K, 98% used [0x00000000ec480000,0x00000000ec5f8650,0x00000000ec600000)
  to   space 2560K, 0% used [0x00000000ec100000,0x00000000ec100000,0x00000000ec380000)
 ParOldGen       total 68608K, used 15443K [0x00000000c0000000, 0x00000000c4300000, 0x00000000eab00000)
  object space 68608K, 22% used [0x00000000c0000000,0x00000000c0f14c60,0x00000000c4300000)
 Metaspace       used 38201K, committed 39168K, reserved 1114112K
  class space    used 3804K, committed 4224K, reserved 1048576K
}
Event: 2.990 GC heap before
{Heap before GC invocations=15 (full 2):
 PSYoungGen      total 23552K, used 23521K [0x00000000eab00000, 0x00000000ec600000, 0x0000000100000000)
  eden space 22016K, 99% used [0x00000000eab00000,0x00000000ec07fff0,0x00000000ec080000)
  from space 1536K, 98% used [0x00000000ec480000,0x00000000ec5f8650,0x00000000ec600000)
  to   space 2560K, 0% used [0x00000000ec100000,0x00000000ec100000,0x00000000ec380000)
 ParOldGen       total 68608K, used 15443K [0x00000000c0000000, 0x00000000c4300000, 0x00000000eab00000)
  object space 68608K, 22% used [0x00000000c0000000,0x00000000c0f14c60,0x00000000c4300000)
 Metaspace       used 40421K, committed 41408K, reserved 1114112K
  class space    used 4075K, committed 4480K, reserved 1048576K
}
Event: 2.992 GC heap after
{Heap after GC invocations=15 (full 2):
 PSYoungGen      total 24064K, used 1622K [0x00000000eab00000, 0x00000000ec500000, 0x0000000100000000)
  eden space 22016K, 0% used [0x00000000eab00000,0x00000000eab00000,0x00000000ec080000)
  from space 2048K, 79% used [0x00000000ec100000,0x00000000ec295a80,0x00000000ec300000)
  to   space 2048K, 0% used [0x00000000ec300000,0x00000000ec300000,0x00000000ec500000)
 ParOldGen       total 68608K, used 16892K [0x00000000c0000000, 0x00000000c4300000, 0x00000000eab00000)
  object space 68608K, 24% used [0x00000000c0000000,0x00000000c107f0a8,0x00000000c4300000)
 Metaspace       used 40421K, committed 41408K, reserved 1114112K
  class space    used 4075K, committed 4480K, reserved 1048576K
}
Event: 3.056 GC heap before
{Heap before GC invocations=16 (full 2):
 PSYoungGen      total 24064K, used 23638K [0x00000000eab00000, 0x00000000ec500000, 0x0000000100000000)
  eden space 22016K, 100% used [0x00000000eab00000,0x00000000ec080000,0x00000000ec080000)
  from space 2048K, 79% used [0x00000000ec100000,0x00000000ec295a80,0x00000000ec300000)
  to   space 2048K, 0% used [0x00000000ec300000,0x00000000ec300000,0x00000000ec500000)
 ParOldGen       total 68608K, used 16892K [0x00000000c0000000, 0x00000000c4300000, 0x00000000eab00000)
  object space 68608K, 24% used [0x00000000c0000000,0x00000000c107f0a8,0x00000000c4300000)
 Metaspace       used 41753K, committed 42752K, reserved 1114112K
  class space    used 4246K, committed 4672K, reserved 1048576K
}
Event: 3.057 GC heap after
{Heap after GC invocations=16 (full 2):
 PSYoungGen      total 24064K, used 1880K [0x00000000eab00000, 0x00000000ec500000, 0x0000000100000000)
  eden space 22016K, 0% used [0x00000000eab00000,0x00000000eab00000,0x00000000ec080000)
  from space 2048K, 91% used [0x00000000ec300000,0x00000000ec4d6220,0x00000000ec500000)
  to   space 2048K, 0% used [0x00000000ec100000,0x00000000ec100000,0x00000000ec300000)
 ParOldGen       total 68608K, used 18258K [0x00000000c0000000, 0x00000000c4300000, 0x00000000eab00000)
  object space 68608K, 26% used [0x00000000c0000000,0x00000000c11d4a38,0x00000000c4300000)
 Metaspace       used 41753K, committed 42752K, reserved 1114112K
  class space    used 4246K, committed 4672K, reserved 1048576K
}

Dll operation events (10 events):
Event: 0.017 Loaded shared library c:\Users\HP\.vscode\extensions\redhat.java-1.38.0-win32-x64\jre\17.0.13-win32-x86_64\bin\java.dll
Event: 0.136 Loaded shared library c:\Users\HP\.vscode\extensions\redhat.java-1.38.0-win32-x64\jre\17.0.13-win32-x86_64\bin\zip.dll
Event: 0.139 Loaded shared library C:\Users\HP\.vscode\extensions\redhat.java-1.38.0-win32-x64\jre\17.0.13-win32-x86_64\bin\instrument.dll
Event: 0.150 Loaded shared library C:\Users\HP\.vscode\extensions\redhat.java-1.38.0-win32-x64\jre\17.0.13-win32-x86_64\bin\net.dll
Event: 0.152 Loaded shared library C:\Users\HP\.vscode\extensions\redhat.java-1.38.0-win32-x64\jre\17.0.13-win32-x86_64\bin\nio.dll
Event: 0.158 Loaded shared library C:\Users\HP\.vscode\extensions\redhat.java-1.38.0-win32-x64\jre\17.0.13-win32-x86_64\bin\zip.dll
Event: 0.173 Loaded shared library C:\Users\HP\.vscode\extensions\redhat.java-1.38.0-win32-x64\jre\17.0.13-win32-x86_64\bin\jimage.dll
Event: 0.233 Loaded shared library c:\Users\HP\.vscode\extensions\redhat.java-1.38.0-win32-x64\jre\17.0.13-win32-x86_64\bin\verify.dll
Event: 0.944 Loaded shared library C:\Users\HP\AppData\Roaming\Code\User\globalStorage\redhat.java\1.38.0\config_win\org.eclipse.equinox.launcher\org.eclipse.equinox.launcher.win32.win32.x86_64_1.2.1100.v20240722-2106\eclipse_11904.dll
Event: 1.919 Loaded shared library C:\Users\HP\AppData\Local\Temp\jna-2312\jna9444378585658780885.dll

Deoptimization events (20 events):
Event: 2.998 Thread 0x000001fbdc1ec050 DEOPT PACKING pc=0x000001fbcb777448 sp=0x0000000f68ffd630
Event: 2.998 Thread 0x000001fbdc1ec050 DEOPT UNPACKING pc=0x000001fbcb139ea3 sp=0x0000000f68ffd570 mode 2
Event: 3.034 Thread 0x000001fbdc1ec050 DEOPT PACKING pc=0x000001fbc3fe4538 sp=0x0000000f68ffd650
Event: 3.034 Thread 0x000001fbdc1ec050 DEOPT UNPACKING pc=0x000001fbcb13a9e3 sp=0x0000000f68ffcb58 mode 0
Event: 3.057 Thread 0x000001fbc0f1d640 Uncommon trap: trap_request=0xffffff45 fr.pc=0x000001fbcb8267c8 relative=0x00000000000055c8
Event: 3.057 Thread 0x000001fbc0f1d640 Uncommon trap: reason=unstable_if action=reinterpret pc=0x000001fbcb8267c8 method=jdk.internal.org.objectweb.asm.Frame.execute(IILjdk/internal/org/objectweb/asm/Symbol;Ljdk/internal/org/objectweb/asm/SymbolTable;)V @ 1 c2
Event: 3.057 Thread 0x000001fbc0f1d640 DEOPT PACKING pc=0x000001fbcb8267c8 sp=0x0000000f66bfda20
Event: 3.057 Thread 0x000001fbc0f1d640 DEOPT UNPACKING pc=0x000001fbcb139ea3 sp=0x0000000f66bfd9c8 mode 2
Event: 3.058 Thread 0x000001fbc0f1d640 Uncommon trap: trap_request=0xffffff45 fr.pc=0x000001fbcb77a3b4 relative=0x0000000000000114
Event: 3.058 Thread 0x000001fbc0f1d640 Uncommon trap: reason=unstable_if action=reinterpret pc=0x000001fbcb77a3b4 method=jdk.internal.org.objectweb.asm.SymbolTable.put(Ljdk/internal/org/objectweb/asm/SymbolTable$Entry;)Ljdk/internal/org/objectweb/asm/SymbolTable$Entry; @ 13 c2
Event: 3.058 Thread 0x000001fbc0f1d640 DEOPT PACKING pc=0x000001fbcb77a3b4 sp=0x0000000f66bfd720
Event: 3.058 Thread 0x000001fbc0f1d640 DEOPT UNPACKING pc=0x000001fbcb139ea3 sp=0x0000000f66bfd680 mode 2
Event: 3.072 Thread 0x000001fbc0f1d640 Uncommon trap: trap_request=0xffffff45 fr.pc=0x000001fbcb7892e0 relative=0x00000000000000c0
Event: 3.072 Thread 0x000001fbc0f1d640 Uncommon trap: reason=unstable_if action=reinterpret pc=0x000001fbcb7892e0 method=java.lang.CharacterDataLatin1.digit(II)I @ 7 c2
Event: 3.072 Thread 0x000001fbc0f1d640 DEOPT PACKING pc=0x000001fbcb7892e0 sp=0x0000000f66bfdd30
Event: 3.072 Thread 0x000001fbc0f1d640 DEOPT UNPACKING pc=0x000001fbcb139ea3 sp=0x0000000f66bfdbf0 mode 2
Event: 3.072 Thread 0x000001fbc0f1d640 Uncommon trap: trap_request=0xffffff45 fr.pc=0x000001fbcb6ae3b4 relative=0x0000000000000094
Event: 3.072 Thread 0x000001fbc0f1d640 Uncommon trap: reason=unstable_if action=reinterpret pc=0x000001fbcb6ae3b4 method=java.lang.CharacterDataLatin1.digit(II)I @ 7 c2
Event: 3.072 Thread 0x000001fbc0f1d640 DEOPT PACKING pc=0x000001fbcb6ae3b4 sp=0x0000000f66bfdc90
Event: 3.072 Thread 0x000001fbc0f1d640 DEOPT UNPACKING pc=0x000001fbcb139ea3 sp=0x0000000f66bfdc10 mode 2

Classes loaded (20 events):
Event: 3.072 Loading class java/text/CalendarBuilder
Event: 3.072 Loading class java/text/CalendarBuilder done
Event: 3.072 Loading class java/util/spi/CalendarNameProvider
Event: 3.072 Loading class java/util/spi/CalendarNameProvider done
Event: 3.072 Loading class sun/util/locale/provider/CalendarDataUtility$CalendarFieldValueNamesMapGetter
Event: 3.072 Loading class sun/util/locale/provider/CalendarDataUtility$CalendarFieldValueNamesMapGetter done
Event: 3.073 Loading class sun/util/cldr/CLDRCalendarNameProviderImpl
Event: 3.073 Loading class sun/util/locale/provider/CalendarNameProviderImpl
Event: 3.073 Loading class sun/util/locale/provider/CalendarNameProviderImpl done
Event: 3.073 Loading class sun/util/cldr/CLDRCalendarNameProviderImpl done
Event: 3.074 Loading class sun/util/locale/provider/CalendarNameProviderImpl$LengthBasedComparator
Event: 3.074 Loading class sun/util/locale/provider/CalendarNameProviderImpl$LengthBasedComparator done
Event: 3.076 Loading class java/time/format/DateTimeParseContext
Event: 3.076 Loading class java/time/format/DateTimeParseContext done
Event: 3.076 Loading class java/time/format/Parsed
Event: 3.077 Loading class java/time/format/Parsed done
Event: 3.092 Loading class jdk/internal/reflect/UnsafeQualifiedIntegerFieldAccessorImpl
Event: 3.092 Loading class jdk/internal/reflect/UnsafeQualifiedIntegerFieldAccessorImpl done
Event: 3.092 Loading class sun/nio/ch/WindowsAsynchronousFileChannelImpl$WriteTask
Event: 3.092 Loading class sun/nio/ch/WindowsAsynchronousFileChannelImpl$WriteTask done

Classes unloaded (7 events):
Event: 2.650 Thread 0x000001fbd9e84870 Unloading class 0x0000000100252000 'java/lang/invoke/LambdaForm$MH+0x0000000100252000'
Event: 2.650 Thread 0x000001fbd9e84870 Unloading class 0x0000000100251c00 'java/lang/invoke/LambdaForm$MH+0x0000000100251c00'
Event: 2.650 Thread 0x000001fbd9e84870 Unloading class 0x0000000100251800 'java/lang/invoke/LambdaForm$MH+0x0000000100251800'
Event: 2.650 Thread 0x000001fbd9e84870 Unloading class 0x0000000100251400 'java/lang/invoke/LambdaForm$MH+0x0000000100251400'
Event: 2.650 Thread 0x000001fbd9e84870 Unloading class 0x0000000100251000 'java/lang/invoke/LambdaForm$BMH+0x0000000100251000'
Event: 2.650 Thread 0x000001fbd9e84870 Unloading class 0x0000000100250c00 'java/lang/invoke/LambdaForm$DMH+0x0000000100250c00'
Event: 2.650 Thread 0x000001fbd9e84870 Unloading class 0x000000010024c400 'java/lang/invoke/LambdaForm$DMH+0x000000010024c400'

Classes redefined (0 events):
No events

Internal exceptions (20 events):
Event: 2.811 Thread 0x000001fbdc1ec050 Exception <a 'sun/nio/fs/WindowsException'{0x00000000ebddffe0}> (0x00000000ebddffe0) 
thrown [s\src\hotspot\share\prims\jni.cpp, line 516]
Event: 2.811 Thread 0x000001fbdc1ec050 Exception <a 'sun/nio/fs/WindowsException'{0x00000000ebde08c0}> (0x00000000ebde08c0) 
thrown [s\src\hotspot\share\prims\jni.cpp, line 516]
Event: 2.817 Thread 0x000001fbdc1ec050 Exception <a 'sun/nio/fs/WindowsException'{0x00000000ebea6cc0}> (0x00000000ebea6cc0) 
thrown [s\src\hotspot\share\prims\jni.cpp, line 516]
Event: 2.817 Thread 0x000001fbdc1ec050 Exception <a 'sun/nio/fs/WindowsException'{0x00000000ebea75a0}> (0x00000000ebea75a0) 
thrown [s\src\hotspot\share\prims\jni.cpp, line 516]
Event: 2.820 Thread 0x000001fbdc1ec050 Exception <a 'sun/nio/fs/WindowsException'{0x00000000ebed9338}> (0x00000000ebed9338) 
thrown [s\src\hotspot\share\prims\jni.cpp, line 516]
Event: 2.820 Thread 0x000001fbdc1ec050 Exception <a 'sun/nio/fs/WindowsException'{0x00000000ebf4bde0}> (0x00000000ebf4bde0) 
thrown [s\src\hotspot\share\prims\jni.cpp, line 516]
Event: 2.824 Thread 0x000001fbdc1ec050 Exception <a 'java/io/FileNotFoundException'{0x00000000ebf7b5c8}> (0x00000000ebf7b5c8) 
thrown [s\src\hotspot\share\prims\jni.cpp, line 516]
Event: 2.853 Thread 0x000001fbc0f1d640 Exception <a 'java/lang/NoSuchMethodError'{0x00000000eaeb6da8}: 'java.lang.Object java.lang.invoke.DirectMethodHandle$Holder.invokeStatic(java.lang.Object, java.lang.Object, long, java.lang.Object)'> (0x00000000eaeb6da8) 
thrown [s\src\hotspot\share\interpreter\linkResolver.cpp, line 759]
Event: 2.853 Thread 0x000001fbc0f1d640 Exception <a 'java/lang/NoSuchMethodError'{0x00000000eaebaa90}: 'java.lang.Object java.lang.invoke.DirectMethodHandle$Holder.invokeStaticInit(java.lang.Object, java.lang.Object, long, java.lang.Object)'> (0x00000000eaebaa90) 
thrown [s\src\hotspot\share\interpreter\linkResolver.cpp, line 759]
Event: 2.854 Thread 0x000001fbc0f1d640 Exception <a 'java/lang/NoSuchMethodError'{0x00000000eaec1538}: 'java.lang.Object java.lang.invoke.DirectMethodHandle$Holder.newInvokeSpecial(java.lang.Object, java.lang.Object, long)'> (0x00000000eaec1538) 
thrown [s\src\hotspot\share\interpreter\linkResolver.cpp, line 759]
Event: 2.891 Thread 0x000001fbdc1ec050 Exception <a 'java/lang/NoSuchMethodError'{0x00000000eb2def48}: 'java.lang.Object java.lang.invoke.Invokers$Holder.invoke_MT(java.lang.Object, java.lang.Object, java.lang.Object)'> (0x00000000eb2def48) 
thrown [s\src\hotspot\share\interpreter\linkResolver.cpp, line 759]
Event: 2.910 Thread 0x000001fbc0f1d640 Exception <a 'java/lang/NoSuchMethodError'{0x00000000eb4dd578}: 'void java.lang.invoke.DirectMethodHandle$Holder.invokeStatic(java.lang.Object, java.lang.Object, java.lang.Object, java.lang.Object)'> (0x00000000eb4dd578) 
thrown [s\src\hotspot\share\interpreter\linkResolver.cpp, line 759]
Event: 3.003 Thread 0x000001fbdc1ec050 Exception <a 'java/io/FileNotFoundException'{0x00000000ead569f8}> (0x00000000ead569f8) 
thrown [s\src\hotspot\share\prims\jni.cpp, line 516]
Event: 3.004 Thread 0x000001fbdc1ec050 Exception <a 'java/io/FileNotFoundException'{0x00000000ead58190}> (0x00000000ead58190) 
thrown [s\src\hotspot\share\prims\jni.cpp, line 516]
Event: 3.004 Thread 0x000001fbdc1ec050 Exception <a 'java/lang/NoSuchMethodError'{0x00000000ead617b0}: 'java.lang.Object java.lang.invoke.DirectMethodHandle$Holder.newInvokeSpecial(java.lang.Object, java.lang.Object, java.lang.Object, int)'> (0x00000000ead617b0) 
thrown [s\src\hotspot\share\interpreter\linkResolver.cpp, line 759]
Event: 3.005 Thread 0x000001fbdc1ec050 Exception <a 'java/lang/NoSuchMethodError'{0x00000000ead9faa0}: 'java.lang.Object java.lang.invoke.DirectMethodHandle$Holder.invokeSpecial(java.lang.Object, java.lang.Object, java.lang.Object, java.lang.Object, int)'> (0x00000000ead9faa0) 
thrown [s\src\hotspot\share\interpreter\linkResolver.cpp, line 759]
Event: 3.005 Thread 0x000001fbdc1ec050 Exception <a 'java/lang/NoSuchMethodError'{0x00000000eada3450}: 'java.lang.Object java.lang.invoke.Invokers$Holder.linkToTargetMethod(java.lang.Object, java.lang.Object, int, java.lang.Object)'> (0x00000000eada3450) 
thrown [s\src\hotspot\share\interpreter\linkResolver.cpp, line 759]
Event: 3.006 Thread 0x000001fbdc1ec050 Exception <a 'java/lang/NoSuchMethodError'{0x00000000eadafcc8}: 'void java.lang.invoke.DirectMethodHandle$Holder.invokeStaticInit(java.lang.Object, java.lang.Object, java.lang.Object)'> (0x00000000eadafcc8) 
thrown [s\src\hotspot\share\interpreter\linkResolver.cpp, line 759]
Event: 3.049 Thread 0x000001fbc0f1d640 Exception <a 'java/lang/NoSuchMethodError'{0x00000000ebc558c8}: 'void java.lang.invoke.DirectMethodHandle$Holder.invokeSpecial(java.lang.Object, java.lang.Object, java.lang.Object, java.lang.Object, java.lang.Object, java.lang.Object)'> (0x00000000ebc558c8) 
thrown [s\src\hotspot\share\interpreter\linkResolver.cpp, line 759]
Event: 3.050 Thread 0x000001fbc0f1d640 Exception <a 'java/lang/IncompatibleClassChangeError'{0x00000000ebd05548}: Found class java.lang.Object, but interface was expected> (0x00000000ebd05548) 
thrown [s\src\hotspot\share\interpreter\linkResolver.cpp, line 826]

VM Operations (20 events):
Event: 2.750 Executing VM operation: HandshakeAllThreads
Event: 2.750 Executing VM operation: HandshakeAllThreads done
Event: 2.752 Executing VM operation: HandshakeAllThreads
Event: 2.752 Executing VM operation: HandshakeAllThreads done
Event: 2.775 Executing VM operation: HandshakeAllThreads
Event: 2.775 Executing VM operation: HandshakeAllThreads done
Event: 2.831 Executing VM operation: ParallelGCFailedAllocation
Event: 2.833 Executing VM operation: ParallelGCFailedAllocation done
Event: 2.877 Executing VM operation: HandshakeAllThreads
Event: 2.877 Executing VM operation: HandshakeAllThreads done
Event: 2.903 Executing VM operation: HandshakeAllThreads
Event: 2.903 Executing VM operation: HandshakeAllThreads done
Event: 2.904 Executing VM operation: HandshakeAllThreads
Event: 2.904 Executing VM operation: HandshakeAllThreads done
Event: 2.935 Executing VM operation: HandshakeAllThreads
Event: 2.936 Executing VM operation: HandshakeAllThreads done
Event: 2.990 Executing VM operation: ParallelGCFailedAllocation
Event: 2.992 Executing VM operation: ParallelGCFailedAllocation done
Event: 3.056 Executing VM operation: ParallelGCFailedAllocation
Event: 3.057 Executing VM operation: ParallelGCFailedAllocation done

Memory protections (0 events):
No events

Nmethod flushes (0 events):
No events

Events (20 events):
Event: 1.987 Thread 0x000001fbdc4e6630 Thread added: 0x000001fbdc1ec050
Event: 2.202 Thread 0x000001fbdc1ec050 Thread added: 0x000001fbdc1ef800
Event: 2.670 Thread 0x000001fbdc4e6630 Thread added: 0x000001fbdc1ee3c0
Event: 2.840 Thread 0x000001fbdc1ef800 Thread added: 0x000001fbdc1eede0
Event: 2.860 Thread 0x000001fbc0f1d640 Thread added: 0x000001fbdf61b380
Event: 2.861 Thread 0x000001fbc0f1d640 Thread added: 0x000001fbdf61c7c0
Event: 2.861 Thread 0x000001fbc0f1d640 Thread added: 0x000001fbdf61b890
Event: 2.861 Thread 0x000001fbc0f1d640 Thread added: 0x000001fbdf61bda0
Event: 2.862 Thread 0x000001fbc0f1d640 Thread added: 0x000001fbdf61d6f0
Event: 2.862 Thread 0x000001fbc0f1d640 Thread added: 0x000001fbdf61d1e0
Event: 2.862 Thread 0x000001fbc0f1d640 Thread added: 0x000001fbdf61a960
Event: 2.862 Thread 0x000001fbc0f1d640 Thread added: 0x000001fbdf61c2b0
Event: 2.862 Thread 0x000001fbc0f1d640 Thread added: 0x000001fbdf61ccd0
Event: 2.862 Thread 0x000001fbc0f1d640 Thread added: 0x000001fbdf619f40
Event: 2.862 Thread 0x000001fbc0f1d640 Thread added: 0x000001fbdf61a450
Event: 2.862 Thread 0x000001fbc0f1d640 Thread added: 0x000001fbdf61ae70
Event: 2.863 Thread 0x000001fbc0f1d640 Thread added: 0x000001fbdf22b930
Event: 2.880 Thread 0x000001fbc0f1d640 Thread added: 0x000001fbdf22b420
Event: 3.069 Thread 0x000001fbc0f1d640 Thread added: 0x000001fbdf22c350
Event: 3.070 Thread 0x000001fbc0f1d640 Thread added: 0x000001fbdf22d790


Dynamic libraries:
0x00007ff70f050000 - 0x00007ff70f05e000 	c:\Users\HP\.vscode\extensions\redhat.java-1.38.0-win32-x64\jre\17.0.13-win32-x86_64\bin\java.exe
0x00007fffea340000 - 0x00007fffea5a3000 	C:\WINDOWS\SYSTEM32\ntdll.dll
0x00007fffe9620000 - 0x00007fffe96e8000 	C:\WINDOWS\System32\KERNEL32.DLL
0x00007fffe7740000 - 0x00007fffe7af2000 	C:\WINDOWS\System32\KERNELBASE.dll
0x00007fffe8050000 - 0x00007fffe819b000 	C:\WINDOWS\System32\ucrtbase.dll
0x00007fffa7ed0000 - 0x00007fffa7ee7000 	c:\Users\HP\.vscode\extensions\redhat.java-1.38.0-win32-x64\jre\17.0.13-win32-x86_64\bin\jli.dll
0x00007fffe92b0000 - 0x00007fffe9478000 	C:\WINDOWS\System32\USER32.dll
0x00007fffe7710000 - 0x00007fffe7737000 	C:\WINDOWS\System32\win32u.dll
0x00007fffea2d0000 - 0x00007fffea2fa000 	C:\WINDOWS\System32\GDI32.dll
0x00007fffe7e80000 - 0x00007fffe7fab000 	C:\WINDOWS\System32\gdi32full.dll
0x00007fffe7c80000 - 0x00007fffe7d23000 	C:\WINDOWS\System32\msvcp_win.dll
0x00007fff7a1e0000 - 0x00007fff7a1fe000 	c:\Users\HP\.vscode\extensions\redhat.java-1.38.0-win32-x64\jre\17.0.13-win32-x86_64\bin\VCRUNTIME140.dll
0x00007fffbd760000 - 0x00007fffbd9f0000 	C:\WINDOWS\WinSxS\amd64_microsoft.windows.common-controls_6595b64144ccf1df_6.0.26100.2454_none_3e0b68a2e331ad60\COMCTL32.dll
0x00007fffe99b0000 - 0x00007fffe9a59000 	C:\WINDOWS\System32\msvcrt.dll
0x00007fffe9500000 - 0x00007fffe952f000 	C:\WINDOWS\System32\IMM32.DLL
0x00007fffa7ec0000 - 0x00007fffa7ecc000 	c:\Users\HP\.vscode\extensions\redhat.java-1.38.0-win32-x64\jre\17.0.13-win32-x86_64\bin\vcruntime140_1.dll
0x00007fff54e80000 - 0x00007fff54f0d000 	c:\Users\HP\.vscode\extensions\redhat.java-1.38.0-win32-x64\jre\17.0.13-win32-x86_64\bin\msvcp140.dll
0x00007fff3f080000 - 0x00007fff3fceb000 	c:\Users\HP\.vscode\extensions\redhat.java-1.38.0-win32-x64\jre\17.0.13-win32-x86_64\bin\server\jvm.dll
0x00007fffe9850000 - 0x00007fffe9904000 	C:\WINDOWS\System32\ADVAPI32.dll
0x00007fffe9030000 - 0x00007fffe90d6000 	C:\WINDOWS\System32\sechost.dll
0x00007fffe8210000 - 0x00007fffe8326000 	C:\WINDOWS\System32\RPCRT4.dll
0x00007fffea220000 - 0x00007fffea294000 	C:\WINDOWS\System32\WS2_32.dll
0x00007fffe63c0000 - 0x00007fffe640e000 	C:\WINDOWS\SYSTEM32\POWRPROF.dll
0x00007fffdb260000 - 0x00007fffdb296000 	C:\WINDOWS\SYSTEM32\WINMM.dll
0x00007fffd5040000 - 0x00007fffd504b000 	C:\WINDOWS\SYSTEM32\VERSION.dll
0x00007fffe63a0000 - 0x00007fffe63b4000 	C:\WINDOWS\SYSTEM32\UMPDC.dll
0x00007fffe6660000 - 0x00007fffe667a000 	C:\WINDOWS\SYSTEM32\kernel.appcore.dll
0x00007fffa06e0000 - 0x00007fffa06ea000 	c:\Users\HP\.vscode\extensions\redhat.java-1.38.0-win32-x64\jre\17.0.13-win32-x86_64\bin\jimage.dll
0x00007fffe50a0000 - 0x00007fffe52e1000 	C:\WINDOWS\SYSTEM32\DBGHELP.DLL
0x00007fffe8660000 - 0x00007fffe89de000 	C:\WINDOWS\System32\combase.dll
0x00007fffe89f0000 - 0x00007fffe8ac6000 	C:\WINDOWS\System32\OLEAUT32.dll
0x00007fffba240000 - 0x00007fffba279000 	C:\WINDOWS\SYSTEM32\dbgcore.DLL
0x00007fffe7fb0000 - 0x00007fffe8049000 	C:\WINDOWS\System32\bcryptPrimitives.dll
0x00007fffce630000 - 0x00007fffce63e000 	c:\Users\HP\.vscode\extensions\redhat.java-1.38.0-win32-x64\jre\17.0.13-win32-x86_64\bin\instrument.dll
0x00007fff79cc0000 - 0x00007fff79ce5000 	c:\Users\HP\.vscode\extensions\redhat.java-1.38.0-win32-x64\jre\17.0.13-win32-x86_64\bin\java.dll
0x00007fff7a1c0000 - 0x00007fff7a1d8000 	c:\Users\HP\.vscode\extensions\redhat.java-1.38.0-win32-x64\jre\17.0.13-win32-x86_64\bin\zip.dll
0x00007fffe9b10000 - 0x00007fffea211000 	C:\WINDOWS\System32\SHELL32.dll
0x00007fffe53e0000 - 0x00007fffe5c11000 	C:\WINDOWS\SYSTEM32\windows.storage.dll
0x00007fffe9540000 - 0x00007fffe961a000 	C:\WINDOWS\System32\SHCORE.dll
0x00007fffe81b0000 - 0x00007fffe820d000 	C:\WINDOWS\System32\shlwapi.dll
0x00007fffe7620000 - 0x00007fffe764e000 	C:\WINDOWS\SYSTEM32\profapi.dll
0x00007fff79f30000 - 0x00007fff79f49000 	C:\Users\HP\.vscode\extensions\redhat.java-1.38.0-win32-x64\jre\17.0.13-win32-x86_64\bin\net.dll
0x00007fffdaac0000 - 0x00007fffdabe6000 	C:\WINDOWS\SYSTEM32\WINHTTP.dll
0x00007fffe6b60000 - 0x00007fffe6bc8000 	C:\WINDOWS\system32\mswsock.dll
0x00007fff79d60000 - 0x00007fff79d76000 	C:\Users\HP\.vscode\extensions\redhat.java-1.38.0-win32-x64\jre\17.0.13-win32-x86_64\bin\nio.dll
0x00007fff95810000 - 0x00007fff95820000 	c:\Users\HP\.vscode\extensions\redhat.java-1.38.0-win32-x64\jre\17.0.13-win32-x86_64\bin\verify.dll
0x00007fff789b0000 - 0x00007fff789f5000 	C:\Users\HP\AppData\Roaming\Code\User\globalStorage\redhat.java\1.38.0\config_win\org.eclipse.equinox.launcher\org.eclipse.equinox.launcher.win32.win32.x86_64_1.2.1100.v20240722-2106\eclipse_11904.dll
0x00007fffe84c0000 - 0x00007fffe8659000 	C:\WINDOWS\System32\ole32.dll
0x00007fffe6e00000 - 0x00007fffe6e1c000 	C:\WINDOWS\SYSTEM32\CRYPTSP.dll
0x00007fffe65c0000 - 0x00007fffe65f8000 	C:\WINDOWS\system32\rsaenh.dll
0x00007fffe6c00000 - 0x00007fffe6c2b000 	C:\WINDOWS\SYSTEM32\USERENV.dll
0x00007fffe7040000 - 0x00007fffe7066000 	C:\WINDOWS\SYSTEM32\bcrypt.dll
0x00007fffe6e20000 - 0x00007fffe6e2c000 	C:\WINDOWS\SYSTEM32\CRYPTBASE.dll
0x00007fffe5f10000 - 0x00007fffe5f42000 	C:\WINDOWS\SYSTEM32\IPHLPAPI.DLL
0x00007fffe81a0000 - 0x00007fffe81aa000 	C:\WINDOWS\System32\NSI.dll
0x00007fffda650000 - 0x00007fffda66e000 	C:\WINDOWS\SYSTEM32\dhcpcsvc6.DLL
0x00007fffda620000 - 0x00007fffda645000 	C:\WINDOWS\SYSTEM32\dhcpcsvc.DLL
0x00007fffe5f70000 - 0x00007fffe6095000 	C:\WINDOWS\SYSTEM32\DNSAPI.dll
0x00007fff5e0a0000 - 0x00007fff5e0e9000 	C:\Users\HP\AppData\Local\Temp\jna-2312\jna9444378585658780885.dll
0x00007fffe99a0000 - 0x00007fffe99a8000 	C:\WINDOWS\System32\PSAPI.DLL

dbghelp: loaded successfully - version: 4.0.5 - missing functions: none
symbol engine: initialized successfully - sym options: 0x614 - pdb path: .;c:\Users\HP\.vscode\extensions\redhat.java-1.38.0-win32-x64\jre\17.0.13-win32-x86_64\bin;C:\WINDOWS\SYSTEM32;C:\WINDOWS\WinSxS\amd64_microsoft.windows.common-controls_6595b64144ccf1df_6.0.26100.2454_none_3e0b68a2e331ad60;c:\Users\HP\.vscode\extensions\redhat.java-1.38.0-win32-x64\jre\17.0.13-win32-x86_64\bin\server;C:\Users\HP\AppData\Roaming\Code\User\globalStorage\redhat.java\1.38.0\config_win\org.eclipse.equinox.launcher\org.eclipse.equinox.launcher.win32.win32.x86_64_1.2.1100.v20240722-2106;C:\Users\HP\AppData\Local\Temp\jna-2312

VM Arguments:
jvm_args: --add-modules=ALL-SYSTEM --add-opens=java.base/java.util=ALL-UNNAMED --add-opens=java.base/java.lang=ALL-UNNAMED --add-opens=java.base/sun.nio.fs=ALL-UNNAMED -Declipse.application=org.eclipse.jdt.ls.core.id1 -Dosgi.bundles.defaultStartLevel=4 -Declipse.product=org.eclipse.jdt.ls.core.product -Djava.import.generatesMetadataFilesAtProjectRoot=false -DDetectVMInstallationsJob.disabled=true -Dfile.encoding=utf8 -XX:+UseParallelGC -XX:GCTimeRatio=4 -XX:AdaptiveSizePolicyWeight=90 -Dsun.zip.disableMemoryMapping=true -Xmx1G -Xms100m -Xlog:disable -javaagent:c:\Users\HP\.vscode\extensions\redhat.java-1.38.0-win32-x64\lombok\lombok-1.18.34.jar -XX:+HeapDumpOnOutOfMemoryError -XX:HeapDumpPath=c:\Users\HP\AppData\Roaming\Code\User\workspaceStorage\3733e045233a5ffff697c38bc414c6f0\redhat.java -Daether.dependencyCollector.impl=bf 
java_command: c:\Users\HP\.vscode\extensions\redhat.java-1.38.0-win32-x64\server\plugins\org.eclipse.equinox.launcher_1.6.900.v20240613-2009.jar -configuration c:\Users\HP\AppData\Roaming\Code\User\globalStorage\redhat.java\1.38.0\config_win -data c:\Users\HP\AppData\Roaming\Code\User\workspaceStorage\3733e045233a5ffff697c38bc414c6f0\redhat.java\jdt_ws --pipe=\\.\pipe\lsp-862c5135019c75cc5f1e37729045eb16-sock
java_class_path (initial): c:\Users\HP\.vscode\extensions\redhat.java-1.38.0-win32-x64\server\plugins\org.eclipse.equinox.launcher_1.6.900.v20240613-2009.jar
Launcher Type: SUN_STANDARD

[Global flags]
    uintx AdaptiveSizePolicyWeight                 = 90                                        {product} {command line}
     intx CICompilerCount                          = 4                                         {product} {ergonomic}
    uintx GCTimeRatio                              = 4                                         {product} {command line}
     bool HeapDumpOnOutOfMemoryError               = true                                   {manageable} {command line}
    ccstr HeapDumpPath                             = c:\Users\HP\AppData\Roaming\Code\User\workspaceStorage\3733e045233a5ffff697c38bc414c6f0\redhat.java         {manageable} {command line}
   size_t InitialHeapSize                          = 104857600                                 {product} {command line}
   size_t MaxHeapSize                              = 1073741824                                {product} {command line}
   size_t MaxNewSize                               = 357564416                                 {product} {ergonomic}
   size_t MinHeapDeltaBytes                        = 524288                                    {product} {ergonomic}
   size_t MinHeapSize                              = 104857600                                 {product} {command line}
   size_t NewSize                                  = 34603008                                  {product} {ergonomic}
    uintx NonNMethodCodeHeapSize                   = 5839372                                {pd product} {ergonomic}
    uintx NonProfiledCodeHeapSize                  = 122909434                              {pd product} {ergonomic}
   size_t OldSize                                  = 70254592                                  {product} {ergonomic}
    uintx ProfiledCodeHeapSize                     = 122909434                              {pd product} {ergonomic}
    uintx ReservedCodeCacheSize                    = 251658240                              {pd product} {ergonomic}
     bool SegmentedCodeCache                       = true                                      {product} {ergonomic}
   size_t SoftMaxHeapSize                          = 1073741824                             {manageable} {ergonomic}
     bool UseCompressedClassPointers               = true                           {product lp64_product} {ergonomic}
     bool UseCompressedOops                        = true                           {product lp64_product} {ergonomic}
     bool UseLargePagesIndividualAllocation        = false                                  {pd product} {ergonomic}
     bool UseParallelGC                            = true                                      {product} {command line}

Logging:
Log output configuration:
 #0: stdout all=off uptime,level,tags
 #1: stderr all=off uptime,level,tags

Environment Variables:
JAVA_HOME=C:\Program Files\Zulu\zulu-17\
PATH=C:\Program Files\Zulu\zulu-17\bin\;C:\Users\HP\AppData\Local\Programs\Python\Python312\Scripts\;C:\Users\HP\AppData\Local\Programs\Python\Python312\;C:\windows\system32;C:\windows;C:\windows\System32\Wbem;C:\windows\System32\WindowsPowerShell\v1.0\;C:\windows\System32\OpenSSH\;C:\Program Files (x86)\NVIDIA Corporation\PhysX\Common;C:\Program Files\NVIDIA Corporation\NVIDIA NvDLISR;C:\Program Files\dotnet\;C:\Windows\system32;C:\apache-maven-3.9.4\bin;C:\Program Files\Java\jdk-23;C:\Program Files\Java\jdk-23\bin;C:\Program Files\apache-maven-3.9.4\bin;D:\MinGW\i686-8.1.0-release-posix-dwarf-rt_v6-rev0\mingw32\bin;C:\msys64\mingw64\bin;C:\msys64\ucrt64\bin;C:\Program Files\nodejs\;C:\ProgramData\chocolatey\bin;C:\msys64\ucrt64\include;C:\msys64\ucrt64\;C:\Program Files\HP\HP One Agent;C:\Users\HP\Downloads\2024 08\kotlin-compiler-2.0.20\kotlinc\bin;C:\Users\HP\AppData\Local\Android\Sdk\platform-tools;C:\src\flutter\bin;C:\Program Files\Tesseract-OCR;C:\WINDOWS\system32;C:\WINDOWS;C:\WINDOWS\System32\Wbem;C:\WINDOWS\System32\WindowsPowerShell\v1.0\;C:\WINDOWS\System32\OpenSSH\;C:\Program Files\Zulu\zulu-17\\bin\;C:\Program Files\Docker\Docker\resources\bin;C:\Program Files\Git\cmd;C:\Users\HP\AppData\Local\Microsoft\WindowsApps;C:\Users\HP\AppData\Local\Programs\Microsoft VS Code\bin;C:\Program Files\sf\bin;C:\MinGW\bin;C:\Users\HP\AppData\Roaming\npm;C:\Users\HP\AppData\Local\Pandoc\;C:\Users\HP\Downloads\2024 08\kotlin-compiler-2.0.20\kotlinc\bin;C:\Users\HP\AppData\Local\GitHubDesktop\bin;C:\Program Files\JetBrains\IntelliJ IDEA 2024.2.1\bin;;C:\Program Files\JetBrains\IntelliJ IDEA Community Edition 2024.3\bin;;D:\softwares\neo4j-community-5.26.1\bin;
USERNAME=HP
OS=Windows_NT
PROCESSOR_IDENTIFIER=Intel64 Family 6 Model 141 Stepping 1, GenuineIntel
TMP=C:\Users\HP\AppData\Local\Temp
TEMP=C:\Users\HP\AppData\Local\Temp



Periodic native trim disabled


---------------  S Y S T E M  ---------------

OS:
 Windows 11 , 64 bit Build 26100 (10.0.26100.2454)
OS uptime: 0 days 0:06 hours
Hyper-V role detected

CPU: total 12 (initial active 12) (6 cores per cpu, 2 threads per core) family 6 model 141 stepping 1 microcode 0x50, cx8, cmov, fxsr, ht, mmx, 3dnowpref, sse, sse2, sse3, ssse3, sse4.1, sse4.2, popcnt, lzcnt, tsc, tscinvbit, avx, avx2, aes, erms, clmul, bmi1, bmi2, adx, avx512f, avx512dq, avx512cd, avx512bw, avx512vl, sha, fma, vzeroupper, avx512_vpopcntdq, avx512_vpclmulqdq, avx512_vaes, avx512_vnni, clflush, clflushopt, clwb, avx512_vbmi2, avx512_vbmi, hv
Processor Information for all 12 processors :
  Max Mhz: 2688, Current Mhz: 2688, Mhz Limit: 2688

Memory: 4k page, system-wide physical 16022M (4431M free)
TotalPageFile size 49607M (AvailPageFile size 64M)
current process WorkingSet (physical memory assigned to process): 194M, peak: 196M
current process commit charge ("private bytes"): 291M, peak: 291M

vm_info: OpenJDK 64-Bit Server VM (17.0.13+11) for windows-amd64 JRE (17.0.13+11), built on Oct 16 2024 00:10:08 by "admin" with MS VC++ 17.7 (VS2022)

END.
