#
# There is insufficient memory for the Java Runtime Environment to continue.
# Native memory allocation (malloc) failed to allocate 1066928 bytes. Error detail: Chunk::new
# Possible reasons:
#   The system is out of physical RAM or swap space
#   This process is running with CompressedOops enabled, and the Java Heap may be blocking the growth of the native heap
# Possible solutions:
#   Reduce memory load on the system
#   Increase physical memory or swap space
#   Check if swap backing store is full
#   Decrease Java heap size (-Xmx/-Xms)
#   Decrease number of Java threads
#   Decrease Java thread stack sizes (-Xss)
#   Set larger code cache with -XX:ReservedCodeCacheSize=
#   JVM is running with Unscaled Compressed Oops mode in which the Java heap is
#     placed in the first 4GB address space. The Java Heap base address is the
#     maximum limit for the native heap growth. Please use -XX:HeapBaseMinAddress
#     to set the Java Heap base and to place the Java Heap above 4GB virtual address.
# This output file may be truncated or incomplete.
#
#  Out of Memory Error (arena.cpp:191), pid=19052, tid=5676
#
# JRE version: OpenJDK Runtime Environment Temurin-17.0.13+11 (17.0.13+11) (build 17.0.13+11)
# Java VM: OpenJDK 64-Bit Server VM Temurin-17.0.13+11 (17.0.13+11, mixed mode, tiered, compressed oops, compressed class ptrs, parallel gc, windows-amd64)
# No core dump will be written. Minidumps are not enabled by default on client versions of Windows
#

---------------  S U M M A R Y ------------

Command Line: --add-modules=ALL-SYSTEM --add-opens=java.base/java.util=ALL-UNNAMED --add-opens=java.base/java.lang=ALL-UNNAMED --add-opens=java.base/sun.nio.fs=ALL-UNNAMED -Declipse.application=org.eclipse.jdt.ls.core.id1 -Dosgi.bundles.defaultStartLevel=4 -Declipse.product=org.eclipse.jdt.ls.core.product -Djava.import.generatesMetadataFilesAtProjectRoot=false -DDetectVMInstallationsJob.disabled=true -Dfile.encoding=utf8 -XX:+UseParallelGC -XX:GCTimeRatio=4 -XX:AdaptiveSizePolicyWeight=90 -Dsun.zip.disableMemoryMapping=true -Xmx1G -Xms100m -Xlog:disable -javaagent:c:\Users\HP\.vscode\extensions\redhat.java-1.38.0-win32-x64\lombok\lombok-1.18.34.jar -XX:+HeapDumpOnOutOfMemoryError -XX:HeapDumpPath=c:\Users\HP\AppData\Roaming\Code\User\workspaceStorage\3733e045233a5ffff697c38bc414c6f0\redhat.java -Daether.dependencyCollector.impl=bf c:\Users\HP\.vscode\extensions\redhat.java-1.38.0-win32-x64\server\plugins\org.eclipse.equinox.launcher_1.6.900.v20240613-2009.jar -configuration c:\Users\HP\AppData\Roaming\Code\User\globalStorage\redhat.java\1.38.0\config_win -data c:\Users\HP\AppData\Roaming\Code\User\workspaceStorage\3733e045233a5ffff697c38bc414c6f0\redhat.java\jdt_ws --pipe=\\.\pipe\lsp-7bf6aecb3c3f73c4f6827832006bd625-sock

Host: 11th Gen Intel(R) Core(TM) i5-11400H @ 2.70GHz, 12 cores, 15G,  Windows 11 , 64 bit Build 26100 (10.0.26100.2454)
Time: Tue Jan 21 03:06:37 2025 India Standard Time elapsed time: 6.277090 seconds (0d 0h 0m 6s)

---------------  T H R E A D  ---------------

Current thread (0x0000029a97e0c2b0):  JavaThread "C2 CompilerThread1" daemon [_thread_in_native, id=5676, stack(0x000000bb31900000,0x000000bb31a00000)]


Current CompileTask:
C2:   6277 3864       4       org.lombokweb.asm.ClassReader::readMethod (1066 bytes)

Stack: [0x000000bb31900000,0x000000bb31a00000]
Native frames: (J=compiled Java code, j=interpreted, Vv=VM code, C=native code)
V  [jvm.dll+0x682a19]
V  [jvm.dll+0x839538]
V  [jvm.dll+0x83afe3]
V  [jvm.dll+0x83b653]
V  [jvm.dll+0x24704f]
V  [jvm.dll+0xace34]
V  [jvm.dll+0xad4cc]
V  [jvm.dll+0x36597e]
V  [jvm.dll+0x1ba60a]
V  [jvm.dll+0x2181a7]
V  [jvm.dll+0x21748f]
V  [jvm.dll+0x1a3070]
V  [jvm.dll+0x22788c]
V  [jvm.dll+0x2259eb]
V  [jvm.dll+0x7eec98]
V  [jvm.dll+0x7e8ffc]
V  [jvm.dll+0x6818f7]
C  [ucrtbase.dll+0x14ea0]
C  [KERNEL32.DLL+0x2e8d7]
C  [ntdll.dll+0xdfbcc]


---------------  P R O C E S S  ---------------

Threads class SMR info:
_java_thread_list=0x0000029a97bb92e0, length=24, elements={
0x0000029afbf2c7c0, 0x0000029afbfdcbd0, 0x0000029afbfde9b0, 0x0000029a9560d260,
0x0000029a956108b0, 0x0000029a95611b20, 0x0000029a9561c890, 0x0000029a9561e0b0,
0x0000029a95620150, 0x0000029a9562bdb0, 0x0000029a9578a400, 0x0000029a96dda7d0,
0x0000029a977cf6f0, 0x0000029a97785e90, 0x0000029a97837160, 0x0000029a97837640,
0x0000029a974ca880, 0x0000029a97cd27d0, 0x0000029a97cd31f0, 0x0000029a97e0c2b0,
0x0000029a97cd3700, 0x0000029a97cd2ce0, 0x0000029a97cd3c10, 0x0000029a97cd4b40
}

Java Threads: ( => current thread )
  0x0000029afbf2c7c0 JavaThread "main" [_thread_blocked, id=2208, stack(0x000000bb2fa00000,0x000000bb2fb00000)]
  0x0000029afbfdcbd0 JavaThread "Reference Handler" daemon [_thread_blocked, id=24872, stack(0x000000bb2fd00000,0x000000bb2fe00000)]
  0x0000029afbfde9b0 JavaThread "Finalizer" daemon [_thread_blocked, id=16824, stack(0x000000bb2fe00000,0x000000bb2ff00000)]
  0x0000029a9560d260 JavaThread "Signal Dispatcher" daemon [_thread_blocked, id=22748, stack(0x000000bb2ff00000,0x000000bb30000000)]
  0x0000029a956108b0 JavaThread "Attach Listener" daemon [_thread_blocked, id=7288, stack(0x000000bb30000000,0x000000bb30100000)]
  0x0000029a95611b20 JavaThread "Service Thread" daemon [_thread_blocked, id=12856, stack(0x000000bb30100000,0x000000bb30200000)]
  0x0000029a9561c890 JavaThread "Monitor Deflation Thread" daemon [_thread_blocked, id=3988, stack(0x000000bb30200000,0x000000bb30300000)]
  0x0000029a9561e0b0 JavaThread "C2 CompilerThread0" daemon [_thread_blocked, id=10700, stack(0x000000bb30300000,0x000000bb30400000)]
  0x0000029a95620150 JavaThread "C1 CompilerThread0" daemon [_thread_in_native, id=23396, stack(0x000000bb30400000,0x000000bb30500000)]
  0x0000029a9562bdb0 JavaThread "Sweeper thread" daemon [_thread_blocked, id=12180, stack(0x000000bb30500000,0x000000bb30600000)]
  0x0000029a9578a400 JavaThread "Common-Cleaner" daemon [_thread_blocked, id=6036, stack(0x000000bb30600000,0x000000bb30700000)]
  0x0000029a96dda7d0 JavaThread "Notification Thread" daemon [_thread_blocked, id=2628, stack(0x000000bb30800000,0x000000bb30900000)]
  0x0000029a977cf6f0 JavaThread "Active Thread: Equinox Container: 3627df87-1a11-4b88-8eb5-a601075e8187" [_thread_blocked, id=10116, stack(0x000000bb31100000,0x000000bb31200000)]
  0x0000029a97785e90 JavaThread "Refresh Thread: Equinox Container: 3627df87-1a11-4b88-8eb5-a601075e8187" daemon [_thread_blocked, id=11368, stack(0x000000bb30700000,0x000000bb30800000)]
  0x0000029a97837160 JavaThread "Framework Event Dispatcher: Equinox Container: 3627df87-1a11-4b88-8eb5-a601075e8187" daemon [_thread_blocked, id=11956, stack(0x000000bb30a00000,0x000000bb30b00000)]
  0x0000029a97837640 JavaThread "Start Level: Equinox Container: 3627df87-1a11-4b88-8eb5-a601075e8187" daemon [_thread_in_vm, id=25328, stack(0x000000bb31200000,0x000000bb31300000)]
  0x0000029a974ca880 JavaThread "Bundle File Closer" daemon [_thread_blocked, id=9688, stack(0x000000bb31400000,0x000000bb31500000)]
  0x0000029a97cd27d0 JavaThread "SCR Component Actor" daemon [_thread_blocked, id=1952, stack(0x000000bb31700000,0x000000bb31800000)]
  0x0000029a97cd31f0 JavaThread "SCR Component Registry" daemon [_thread_blocked, id=23436, stack(0x000000bb31800000,0x000000bb31900000)]
=>0x0000029a97e0c2b0 JavaThread "C2 CompilerThread1" daemon [_thread_in_native, id=5676, stack(0x000000bb31900000,0x000000bb31a00000)]
  0x0000029a97cd3700 JavaThread "Worker-JM" [_thread_blocked, id=22404, stack(0x000000bb31a00000,0x000000bb31b00000)]
  0x0000029a97cd2ce0 JavaThread "JNA Cleaner" daemon [_thread_blocked, id=22848, stack(0x000000bb31b00000,0x000000bb31c00000)]
  0x0000029a97cd3c10 JavaThread "Worker-0" [_thread_blocked, id=9848, stack(0x000000bb31c00000,0x000000bb31d00000)]
  0x0000029a97cd4b40 JavaThread "Worker-1: Repository registry initialization" [_thread_in_Java, id=24224, stack(0x000000bb31d00000,0x000000bb31e00000)]

Other Threads:
  0x0000029afbfb5fe0 VMThread "VM Thread" [stack: 0x000000bb2fc00000,0x000000bb2fd00000] [id=4572]
  0x0000029a96da97e0 WatcherThread [stack: 0x000000bb30900000,0x000000bb30a00000] [id=24456]
  0x0000029afbf41750 GCTaskThread "GC Thread#0" [stack: 0x000000bb2fb00000,0x000000bb2fc00000] [id=19356]
  0x0000029a973e9f30 GCTaskThread "GC Thread#1" [stack: 0x000000bb30b00000,0x000000bb30c00000] [id=21596]
  0x0000029a973c3440 GCTaskThread "GC Thread#2" [stack: 0x000000bb30c00000,0x000000bb30d00000] [id=19728]
  0x0000029a9738bbd0 GCTaskThread "GC Thread#3" [stack: 0x000000bb30d00000,0x000000bb30e00000] [id=21016]
  0x0000029a9738be90 GCTaskThread "GC Thread#4" [stack: 0x000000bb30e00000,0x000000bb30f00000] [id=12876]
  0x0000029a9738c150 GCTaskThread "GC Thread#5" [stack: 0x000000bb30f00000,0x000000bb31000000] [id=20524]
  0x0000029a9738e420 GCTaskThread "GC Thread#6" [stack: 0x000000bb31000000,0x000000bb31100000] [id=24064]
  0x0000029a979c7880 GCTaskThread "GC Thread#7" [stack: 0x000000bb31300000,0x000000bb31400000] [id=11676]
  0x0000029a97a1caa0 GCTaskThread "GC Thread#8" [stack: 0x000000bb31500000,0x000000bb31600000] [id=12744]
  0x0000029a97a1cd60 GCTaskThread "GC Thread#9" [stack: 0x000000bb31600000,0x000000bb31700000] [id=23968]

Threads with active compile tasks:
C2 CompilerThread0     6298 3962       4       org.codehaus.plexus.util.xml.pull.MXParser::more (106 bytes)
C1 CompilerThread0     6298 3963       3       org.codehaus.plexus.util.xml.pull.MXParser::nextImpl (1203 bytes)
C2 CompilerThread1     6298 3864       4       org.lombokweb.asm.ClassReader::readMethod (1066 bytes)

VM state: not at safepoint (normal execution)

VM Mutex/Monitor currently owned by a thread: None

Heap address: 0x00000000c0000000, size: 1024 MB, Compressed Oops mode: 32-bit

CDS archive(s) not mapped
Compressed class space mapped at: 0x0000000100000000-0x0000000140000000, reserved size: 1073741824
Narrow klass base: 0x0000000000000000, Narrow klass shift: 3, Narrow klass range: 0x140000000

GC Precious Log:
 CPUs: 12 total, 12 available
 Memory: 16022M
 Large Page Support: Disabled
 NUMA Support: Disabled
 Compressed Oops: Enabled (32-bit)
 Alignments: Space 512K, Generation 512K, Heap 2M
 Heap Min Capacity: 100M
 Heap Initial Capacity: 100M
 Heap Max Capacity: 1G
 Pre-touch: Disabled
 Parallel Workers: 10

Heap:
 PSYoungGen      total 26112K, used 19966K [0x00000000eab00000, 0x00000000ec800000, 0x0000000100000000)
  eden space 23552K, 75% used [0x00000000eab00000,0x00000000ebc57698,0x00000000ec200000)
  from space 2560K, 86% used [0x00000000ec280000,0x00000000ec4a82e0,0x00000000ec500000)
  to   space 3072K, 0% used [0x00000000ec500000,0x00000000ec500000,0x00000000ec800000)
 ParOldGen       total 68608K, used 12508K [0x00000000c0000000, 0x00000000c4300000, 0x00000000eab00000)
  object space 68608K, 18% used [0x00000000c0000000,0x00000000c0c372f0,0x00000000c4300000)
 Metaspace       used 34061K, committed 34880K, reserved 1114112K
  class space    used 3358K, committed 3712K, reserved 1048576K

Card table byte_map: [0x0000029afedb0000,0x0000029afefc0000] _byte_map_base: 0x0000029afe7b0000

Marking Bits: (ParMarkBitMap*) 0x00007ffc2d5e6940
 Begin Bits: [0x0000029a8f000000, 0x0000029a90000000)
 End Bits:   [0x0000029a90000000, 0x0000029a91000000)

Polling page: 0x0000029afa6a0000

Metaspace:

Usage:
  Non-class:     29.98 MB used.
      Class:      3.28 MB used.
       Both:     33.26 MB used.

Virtual space:
  Non-class space:       64.00 MB reserved,      30.44 MB ( 48%) committed,  1 nodes.
      Class space:        1.00 GB reserved,       3.62 MB ( <1%) committed,  1 nodes.
             Both:        1.06 GB reserved,      34.06 MB (  3%) committed. 

Chunk freelists:
   Non-Class:  1.17 MB
       Class:  12.38 MB
        Both:  13.55 MB

MaxMetaspaceSize: unlimited
CompressedClassSpaceSize: 1.00 GB
Initial GC threshold: 21.00 MB
Current GC threshold: 35.00 MB
CDS: off
MetaspaceReclaimPolicy: balanced
 - commit_granule_bytes: 65536.
 - commit_granule_words: 8192.
 - virtual_space_node_default_size: 8388608.
 - enlarge_chunks_in_place: 1.
 - new_chunks_are_fully_committed: 0.
 - uncommit_free_chunks: 1.
 - use_allocation_guard: 0.
 - handle_deallocations: 1.


Internal statistics:

num_allocs_failed_limit: 3.
num_arena_births: 584.
num_arena_deaths: 0.
num_vsnodes_births: 2.
num_vsnodes_deaths: 0.
num_space_committed: 545.
num_space_uncommitted: 0.
num_chunks_returned_to_freelist: 3.
num_chunks_taken_from_freelist: 1665.
num_chunk_merges: 3.
num_chunk_splits: 1067.
num_chunks_enlarged: 655.
num_inconsistent_stats: 0.

CodeHeap 'non-profiled nmethods': size=120000Kb used=1720Kb max_used=1720Kb free=118279Kb
 bounds [0x0000029a87ad0000, 0x0000029a87d40000, 0x0000029a8f000000]
CodeHeap 'profiled nmethods': size=120000Kb used=8105Kb max_used=8105Kb free=111894Kb
 bounds [0x0000029a80000000, 0x0000029a807f0000, 0x0000029a87530000]
CodeHeap 'non-nmethods': size=5760Kb used=1271Kb max_used=1293Kb free=4488Kb
 bounds [0x0000029a87530000, 0x0000029a877a0000, 0x0000029a87ad0000]
 total_blobs=4537 nmethods=3960 adapters=490
 compilation: enabled
              stopped_count=0, restarted_count=0
 full_count=0

Compilation events (20 events):
Event: 5.236 Thread 0x0000029a95620150 nmethod 3919 0x0000029a87c7a690 code [0x0000029a87c7a820, 0x0000029a87c7a8f8]
Event: 5.236 Thread 0x0000029a95620150 3920       1       java.net.URI::getRawQuery (5 bytes)
Event: 5.236 Thread 0x0000029a95620150 nmethod 3920 0x0000029a87c7a990 code [0x0000029a87c7ab20, 0x0000029a87c7abf8]
Event: 5.240 Thread 0x0000029a95620150 3921       3       java.nio.file.Files::provider (10 bytes)
Event: 5.241 Thread 0x0000029a95620150 nmethod 3921 0x0000029a807d7610 code [0x0000029a807d77c0, 0x0000029a807d7988]
Event: 5.241 Thread 0x0000029a95620150 3922       3       sun.nio.fs.WindowsPath::getFileSystem (5 bytes)
Event: 5.241 Thread 0x0000029a95620150 nmethod 3922 0x0000029a807d7a90 code [0x0000029a807d7c20, 0x0000029a807d7db8]
Event: 5.241 Thread 0x0000029a95620150 3923       3       sun.nio.fs.WindowsPath::toWindowsPath (32 bytes)
Event: 5.241 Thread 0x0000029a95620150 nmethod 3923 0x0000029a807d7e90 code [0x0000029a807d8060, 0x0000029a807d84b8]
Event: 5.261 Thread 0x0000029a9561e0b0 3924       4       lombok.launch.ClassFileMetaData::decodeString (181 bytes)
Event: 5.266 Thread 0x0000029a95620150 3927       3       java.net.URL::<init> (7 bytes)
Event: 5.266 Thread 0x0000029a95620150 nmethod 3927 0x0000029a807d8610 code [0x0000029a807d87c0, 0x0000029a807d8968]
Event: 5.267 Thread 0x0000029a9561e0b0 nmethod 3924 0x0000029a87c7ac90 code [0x0000029a87c7ae40, 0x0000029a87c7b538]
Event: 5.267 Thread 0x0000029a9561e0b0 3925       4       lombok.launch.ClassFileMetaData::readValue (27 bytes)
Event: 5.268 Thread 0x0000029a9561e0b0 nmethod 3925 0x0000029a87c7b990 code [0x0000029a87c7bb00, 0x0000029a87c7bbd8]
Event: 5.268 Thread 0x0000029a9561e0b0 3926       4       lombok.launch.PackageShader::readValue (21 bytes)
Event: 5.268 Thread 0x0000029a9561e0b0 nmethod 3926 0x0000029a87c7bd10 code [0x0000029a87c7be80, 0x0000029a87c7bf38]
Event: 5.271 Thread 0x0000029a95620150 3928       3       java.net.URL::toString (5 bytes)
Event: 5.271 Thread 0x0000029a95620150 nmethod 3928 0x0000029a807d8a90 code [0x0000029a807d8c40, 0x0000029a807d8e68]
Event: 5.793 Thread 0x0000029a95620150 3929       3       jdk.internal.misc.Unsafe::weakCompareAndSetLong (11 bytes)

GC Heap History (20 events):
Event: 0.652 GC heap before
{Heap before GC invocations=1 (full 0):
 PSYoungGen      total 29696K, used 25600K [0x00000000eab00000, 0x00000000ecc00000, 0x0000000100000000)
  eden space 25600K, 100% used [0x00000000eab00000,0x00000000ec400000,0x00000000ec400000)
  from space 4096K, 0% used [0x00000000ec800000,0x00000000ec800000,0x00000000ecc00000)
  to   space 4096K, 0% used [0x00000000ec400000,0x00000000ec400000,0x00000000ec800000)
 ParOldGen       total 68608K, used 0K [0x00000000c0000000, 0x00000000c4300000, 0x00000000eab00000)
  object space 68608K, 0% used [0x00000000c0000000,0x00000000c0000000,0x00000000c4300000)
 Metaspace       used 10944K, committed 11072K, reserved 1114112K
  class space    used 1090K, committed 1152K, reserved 1048576K
}
Event: 0.660 GC heap after
{Heap after GC invocations=1 (full 0):
 PSYoungGen      total 29696K, used 3189K [0x00000000eab00000, 0x00000000ecc00000, 0x0000000100000000)
  eden space 25600K, 0% used [0x00000000eab00000,0x00000000eab00000,0x00000000ec400000)
  from space 4096K, 77% used [0x00000000ec400000,0x00000000ec71d4f8,0x00000000ec800000)
  to   space 4096K, 0% used [0x00000000ec800000,0x00000000ec800000,0x00000000ecc00000)
 ParOldGen       total 68608K, used 16K [0x00000000c0000000, 0x00000000c4300000, 0x00000000eab00000)
  object space 68608K, 0% used [0x00000000c0000000,0x00000000c0004000,0x00000000c4300000)
 Metaspace       used 10944K, committed 11072K, reserved 1114112K
  class space    used 1090K, committed 1152K, reserved 1048576K
}
Event: 1.712 GC heap before
{Heap before GC invocations=2 (full 0):
 PSYoungGen      total 29696K, used 28789K [0x00000000eab00000, 0x00000000ecc00000, 0x0000000100000000)
  eden space 25600K, 100% used [0x00000000eab00000,0x00000000ec400000,0x00000000ec400000)
  from space 4096K, 77% used [0x00000000ec400000,0x00000000ec71d4f8,0x00000000ec800000)
  to   space 4096K, 0% used [0x00000000ec800000,0x00000000ec800000,0x00000000ecc00000)
 ParOldGen       total 68608K, used 16K [0x00000000c0000000, 0x00000000c4300000, 0x00000000eab00000)
  object space 68608K, 0% used [0x00000000c0000000,0x00000000c0004000,0x00000000c4300000)
 Metaspace       used 14471K, committed 14656K, reserved 1114112K
  class space    used 1446K, committed 1536K, reserved 1048576K
}
Event: 1.716 GC heap after
{Heap after GC invocations=2 (full 0):
 PSYoungGen      total 29696K, used 4068K [0x00000000eab00000, 0x00000000ecc00000, 0x0000000100000000)
  eden space 25600K, 0% used [0x00000000eab00000,0x00000000eab00000,0x00000000ec400000)
  from space 4096K, 99% used [0x00000000ec800000,0x00000000ecbf91b8,0x00000000ecc00000)
  to   space 4096K, 0% used [0x00000000ec400000,0x00000000ec400000,0x00000000ec800000)
 ParOldGen       total 68608K, used 1576K [0x00000000c0000000, 0x00000000c4300000, 0x00000000eab00000)
  object space 68608K, 2% used [0x00000000c0000000,0x00000000c018a360,0x00000000c4300000)
 Metaspace       used 14471K, committed 14656K, reserved 1114112K
  class space    used 1446K, committed 1536K, reserved 1048576K
}
Event: 3.127 GC heap before
{Heap before GC invocations=3 (full 0):
 PSYoungGen      total 29696K, used 29668K [0x00000000eab00000, 0x00000000ecc00000, 0x0000000100000000)
  eden space 25600K, 100% used [0x00000000eab00000,0x00000000ec400000,0x00000000ec400000)
  from space 4096K, 99% used [0x00000000ec800000,0x00000000ecbf91b8,0x00000000ecc00000)
  to   space 4096K, 0% used [0x00000000ec400000,0x00000000ec400000,0x00000000ec800000)
 ParOldGen       total 68608K, used 1576K [0x00000000c0000000, 0x00000000c4300000, 0x00000000eab00000)
  object space 68608K, 2% used [0x00000000c0000000,0x00000000c018a360,0x00000000c4300000)
 Metaspace       used 16224K, committed 16512K, reserved 1114112K
  class space    used 1639K, committed 1728K, reserved 1048576K
}
Event: 3.132 GC heap after
{Heap after GC invocations=3 (full 0):
 PSYoungGen      total 29696K, used 4076K [0x00000000eab00000, 0x00000000ecc00000, 0x0000000100000000)
  eden space 25600K, 0% used [0x00000000eab00000,0x00000000eab00000,0x00000000ec400000)
  from space 4096K, 99% used [0x00000000ec400000,0x00000000ec7fb168,0x00000000ec800000)
  to   space 4096K, 0% used [0x00000000ec800000,0x00000000ec800000,0x00000000ecc00000)
 ParOldGen       total 68608K, used 5528K [0x00000000c0000000, 0x00000000c4300000, 0x00000000eab00000)
  object space 68608K, 8% used [0x00000000c0000000,0x00000000c0566038,0x00000000c4300000)
 Metaspace       used 16224K, committed 16512K, reserved 1114112K
  class space    used 1639K, committed 1728K, reserved 1048576K
}
Event: 3.894 GC heap before
{Heap before GC invocations=4 (full 0):
 PSYoungGen      total 29696K, used 29676K [0x00000000eab00000, 0x00000000ecc00000, 0x0000000100000000)
  eden space 25600K, 100% used [0x00000000eab00000,0x00000000ec400000,0x00000000ec400000)
  from space 4096K, 99% used [0x00000000ec400000,0x00000000ec7fb168,0x00000000ec800000)
  to   space 4096K, 0% used [0x00000000ec800000,0x00000000ec800000,0x00000000ecc00000)
 ParOldGen       total 68608K, used 5528K [0x00000000c0000000, 0x00000000c4300000, 0x00000000eab00000)
  object space 68608K, 8% used [0x00000000c0000000,0x00000000c0566038,0x00000000c4300000)
 Metaspace       used 19557K, committed 19904K, reserved 1114112K
  class space    used 1994K, committed 2112K, reserved 1048576K
}
Event: 3.898 GC heap after
{Heap after GC invocations=4 (full 0):
 PSYoungGen      total 29696K, used 4078K [0x00000000eab00000, 0x00000000ecc00000, 0x0000000100000000)
  eden space 25600K, 0% used [0x00000000eab00000,0x00000000eab00000,0x00000000ec400000)
  from space 4096K, 99% used [0x00000000ec800000,0x00000000ecbfb928,0x00000000ecc00000)
  to   space 4096K, 0% used [0x00000000ec400000,0x00000000ec400000,0x00000000ec800000)
 ParOldGen       total 68608K, used 6548K [0x00000000c0000000, 0x00000000c4300000, 0x00000000eab00000)
  object space 68608K, 9% used [0x00000000c0000000,0x00000000c0665258,0x00000000c4300000)
 Metaspace       used 19557K, committed 19904K, reserved 1114112K
  class space    used 1994K, committed 2112K, reserved 1048576K
}
Event: 4.015 GC heap before
{Heap before GC invocations=5 (full 0):
 PSYoungGen      total 29696K, used 14063K [0x00000000eab00000, 0x00000000ecc00000, 0x0000000100000000)
  eden space 25600K, 39% used [0x00000000eab00000,0x00000000eb4c0420,0x00000000ec400000)
  from space 4096K, 99% used [0x00000000ec800000,0x00000000ecbfb928,0x00000000ecc00000)
  to   space 4096K, 0% used [0x00000000ec400000,0x00000000ec400000,0x00000000ec800000)
 ParOldGen       total 68608K, used 6548K [0x00000000c0000000, 0x00000000c4300000, 0x00000000eab00000)
  object space 68608K, 9% used [0x00000000c0000000,0x00000000c0665258,0x00000000c4300000)
 Metaspace       used 21112K, committed 21504K, reserved 1114112K
  class space    used 2134K, committed 2304K, reserved 1048576K
}
Event: 4.018 GC heap after
{Heap after GC invocations=5 (full 0):
 PSYoungGen      total 29696K, used 4077K [0x00000000eab00000, 0x00000000ece00000, 0x0000000100000000)
  eden space 25600K, 0% used [0x00000000eab00000,0x00000000eab00000,0x00000000ec400000)
  from space 4096K, 99% used [0x00000000ec400000,0x00000000ec7fb570,0x00000000ec800000)
  to   space 5120K, 0% used [0x00000000ec900000,0x00000000ec900000,0x00000000ece00000)
 ParOldGen       total 68608K, used 7004K [0x00000000c0000000, 0x00000000c4300000, 0x00000000eab00000)
  object space 68608K, 10% used [0x00000000c0000000,0x00000000c06d7268,0x00000000c4300000)
 Metaspace       used 21112K, committed 21504K, reserved 1114112K
  class space    used 2134K, committed 2304K, reserved 1048576K
}
Event: 4.018 GC heap before
{Heap before GC invocations=6 (full 1):
 PSYoungGen      total 29696K, used 4077K [0x00000000eab00000, 0x00000000ece00000, 0x0000000100000000)
  eden space 25600K, 0% used [0x00000000eab00000,0x00000000eab00000,0x00000000ec400000)
  from space 4096K, 99% used [0x00000000ec400000,0x00000000ec7fb570,0x00000000ec800000)
  to   space 5120K, 0% used [0x00000000ec900000,0x00000000ec900000,0x00000000ece00000)
 ParOldGen       total 68608K, used 7004K [0x00000000c0000000, 0x00000000c4300000, 0x00000000eab00000)
  object space 68608K, 10% used [0x00000000c0000000,0x00000000c06d7268,0x00000000c4300000)
 Metaspace       used 21112K, committed 21504K, reserved 1114112K
  class space    used 2134K, committed 2304K, reserved 1048576K
}
Event: 4.036 GC heap after
{Heap after GC invocations=6 (full 1):
 PSYoungGen      total 29696K, used 0K [0x00000000eab00000, 0x00000000ece00000, 0x0000000100000000)
  eden space 25600K, 0% used [0x00000000eab00000,0x00000000eab00000,0x00000000ec400000)
  from space 4096K, 0% used [0x00000000ec400000,0x00000000ec400000,0x00000000ec800000)
  to   space 5120K, 0% used [0x00000000ec900000,0x00000000ec900000,0x00000000ece00000)
 ParOldGen       total 68608K, used 10809K [0x00000000c0000000, 0x00000000c4300000, 0x00000000eab00000)
  object space 68608K, 15% used [0x00000000c0000000,0x00000000c0a8e590,0x00000000c4300000)
 Metaspace       used 21112K, committed 21504K, reserved 1114112K
  class space    used 2134K, committed 2304K, reserved 1048576K
}
Event: 4.377 GC heap before
{Heap before GC invocations=7 (full 1):
 PSYoungGen      total 29696K, used 25600K [0x00000000eab00000, 0x00000000ece00000, 0x0000000100000000)
  eden space 25600K, 100% used [0x00000000eab00000,0x00000000ec400000,0x00000000ec400000)
  from space 4096K, 0% used [0x00000000ec400000,0x00000000ec400000,0x00000000ec800000)
  to   space 5120K, 0% used [0x00000000ec900000,0x00000000ec900000,0x00000000ece00000)
 ParOldGen       total 68608K, used 10809K [0x00000000c0000000, 0x00000000c4300000, 0x00000000eab00000)
  object space 68608K, 15% used [0x00000000c0000000,0x00000000c0a8e590,0x00000000c4300000)
 Metaspace       used 24923K, committed 25408K, reserved 1114112K
  class space    used 2552K, committed 2752K, reserved 1048576K
}
Event: 4.379 GC heap after
{Heap after GC invocations=7 (full 1):
 PSYoungGen      total 26624K, used 1379K [0x00000000eab00000, 0x00000000eca80000, 0x0000000100000000)
  eden space 25088K, 0% used [0x00000000eab00000,0x00000000eab00000,0x00000000ec380000)
  from space 1536K, 89% used [0x00000000ec900000,0x00000000eca58e70,0x00000000eca80000)
  to   space 3072K, 0% used [0x00000000ec480000,0x00000000ec480000,0x00000000ec780000)
 ParOldGen       total 68608K, used 10817K [0x00000000c0000000, 0x00000000c4300000, 0x00000000eab00000)
  object space 68608K, 15% used [0x00000000c0000000,0x00000000c0a90590,0x00000000c4300000)
 Metaspace       used 24923K, committed 25408K, reserved 1114112K
  class space    used 2552K, committed 2752K, reserved 1048576K
}
Event: 4.711 GC heap before
{Heap before GC invocations=8 (full 1):
 PSYoungGen      total 26624K, used 26467K [0x00000000eab00000, 0x00000000eca80000, 0x0000000100000000)
  eden space 25088K, 100% used [0x00000000eab00000,0x00000000ec380000,0x00000000ec380000)
  from space 1536K, 89% used [0x00000000ec900000,0x00000000eca58e70,0x00000000eca80000)
  to   space 3072K, 0% used [0x00000000ec480000,0x00000000ec480000,0x00000000ec780000)
 ParOldGen       total 68608K, used 10817K [0x00000000c0000000, 0x00000000c4300000, 0x00000000eab00000)
  object space 68608K, 15% used [0x00000000c0000000,0x00000000c0a90590,0x00000000c4300000)
 Metaspace       used 27673K, committed 28416K, reserved 1114112K
  class space    used 2872K, committed 3200K, reserved 1048576K
}
Event: 4.713 GC heap after
{Heap after GC invocations=8 (full 1):
 PSYoungGen      total 27648K, used 3062K [0x00000000eab00000, 0x00000000eca00000, 0x0000000100000000)
  eden space 24576K, 0% used [0x00000000eab00000,0x00000000eab00000,0x00000000ec300000)
  from space 3072K, 99% used [0x00000000ec480000,0x00000000ec77db40,0x00000000ec780000)
  to   space 2560K, 0% used [0x00000000ec780000,0x00000000ec780000,0x00000000eca00000)
 ParOldGen       total 68608K, used 10841K [0x00000000c0000000, 0x00000000c4300000, 0x00000000eab00000)
  object space 68608K, 15% used [0x00000000c0000000,0x00000000c0a96590,0x00000000c4300000)
 Metaspace       used 27673K, committed 28416K, reserved 1114112K
  class space    used 2872K, committed 3200K, reserved 1048576K
}
Event: 4.927 GC heap before
{Heap before GC invocations=9 (full 1):
 PSYoungGen      total 27648K, used 27459K [0x00000000eab00000, 0x00000000eca00000, 0x0000000100000000)
  eden space 24576K, 99% used [0x00000000eab00000,0x00000000ec2d3160,0x00000000ec300000)
  from space 3072K, 99% used [0x00000000ec480000,0x00000000ec77db40,0x00000000ec780000)
  to   space 2560K, 0% used [0x00000000ec780000,0x00000000ec780000,0x00000000eca00000)
 ParOldGen       total 68608K, used 10841K [0x00000000c0000000, 0x00000000c4300000, 0x00000000eab00000)
  object space 68608K, 15% used [0x00000000c0000000,0x00000000c0a96590,0x00000000c4300000)
 Metaspace       used 29794K, committed 30592K, reserved 1114112K
  class space    used 3058K, committed 3456K, reserved 1048576K
}
Event: 4.929 GC heap after
{Heap after GC invocations=9 (full 1):
 PSYoungGen      total 26624K, used 2558K [0x00000000eab00000, 0x00000000eca80000, 0x0000000100000000)
  eden space 24064K, 0% used [0x00000000eab00000,0x00000000eab00000,0x00000000ec280000)
  from space 2560K, 99% used [0x00000000ec780000,0x00000000ec9ff810,0x00000000eca00000)
  to   space 4096K, 0% used [0x00000000ec280000,0x00000000ec280000,0x00000000ec680000)
 ParOldGen       total 68608K, used 11949K [0x00000000c0000000, 0x00000000c4300000, 0x00000000eab00000)
  object space 68608K, 17% used [0x00000000c0000000,0x00000000c0bab5d0,0x00000000c4300000)
 Metaspace       used 29794K, committed 30592K, reserved 1114112K
  class space    used 3058K, committed 3456K, reserved 1048576K
}
Event: 5.141 GC heap before
{Heap before GC invocations=10 (full 1):
 PSYoungGen      total 26624K, used 26120K [0x00000000eab00000, 0x00000000eca80000, 0x0000000100000000)
  eden space 24064K, 97% used [0x00000000eab00000,0x00000000ec202b28,0x00000000ec280000)
  from space 2560K, 99% used [0x00000000ec780000,0x00000000ec9ff810,0x00000000eca00000)
  to   space 4096K, 0% used [0x00000000ec280000,0x00000000ec280000,0x00000000ec680000)
 ParOldGen       total 68608K, used 11949K [0x00000000c0000000, 0x00000000c4300000, 0x00000000eab00000)
  object space 68608K, 17% used [0x00000000c0000000,0x00000000c0bab5d0,0x00000000c4300000)
 Metaspace       used 33405K, committed 34240K, reserved 1114112K
  class space    used 3324K, committed 3712K, reserved 1048576K
}
Event: 5.153 GC heap after
{Heap after GC invocations=10 (full 1):
 PSYoungGen      total 26112K, used 2208K [0x00000000eab00000, 0x00000000ec800000, 0x0000000100000000)
  eden space 23552K, 0% used [0x00000000eab00000,0x00000000eab00000,0x00000000ec200000)
  from space 2560K, 86% used [0x00000000ec280000,0x00000000ec4a82e0,0x00000000ec500000)
  to   space 3072K, 0% used [0x00000000ec500000,0x00000000ec500000,0x00000000ec800000)
 ParOldGen       total 68608K, used 12508K [0x00000000c0000000, 0x00000000c4300000, 0x00000000eab00000)
  object space 68608K, 18% used [0x00000000c0000000,0x00000000c0c372f0,0x00000000c4300000)
 Metaspace       used 33405K, committed 34240K, reserved 1114112K
  class space    used 3324K, committed 3712K, reserved 1048576K
}

Dll operation events (10 events):
Event: 0.010 Loaded shared library c:\Users\HP\.vscode\extensions\redhat.java-1.38.0-win32-x64\jre\17.0.13-win32-x86_64\bin\java.dll
Event: 0.150 Loaded shared library c:\Users\HP\.vscode\extensions\redhat.java-1.38.0-win32-x64\jre\17.0.13-win32-x86_64\bin\zip.dll
Event: 0.153 Loaded shared library C:\Users\HP\.vscode\extensions\redhat.java-1.38.0-win32-x64\jre\17.0.13-win32-x86_64\bin\instrument.dll
Event: 0.164 Loaded shared library C:\Users\HP\.vscode\extensions\redhat.java-1.38.0-win32-x64\jre\17.0.13-win32-x86_64\bin\net.dll
Event: 0.166 Loaded shared library C:\Users\HP\.vscode\extensions\redhat.java-1.38.0-win32-x64\jre\17.0.13-win32-x86_64\bin\nio.dll
Event: 0.173 Loaded shared library C:\Users\HP\.vscode\extensions\redhat.java-1.38.0-win32-x64\jre\17.0.13-win32-x86_64\bin\zip.dll
Event: 0.190 Loaded shared library C:\Users\HP\.vscode\extensions\redhat.java-1.38.0-win32-x64\jre\17.0.13-win32-x86_64\bin\jimage.dll
Event: 0.235 Loaded shared library c:\Users\HP\.vscode\extensions\redhat.java-1.38.0-win32-x64\jre\17.0.13-win32-x86_64\bin\verify.dll
Event: 1.682 Loaded shared library C:\Users\HP\AppData\Roaming\Code\User\globalStorage\redhat.java\1.38.0\config_win\org.eclipse.equinox.launcher\org.eclipse.equinox.launcher.win32.win32.x86_64_1.2.1100.v20240722-2106\eclipse_11904.dll
Event: 4.246 Loaded shared library C:\Users\HP\AppData\Local\Temp\jna-2312\jna1689285042990611442.dll

Deoptimization events (20 events):
Event: 4.532 Thread 0x0000029a97837640 Uncommon trap: trap_request=0xffffff45 fr.pc=0x0000029a87b1258c relative=0x000000000000036c
Event: 4.532 Thread 0x0000029a97837640 Uncommon trap: reason=unstable_if action=reinterpret pc=0x0000029a87b1258c method=java.lang.AbstractStringBuilder.isLatin1()Z @ 10 c2
Event: 4.532 Thread 0x0000029a97837640 DEOPT PACKING pc=0x0000029a87b1258c sp=0x000000bb312edfc0
Event: 4.532 Thread 0x0000029a97837640 DEOPT UNPACKING pc=0x0000029a87589ea3 sp=0x000000bb312edf40 mode 2
Event: 4.532 Thread 0x0000029a97837640 Uncommon trap: trap_request=0xffffff45 fr.pc=0x0000029a87b9905c relative=0x000000000000005c
Event: 4.532 Thread 0x0000029a97837640 Uncommon trap: reason=unstable_if action=reinterpret pc=0x0000029a87b9905c method=java.lang.AbstractStringBuilder.isLatin1()Z @ 10 c2
Event: 4.532 Thread 0x0000029a97837640 DEOPT PACKING pc=0x0000029a87b9905c sp=0x000000bb312edfa0
Event: 4.532 Thread 0x0000029a97837640 DEOPT UNPACKING pc=0x0000029a87589ea3 sp=0x000000bb312edf30 mode 2
Event: 4.535 Thread 0x0000029a97837640 Uncommon trap: trap_request=0xffffff45 fr.pc=0x0000029a87af5d38 relative=0x0000000000000038
Event: 4.535 Thread 0x0000029a97837640 Uncommon trap: reason=unstable_if action=reinterpret pc=0x0000029a87af5d38 method=java.lang.StringLatin1.canEncode(I)Z @ 4 c2
Event: 4.535 Thread 0x0000029a97837640 DEOPT PACKING pc=0x0000029a87af5d38 sp=0x000000bb312edf40
Event: 4.535 Thread 0x0000029a97837640 DEOPT UNPACKING pc=0x0000029a87589ea3 sp=0x000000bb312eded0 mode 2
Event: 5.066 Thread 0x0000029a97837640 Uncommon trap: trap_request=0xffffff45 fr.pc=0x0000029a87c6ea54 relative=0x0000000000000154
Event: 5.066 Thread 0x0000029a97837640 Uncommon trap: reason=unstable_if action=reinterpret pc=0x0000029a87c6ea54 method=org.lombokweb.asm.ByteVector.putByteArray([BII)Lorg/lombokweb/asm/ByteVector; @ 20 c2
Event: 5.066 Thread 0x0000029a97837640 DEOPT PACKING pc=0x0000029a87c6ea54 sp=0x000000bb312f2920
Event: 5.066 Thread 0x0000029a97837640 DEOPT UNPACKING pc=0x0000029a87589ea3 sp=0x000000bb312f28f0 mode 2
Event: 5.066 Thread 0x0000029a97837640 Uncommon trap: trap_request=0xffffff45 fr.pc=0x0000029a87c6f0cc relative=0x000000000000032c
Event: 5.066 Thread 0x0000029a97837640 Uncommon trap: reason=unstable_if action=reinterpret pc=0x0000029a87c6f0cc method=org.lombokweb.asm.Label.resolve([BLorg/lombokweb/asm/ByteVector;I)Z @ 81 c2
Event: 5.066 Thread 0x0000029a97837640 DEOPT PACKING pc=0x0000029a87c6f0cc sp=0x000000bb312f29a0
Event: 5.066 Thread 0x0000029a97837640 DEOPT UNPACKING pc=0x0000029a87589ea3 sp=0x000000bb312f28a8 mode 2

Classes loaded (20 events):
Event: 4.818 Loading class java/util/zip/GZIPInputStream
Event: 4.819 Loading class java/util/zip/GZIPInputStream done
Event: 4.839 Loading class java/io/StringReader
Event: 4.839 Loading class java/io/StringReader done
Event: 4.845 Loading class java/net/SocketTimeoutException
Event: 4.845 Loading class java/io/InterruptedIOException
Event: 4.845 Loading class java/io/InterruptedIOException done
Event: 4.845 Loading class java/net/SocketTimeoutException done
Event: 4.845 Loading class java/net/SocketException
Event: 4.845 Loading class java/net/SocketException done
Event: 4.845 Loading class java/net/UnknownHostException
Event: 4.845 Loading class java/net/UnknownHostException done
Event: 4.845 Loading class java/net/ProtocolException
Event: 4.845 Loading class java/net/ProtocolException done
Event: 4.860 Loading class java/lang/ThreadLocal$SuppliedThreadLocal
Event: 4.860 Loading class java/lang/ThreadLocal$SuppliedThreadLocal done
Event: 4.867 Loading class java/lang/NegativeArraySizeException
Event: 4.867 Loading class java/lang/NegativeArraySizeException done
Event: 4.867 Loading class java/io/FileWriter
Event: 4.867 Loading class java/io/FileWriter done

Classes unloaded (0 events):
No events

Classes redefined (0 events):
No events

Internal exceptions (20 events):
Event: 4.668 Thread 0x0000029a97837640 Exception <a 'java/lang/NoSuchMethodError'{0x00000000ec261240}: 'int java.lang.invoke.Invokers$Holder.linkToTargetMethod(java.lang.Object, java.lang.Object)'> (0x00000000ec261240) 
thrown [s\src\hotspot\share\interpreter\linkResolver.cpp, line 759]
Event: 4.707 Thread 0x0000029a97837640 Exception <a 'java/lang/NoSuchMethodError'{0x00000000ec34aa70}: 'java.lang.Object java.lang.invoke.DirectMethodHandle$Holder.invokeSpecial(java.lang.Object, java.lang.Object, java.lang.Object, java.lang.Object, java.lang.Object, java.lang.Object, java.lang.Object, java.lang.Object, java.lang.Object, java.lang.Object, java.lang.Object)'> (0x00000000ec34aa70) 
thrown [s\src\hotspot\share\interpreter\linkResolver.cpp, line 759]
Event: 4.708 Thread 0x0000029a97837640 Exception <a 'java/lang/NoSuchMethodError'{0x00000000ec350230}: 'java.lang.Object java.lang.invoke.Invokers$Holder.invoke_MT(java.lang.Object, java.lang.Object, java.lang.Object, java.lang.Object, java.lang.Object, java.lang.Object, java.lang.Object, java.lang.Object, java.lang.Object, java.lang.Object, java.lang.Object)'> (0x00000000ec350230) 
thrown [s\src\hotspot\share\interpreter\linkResolver.cpp, line 759]
Event: 4.721 Thread 0x0000029a97837640 Exception <a 'java/lang/NoSuchMethodError'{0x00000000eab61758}: 'java.lang.Object java.lang.invoke.DirectMethodHandle$Holder.invokeSpecial(java.lang.Object, java.lang.Object, java.lang.Object, java.lang.Object, java.lang.Object, java.lang.Object, java.lang.Object, java.lang.Object, java.lang.Object, java.lang.Object)'> (0x00000000eab61758) 
thrown [s\src\hotspot\share\interpreter\linkResolver.cpp, line 759]
Event: 4.721 Thread 0x0000029a97837640 Exception <a 'java/lang/NoSuchMethodError'{0x00000000eab669a8}: 'java.lang.Object java.lang.invoke.Invokers$Holder.invoke_MT(java.lang.Object, java.lang.Object, java.lang.Object, java.lang.Object, java.lang.Object, java.lang.Object, java.lang.Object, java.lang.Object, java.lang.Object, java.lang.Object)'> (0x00000000eab669a8) 
thrown [s\src\hotspot\share\interpreter\linkResolver.cpp, line 759]
Event: 4.737 Thread 0x0000029a97837640 Exception <a 'java/lang/NoSuchMethodError'{0x00000000eac11e50}: 'java.lang.Object java.lang.invoke.DirectMethodHandle$Holder.newInvokeSpecial(java.lang.Object, java.lang.Object, java.lang.Object, java.lang.Object, java.lang.Object, java.lang.Object, java.lang.Object)'> (0x00000000eac11e50) 
thrown [s\src\hotspot\share\interpreter\linkResolver.cpp, line 759]
Event: 4.743 Thread 0x0000029a97837640 Exception <a 'java/lang/NoSuchMethodError'{0x00000000eac7fc68}: 'java.lang.Object java.lang.invoke.DirectMethodHandle$Holder.invokeSpecial(java.lang.Object, java.lang.Object, java.lang.Object, java.lang.Object, java.lang.Object, java.lang.Object, java.lang.Object, java.lang.Object, java.lang.Object, java.lang.Object, java.lang.Object, java.lang.Object, java.lang.Object)'> (0x00000000eac7fc68) 
thrown [s\src\hotspot\share\interpreter\linkResolver.cpp, line 759]
Event: 4.744 Thread 0x0000029a97837640 Exception <a 'java/lang/NoSuchMethodError'{0x00000000eac85798}: 'java.lang.Object java.lang.invoke.Invokers$Holder.invoker(java.lang.Object, java.lang.Object, java.lang.Object, java.lang.Object, java.lang.Object, java.lang.Object, java.lang.Object, java.lang.Object, java.lang.Object, java.lang.Object, java.lang.Object, java.lang.Object, java.lang.Object)'> (0x00000000eac85798) 
thrown [s\src\hotspot\share\interpreter\linkResolver.cpp, line 759]
Event: 4.744 Thread 0x0000029a97837640 Exception <a 'java/lang/NoSuchMethodError'{0x00000000eac8c518}: 'java.lang.Object java.lang.invoke.DirectMethodHandle$Holder.invokeSpecial(java.lang.Object, java.lang.Object, java.lang.Object, java.lang.Object, java.lang.Object, java.lang.Object, java.lang.Object, java.lang.Object, java.lang.Object, java.lang.Object, java.lang.Object, java.lang.Object, java.lang.Object, java.lang.Object)'> (0x00000000eac8c518) 
thrown [s\src\hotspot\share\interpreter\linkResolver.cpp, line 759]
Event: 4.751 Thread 0x0000029a97837640 Exception <a 'java/lang/NoSuchMethodError'{0x00000000eacf8608}: static Lorg/eclipse/m2e/core/internal/lifecyclemapping/model/PluginExecutionMetadata;.<clinit>()V> (0x00000000eacf8608) 
thrown [s\src\hotspot\share\prims\jni.cpp, line 1112]
Event: 4.757 Thread 0x0000029a97837640 Exception <a 'java/lang/NoSuchMethodError'{0x00000000ead56750}: static Lorg/eclipse/m2e/core/internal/lifecyclemapping/model/PluginExecutionFilter;.<clinit>()V> (0x00000000ead56750) 
thrown [s\src\hotspot\share\prims\jni.cpp, line 1112]
Event: 4.761 Thread 0x0000029a97837640 Exception <a 'java/lang/NoSuchMethodError'{0x00000000eada1c28}: static Lorg/eclipse/m2e/core/internal/project/registry/MavenProjectFacade$MavenProjectConfiguration;.<clinit>()V> (0x00000000eada1c28) 
thrown [s\src\hotspot\share\prims\jni.cpp, line 1112]
Event: 4.805 Thread 0x0000029a97837640 Exception <a 'java/lang/NoSuchMethodError'{0x00000000eb073770}: 'double java.lang.invoke.DirectMethodHandle$Holder.invokeStatic(java.lang.Object, java.lang.Object)'> (0x00000000eb073770) 
thrown [s\src\hotspot\share\interpreter\linkResolver.cpp, line 759]
Event: 4.805 Thread 0x0000029a97837640 Exception <a 'java/lang/NoSuchMethodError'{0x00000000eb077088}: 'double java.lang.invoke.DirectMethodHandle$Holder.invokeStaticInit(java.lang.Object, java.lang.Object)'> (0x00000000eb077088) 
thrown [s\src\hotspot\share\interpreter\linkResolver.cpp, line 759]
Event: 4.915 Thread 0x0000029a97837640 Exception <a 'java/io/FileNotFoundException'{0x00000000ec17b620}> (0x00000000ec17b620) 
thrown [s\src\hotspot\share\prims\jni.cpp, line 516]
Event: 4.916 Thread 0x0000029a97837640 Exception <a 'java/io/FileNotFoundException'{0x00000000ec17c428}> (0x00000000ec17c428) 
thrown [s\src\hotspot\share\prims\jni.cpp, line 516]
Event: 4.916 Thread 0x0000029a97837640 Exception <a 'java/io/FileNotFoundException'{0x00000000ec17d380}> (0x00000000ec17d380) 
thrown [s\src\hotspot\share\prims\jni.cpp, line 516]
Event: 5.066 Thread 0x0000029a97837640 Implicit null exception at 0x0000029a87c6e948 to 0x0000029a87c6ea34
Event: 5.195 Thread 0x0000029a97837640 Exception <a 'java/lang/NoSuchMethodError'{0x00000000eb6aeb48}: 'java.lang.Object java.lang.invoke.DirectMethodHandle$Holder.newInvokeSpecial(java.lang.Object, int, java.lang.Object, java.lang.Object)'> (0x00000000eb6aeb48) 
thrown [s\src\hotspot\share\interpreter\linkResolver.cpp, line 759]
Event: 5.222 Thread 0x0000029a97837640 Exception <a 'java/io/FileNotFoundException'{0x00000000eb6d1d38}> (0x00000000eb6d1d38) 
thrown [s\src\hotspot\share\prims\jni.cpp, line 516]

VM Operations (20 events):
Event: 4.251 Executing VM operation: HandshakeAllThreads
Event: 4.251 Executing VM operation: HandshakeAllThreads done
Event: 4.341 Executing VM operation: HandshakeAllThreads
Event: 4.341 Executing VM operation: HandshakeAllThreads done
Event: 4.365 Executing VM operation: HandshakeAllThreads
Event: 4.365 Executing VM operation: HandshakeAllThreads done
Event: 4.369 Executing VM operation: HandshakeAllThreads
Event: 4.369 Executing VM operation: HandshakeAllThreads done
Event: 4.377 Executing VM operation: ParallelGCFailedAllocation
Event: 4.379 Executing VM operation: ParallelGCFailedAllocation done
Event: 4.396 Executing VM operation: HandshakeAllThreads
Event: 4.396 Executing VM operation: HandshakeAllThreads done
Event: 4.636 Executing VM operation: HandshakeAllThreads
Event: 4.636 Executing VM operation: HandshakeAllThreads done
Event: 4.711 Executing VM operation: ParallelGCFailedAllocation
Event: 4.713 Executing VM operation: ParallelGCFailedAllocation done
Event: 4.927 Executing VM operation: ParallelGCFailedAllocation
Event: 4.929 Executing VM operation: ParallelGCFailedAllocation done
Event: 5.140 Executing VM operation: ParallelGCFailedAllocation
Event: 5.153 Executing VM operation: ParallelGCFailedAllocation done

Memory protections (0 events):
No events

Nmethod flushes (0 events):
No events

Events (20 events):
Event: 0.300 Thread 0x0000029afbf2c7c0 Thread added: 0x0000029a96dda7d0
Event: 0.446 Thread 0x0000029a95620150 Thread added: 0x0000029a97170c70
Event: 0.885 Thread 0x0000029afbf2c7c0 Thread added: 0x0000029a977cf6f0
Event: 1.134 Thread 0x0000029a97170c70 Thread exited: 0x0000029a97170c70
Event: 1.398 Thread 0x0000029a95925b20 Thread exited: 0x0000029a95925b20
Event: 1.677 Thread 0x0000029afbf2c7c0 Thread added: 0x0000029a97785e90
Event: 1.700 Thread 0x0000029a97785e90 Thread added: 0x0000029a97837160
Event: 1.703 Thread 0x0000029afbf2c7c0 Thread added: 0x0000029a97837640
Event: 1.811 Thread 0x0000029a95620150 Thread added: 0x0000029a97728f20
Event: 1.811 Thread 0x0000029a95620150 Thread added: 0x0000029a97b4bba0
Event: 1.946 Thread 0x0000029a97b4bba0 Thread exited: 0x0000029a97b4bba0
Event: 1.963 Thread 0x0000029a97728f20 Thread exited: 0x0000029a97728f20
Event: 2.102 Thread 0x0000029a97837640 Thread added: 0x0000029a974ca880
Event: 3.638 Thread 0x0000029a97837640 Thread added: 0x0000029a97cd27d0
Event: 3.705 Thread 0x0000029a97837640 Thread added: 0x0000029a97cd31f0
Event: 3.827 Thread 0x0000029a95620150 Thread added: 0x0000029a97e0c2b0
Event: 4.000 Thread 0x0000029a97837640 Thread added: 0x0000029a97cd3700
Event: 4.259 Thread 0x0000029a97837640 Thread added: 0x0000029a97cd2ce0
Event: 4.284 Thread 0x0000029a97837640 Thread added: 0x0000029a97cd3c10
Event: 4.302 Thread 0x0000029a97837640 Thread added: 0x0000029a97cd4b40


Dynamic libraries:
0x00007ff65b810000 - 0x00007ff65b81e000 	c:\Users\HP\.vscode\extensions\redhat.java-1.38.0-win32-x64\jre\17.0.13-win32-x86_64\bin\java.exe
0x00007ffc95c60000 - 0x00007ffc95ec3000 	C:\WINDOWS\SYSTEM32\ntdll.dll
0x00007ffc93b90000 - 0x00007ffc93c58000 	C:\WINDOWS\System32\KERNEL32.DLL
0x00007ffc93520000 - 0x00007ffc938d2000 	C:\WINDOWS\System32\KERNELBASE.dll
0x00007ffc93330000 - 0x00007ffc9347b000 	C:\WINDOWS\System32\ucrtbase.dll
0x00007ffc7be00000 - 0x00007ffc7be1e000 	c:\Users\HP\.vscode\extensions\redhat.java-1.38.0-win32-x64\jre\17.0.13-win32-x86_64\bin\VCRUNTIME140.dll
0x00007ffc8d1d0000 - 0x00007ffc8d1e7000 	c:\Users\HP\.vscode\extensions\redhat.java-1.38.0-win32-x64\jre\17.0.13-win32-x86_64\bin\jli.dll
0x00007ffc94ac0000 - 0x00007ffc94c88000 	C:\WINDOWS\System32\USER32.dll
0x00007ffc6a1f0000 - 0x00007ffc6a480000 	C:\WINDOWS\WinSxS\amd64_microsoft.windows.common-controls_6595b64144ccf1df_6.0.26100.2454_none_3e0b68a2e331ad60\COMCTL32.dll
0x00007ffc93270000 - 0x00007ffc93297000 	C:\WINDOWS\System32\win32u.dll
0x00007ffc953a0000 - 0x00007ffc95449000 	C:\WINDOWS\System32\msvcrt.dll
0x00007ffc94620000 - 0x00007ffc9464a000 	C:\WINDOWS\System32\GDI32.dll
0x00007ffc938e0000 - 0x00007ffc93a0b000 	C:\WINDOWS\System32\gdi32full.dll
0x00007ffc93a10000 - 0x00007ffc93ab3000 	C:\WINDOWS\System32\msvcp_win.dll
0x00007ffc95450000 - 0x00007ffc9547f000 	C:\WINDOWS\System32\IMM32.DLL
0x00007ffc8b630000 - 0x00007ffc8b63c000 	c:\Users\HP\.vscode\extensions\redhat.java-1.38.0-win32-x64\jre\17.0.13-win32-x86_64\bin\vcruntime140_1.dll
0x00007ffc7bca0000 - 0x00007ffc7bd2d000 	c:\Users\HP\.vscode\extensions\redhat.java-1.38.0-win32-x64\jre\17.0.13-win32-x86_64\bin\msvcp140.dll
0x00007ffc2ca40000 - 0x00007ffc2d6ab000 	c:\Users\HP\.vscode\extensions\redhat.java-1.38.0-win32-x64\jre\17.0.13-win32-x86_64\bin\server\jvm.dll
0x00007ffc93ad0000 - 0x00007ffc93b84000 	C:\WINDOWS\System32\ADVAPI32.dll
0x00007ffc95180000 - 0x00007ffc95226000 	C:\WINDOWS\System32\sechost.dll
0x00007ffc94e30000 - 0x00007ffc94f46000 	C:\WINDOWS\System32\RPCRT4.dll
0x00007ffc94470000 - 0x00007ffc944e4000 	C:\WINDOWS\System32\WS2_32.dll
0x00007ffc88320000 - 0x00007ffc88356000 	C:\WINDOWS\SYSTEM32\WINMM.dll
0x00007ffc91ce0000 - 0x00007ffc91d2e000 	C:\WINDOWS\SYSTEM32\POWRPROF.dll
0x00007ffc81740000 - 0x00007ffc8174b000 	C:\WINDOWS\SYSTEM32\VERSION.dll
0x00007ffc91cc0000 - 0x00007ffc91cd4000 	C:\WINDOWS\SYSTEM32\UMPDC.dll
0x00007ffc91f80000 - 0x00007ffc91f9a000 	C:\WINDOWS\SYSTEM32\kernel.appcore.dll
0x00007ffc8b360000 - 0x00007ffc8b36a000 	c:\Users\HP\.vscode\extensions\redhat.java-1.38.0-win32-x64\jre\17.0.13-win32-x86_64\bin\jimage.dll
0x00007ffc90860000 - 0x00007ffc90aa1000 	C:\WINDOWS\SYSTEM32\DBGHELP.DLL
0x00007ffc94650000 - 0x00007ffc949ce000 	C:\WINDOWS\System32\combase.dll
0x00007ffc956b0000 - 0x00007ffc95786000 	C:\WINDOWS\System32\OLEAUT32.dll
0x00007ffc64900000 - 0x00007ffc64939000 	C:\WINDOWS\SYSTEM32\dbgcore.DLL
0x00007ffc93480000 - 0x00007ffc93519000 	C:\WINDOWS\System32\bcryptPrimitives.dll
0x00007ffc876d0000 - 0x00007ffc876de000 	c:\Users\HP\.vscode\extensions\redhat.java-1.38.0-win32-x64\jre\17.0.13-win32-x86_64\bin\instrument.dll
0x00007ffc7bc70000 - 0x00007ffc7bc95000 	c:\Users\HP\.vscode\extensions\redhat.java-1.38.0-win32-x64\jre\17.0.13-win32-x86_64\bin\java.dll
0x00007ffc7bde0000 - 0x00007ffc7bdf8000 	c:\Users\HP\.vscode\extensions\redhat.java-1.38.0-win32-x64\jre\17.0.13-win32-x86_64\bin\zip.dll
0x00007ffc93cc0000 - 0x00007ffc943c1000 	C:\WINDOWS\System32\SHELL32.dll
0x00007ffc90cf0000 - 0x00007ffc91521000 	C:\WINDOWS\SYSTEM32\windows.storage.dll
0x00007ffc949e0000 - 0x00007ffc94aba000 	C:\WINDOWS\System32\SHCORE.dll
0x00007ffc94f50000 - 0x00007ffc94fad000 	C:\WINDOWS\System32\shlwapi.dll
0x00007ffc92f40000 - 0x00007ffc92f6e000 	C:\WINDOWS\SYSTEM32\profapi.dll
0x00007ffc7ba80000 - 0x00007ffc7ba99000 	C:\Users\HP\.vscode\extensions\redhat.java-1.38.0-win32-x64\jre\17.0.13-win32-x86_64\bin\net.dll
0x00007ffc86c50000 - 0x00007ffc86d76000 	C:\WINDOWS\SYSTEM32\WINHTTP.dll
0x00007ffc92480000 - 0x00007ffc924e8000 	C:\WINDOWS\system32\mswsock.dll
0x00007ffc7b960000 - 0x00007ffc7b976000 	C:\Users\HP\.vscode\extensions\redhat.java-1.38.0-win32-x64\jre\17.0.13-win32-x86_64\bin\nio.dll
0x00007ffc7ba70000 - 0x00007ffc7ba80000 	c:\Users\HP\.vscode\extensions\redhat.java-1.38.0-win32-x64\jre\17.0.13-win32-x86_64\bin\verify.dll
0x00007ffc73700000 - 0x00007ffc73745000 	C:\Users\HP\AppData\Roaming\Code\User\globalStorage\redhat.java\1.38.0\config_win\org.eclipse.equinox.launcher\org.eclipse.equinox.launcher.win32.win32.x86_64_1.2.1100.v20240722-2106\eclipse_11904.dll
0x00007ffc94c90000 - 0x00007ffc94e29000 	C:\WINDOWS\System32\ole32.dll
0x00007ffc92720000 - 0x00007ffc9273c000 	C:\WINDOWS\SYSTEM32\CRYPTSP.dll
0x00007ffc91ee0000 - 0x00007ffc91f18000 	C:\WINDOWS\system32\rsaenh.dll
0x00007ffc92520000 - 0x00007ffc9254b000 	C:\WINDOWS\SYSTEM32\USERENV.dll
0x00007ffc92960000 - 0x00007ffc92986000 	C:\WINDOWS\SYSTEM32\bcrypt.dll
0x00007ffc92740000 - 0x00007ffc9274c000 	C:\WINDOWS\SYSTEM32\CRYPTBASE.dll
0x00007ffc91830000 - 0x00007ffc91862000 	C:\WINDOWS\SYSTEM32\IPHLPAPI.DLL
0x00007ffc944f0000 - 0x00007ffc944fa000 	C:\WINDOWS\System32\NSI.dll
0x00007ffc87300000 - 0x00007ffc8731e000 	C:\WINDOWS\SYSTEM32\dhcpcsvc6.DLL
0x00007ffc872d0000 - 0x00007ffc872f5000 	C:\WINDOWS\SYSTEM32\dhcpcsvc.DLL
0x00007ffc91870000 - 0x00007ffc91995000 	C:\WINDOWS\SYSTEM32\DNSAPI.dll
0x00007ffc68aa0000 - 0x00007ffc68ae9000 	C:\Users\HP\AppData\Local\Temp\jna-2312\jna1689285042990611442.dll
0x00007ffc95390000 - 0x00007ffc95398000 	C:\WINDOWS\System32\PSAPI.DLL

dbghelp: loaded successfully - version: 4.0.5 - missing functions: none
symbol engine: initialized successfully - sym options: 0x614 - pdb path: .;c:\Users\HP\.vscode\extensions\redhat.java-1.38.0-win32-x64\jre\17.0.13-win32-x86_64\bin;C:\WINDOWS\SYSTEM32;C:\WINDOWS\WinSxS\amd64_microsoft.windows.common-controls_6595b64144ccf1df_6.0.26100.2454_none_3e0b68a2e331ad60;c:\Users\HP\.vscode\extensions\redhat.java-1.38.0-win32-x64\jre\17.0.13-win32-x86_64\bin\server;C:\Users\HP\AppData\Roaming\Code\User\globalStorage\redhat.java\1.38.0\config_win\org.eclipse.equinox.launcher\org.eclipse.equinox.launcher.win32.win32.x86_64_1.2.1100.v20240722-2106;C:\Users\HP\AppData\Local\Temp\jna-2312

VM Arguments:
jvm_args: --add-modules=ALL-SYSTEM --add-opens=java.base/java.util=ALL-UNNAMED --add-opens=java.base/java.lang=ALL-UNNAMED --add-opens=java.base/sun.nio.fs=ALL-UNNAMED -Declipse.application=org.eclipse.jdt.ls.core.id1 -Dosgi.bundles.defaultStartLevel=4 -Declipse.product=org.eclipse.jdt.ls.core.product -Djava.import.generatesMetadataFilesAtProjectRoot=false -DDetectVMInstallationsJob.disabled=true -Dfile.encoding=utf8 -XX:+UseParallelGC -XX:GCTimeRatio=4 -XX:AdaptiveSizePolicyWeight=90 -Dsun.zip.disableMemoryMapping=true -Xmx1G -Xms100m -Xlog:disable -javaagent:c:\Users\HP\.vscode\extensions\redhat.java-1.38.0-win32-x64\lombok\lombok-1.18.34.jar -XX:+HeapDumpOnOutOfMemoryError -XX:HeapDumpPath=c:\Users\HP\AppData\Roaming\Code\User\workspaceStorage\3733e045233a5ffff697c38bc414c6f0\redhat.java -Daether.dependencyCollector.impl=bf 
java_command: c:\Users\HP\.vscode\extensions\redhat.java-1.38.0-win32-x64\server\plugins\org.eclipse.equinox.launcher_1.6.900.v20240613-2009.jar -configuration c:\Users\HP\AppData\Roaming\Code\User\globalStorage\redhat.java\1.38.0\config_win -data c:\Users\HP\AppData\Roaming\Code\User\workspaceStorage\3733e045233a5ffff697c38bc414c6f0\redhat.java\jdt_ws --pipe=\\.\pipe\lsp-7bf6aecb3c3f73c4f6827832006bd625-sock
java_class_path (initial): c:\Users\HP\.vscode\extensions\redhat.java-1.38.0-win32-x64\server\plugins\org.eclipse.equinox.launcher_1.6.900.v20240613-2009.jar
Launcher Type: SUN_STANDARD

[Global flags]
    uintx AdaptiveSizePolicyWeight                 = 90                                        {product} {command line}
     intx CICompilerCount                          = 4                                         {product} {ergonomic}
    uintx GCTimeRatio                              = 4                                         {product} {command line}
     bool HeapDumpOnOutOfMemoryError               = true                                   {manageable} {command line}
    ccstr HeapDumpPath                             = c:\Users\HP\AppData\Roaming\Code\User\workspaceStorage\3733e045233a5ffff697c38bc414c6f0\redhat.java         {manageable} {command line}
   size_t InitialHeapSize                          = 104857600                                 {product} {command line}
   size_t MaxHeapSize                              = 1073741824                                {product} {command line}
   size_t MaxNewSize                               = 357564416                                 {product} {ergonomic}
   size_t MinHeapDeltaBytes                        = 524288                                    {product} {ergonomic}
   size_t MinHeapSize                              = 104857600                                 {product} {command line}
   size_t NewSize                                  = 34603008                                  {product} {ergonomic}
    uintx NonNMethodCodeHeapSize                   = 5839372                                {pd product} {ergonomic}
    uintx NonProfiledCodeHeapSize                  = 122909434                              {pd product} {ergonomic}
   size_t OldSize                                  = 70254592                                  {product} {ergonomic}
    uintx ProfiledCodeHeapSize                     = 122909434                              {pd product} {ergonomic}
    uintx ReservedCodeCacheSize                    = 251658240                              {pd product} {ergonomic}
     bool SegmentedCodeCache                       = true                                      {product} {ergonomic}
   size_t SoftMaxHeapSize                          = 1073741824                             {manageable} {ergonomic}
     bool UseCompressedClassPointers               = true                           {product lp64_product} {ergonomic}
     bool UseCompressedOops                        = true                           {product lp64_product} {ergonomic}
     bool UseLargePagesIndividualAllocation        = false                                  {pd product} {ergonomic}
     bool UseParallelGC                            = true                                      {product} {command line}

Logging:
Log output configuration:
 #0: stdout all=off uptime,level,tags
 #1: stderr all=off uptime,level,tags

Environment Variables:
JAVA_HOME=C:\Program Files\Zulu\zulu-17\
PATH=C:\Program Files\Zulu\zulu-17\bin\;C:\Users\HP\AppData\Local\Programs\Python\Python312\Scripts\;C:\Users\HP\AppData\Local\Programs\Python\Python312\;C:\windows\system32;C:\windows;C:\windows\System32\Wbem;C:\windows\System32\WindowsPowerShell\v1.0\;C:\windows\System32\OpenSSH\;C:\Program Files (x86)\NVIDIA Corporation\PhysX\Common;C:\Program Files\NVIDIA Corporation\NVIDIA NvDLISR;C:\Program Files\dotnet\;C:\Windows\system32;C:\apache-maven-3.9.4\bin;C:\Program Files\Java\jdk-23;C:\Program Files\Java\jdk-23\bin;C:\Program Files\apache-maven-3.9.4\bin;D:\MinGW\i686-8.1.0-release-posix-dwarf-rt_v6-rev0\mingw32\bin;C:\msys64\mingw64\bin;C:\msys64\ucrt64\bin;C:\Program Files\nodejs\;C:\ProgramData\chocolatey\bin;C:\msys64\ucrt64\include;C:\msys64\ucrt64\;C:\Program Files\HP\HP One Agent;C:\Users\HP\Downloads\2024 08\kotlin-compiler-2.0.20\kotlinc\bin;C:\Users\HP\AppData\Local\Android\Sdk\platform-tools;C:\src\flutter\bin;C:\Program Files\Tesseract-OCR;C:\WINDOWS\system32;C:\WINDOWS;C:\WINDOWS\System32\Wbem;C:\WINDOWS\System32\WindowsPowerShell\v1.0\;C:\WINDOWS\System32\OpenSSH\;C:\Program Files\Zulu\zulu-17\\bin\;C:\Program Files\Git\cmd;C:\Users\HP\AppData\Local\Microsoft\WindowsApps;C:\Users\HP\AppData\Local\Programs\Microsoft VS Code\bin;C:\Program Files\sf\bin;C:\MinGW\bin;C:\Users\HP\AppData\Roaming\npm;C:\Users\HP\AppData\Local\Pandoc\;C:\Users\HP\Downloads\2024 08\kotlin-compiler-2.0.20\kotlinc\bin;C:\Users\HP\AppData\Local\GitHubDesktop\bin;C:\Program Files\JetBrains\IntelliJ IDEA 2024.2.1\bin;;C:\Program Files\JetBrains\IntelliJ IDEA Community Edition 2024.3\bin;;D:\softwares\neo4j-community-5.26.1\bin;
USERNAME=HP
OS=Windows_NT
PROCESSOR_IDENTIFIER=Intel64 Family 6 Model 141 Stepping 1, GenuineIntel
TMP=C:\Users\HP\AppData\Local\Temp
TEMP=C:\Users\HP\AppData\Local\Temp



Periodic native trim disabled


---------------  S Y S T E M  ---------------

OS:
 Windows 11 , 64 bit Build 26100 (10.0.26100.2454)
OS uptime: 0 days 2:13 hours
Hyper-V role detected

CPU: total 12 (initial active 12) (6 cores per cpu, 2 threads per core) family 6 model 141 stepping 1 microcode 0x50, cx8, cmov, fxsr, ht, mmx, 3dnowpref, sse, sse2, sse3, ssse3, sse4.1, sse4.2, popcnt, lzcnt, tsc, tscinvbit, avx, avx2, aes, erms, clmul, bmi1, bmi2, adx, avx512f, avx512dq, avx512cd, avx512bw, avx512vl, sha, fma, vzeroupper, avx512_vpopcntdq, avx512_vpclmulqdq, avx512_vaes, avx512_vnni, clflush, clflushopt, clwb, avx512_vbmi2, avx512_vbmi, hv
Processor Information for all 12 processors :
  Max Mhz: 2688, Current Mhz: 2688, Mhz Limit: 2688

Memory: 4k page, system-wide physical 16022M (5131M free)
TotalPageFile size 49607M (AvailPageFile size 72M)
current process WorkingSet (physical memory assigned to process): 148M, peak: 157M
current process commit charge ("private bytes"): 252M, peak: 260M

vm_info: OpenJDK 64-Bit Server VM (17.0.13+11) for windows-amd64 JRE (17.0.13+11), built on Oct 16 2024 00:10:08 by "admin" with MS VC++ 17.7 (VS2022)

END.
