#
# There is insufficient memory for the Java Runtime Environment to continue.
# Native memory allocation (malloc) failed to allocate 2324496 bytes. Error detail: Chunk::new
# Possible reasons:
#   The system is out of physical RAM or swap space
#   This process is running with CompressedOops enabled, and the Java Heap may be blocking the growth of the native heap
# Possible solutions:
#   Reduce memory load on the system
#   Increase physical memory or swap space
#   Check if swap backing store is full
#   Decrease Java heap size (-Xmx/-Xms)
#   Decrease number of Java threads
#   Decrease Java thread stack sizes (-Xss)
#   Set larger code cache with -XX:ReservedCodeCacheSize=
#   JVM is running with Unscaled Compressed Oops mode in which the Java heap is
#     placed in the first 4GB address space. The Java Heap base address is the
#     maximum limit for the native heap growth. Please use -XX:HeapBaseMinAddress
#     to set the Java Heap base and to place the Java Heap above 4GB virtual address.
# This output file may be truncated or incomplete.
#
#  Out of Memory Error (arena.cpp:191), pid=18404, tid=9680
#
# JRE version: OpenJDK Runtime Environment Temurin-17.0.13+11 (17.0.13+11) (build 17.0.13+11)
# Java VM: OpenJDK 64-Bit Server VM Temurin-17.0.13+11 (17.0.13+11, mixed mode, tiered, compressed oops, compressed class ptrs, parallel gc, windows-amd64)
# No core dump will be written. Minidumps are not enabled by default on client versions of Windows
#

---------------  S U M M A R Y ------------

Command Line: --add-modules=ALL-SYSTEM --add-opens=java.base/java.util=ALL-UNNAMED --add-opens=java.base/java.lang=ALL-UNNAMED --add-opens=java.base/sun.nio.fs=ALL-UNNAMED -Declipse.application=org.eclipse.jdt.ls.core.id1 -Dosgi.bundles.defaultStartLevel=4 -Declipse.product=org.eclipse.jdt.ls.core.product -Djava.import.generatesMetadataFilesAtProjectRoot=false -DDetectVMInstallationsJob.disabled=true -Dfile.encoding=utf8 -XX:+UseParallelGC -XX:GCTimeRatio=4 -XX:AdaptiveSizePolicyWeight=90 -Dsun.zip.disableMemoryMapping=true -Xmx1G -Xms100m -Xlog:disable -javaagent:c:\Users\HP\.vscode\extensions\redhat.java-1.38.0-win32-x64\lombok\lombok-1.18.34.jar c:\Users\HP\.vscode\extensions\redhat.java-1.38.0-win32-x64\server\plugins\org.eclipse.equinox.launcher_1.6.900.v20240613-2009.jar -configuration c:\Users\HP\AppData\Roaming\Code\User\globalStorage\redhat.java\1.38.0\config_ss_win -data c:\Users\HP\AppData\Roaming\Code\User\workspaceStorage\3733e045233a5ffff697c38bc414c6f0\redhat.java\ss_ws --pipe=\\.\pipe\lsp-8814ed62d31e4b5d3ab71f71447455b9-sock

Host: 11th Gen Intel(R) Core(TM) i5-11400H @ 2.70GHz, 12 cores, 15G,  Windows 11 , 64 bit Build 26100 (10.0.26100.2454)
Time: Tue Jan 21 03:06:37 2025 India Standard Time elapsed time: 6.534403 seconds (0d 0h 0m 6s)

---------------  T H R E A D  ---------------

Current thread (0x00000234cf08d430):  JavaThread "C2 CompilerThread1" daemon [_thread_in_native, id=9680, stack(0x000000b94ec00000,0x000000b94ed00000)]


Current CompileTask:
C2:   6534 4719 %     4       org.lombokweb.asm.ClassReader::readCode @ 2186 (5117 bytes)

Stack: [0x000000b94ec00000,0x000000b94ed00000]
Native frames: (J=compiled Java code, j=interpreted, Vv=VM code, C=native code)
V  [jvm.dll+0x682a19]
V  [jvm.dll+0x839538]
V  [jvm.dll+0x83afe3]
V  [jvm.dll+0x83b653]
V  [jvm.dll+0x24704f]
V  [jvm.dll+0xace34]
V  [jvm.dll+0xad4cc]
V  [jvm.dll+0x36592f]
V  [jvm.dll+0x1ba793]
V  [jvm.dll+0x2181a7]
V  [jvm.dll+0x21748f]
V  [jvm.dll+0x1a3070]
V  [jvm.dll+0x22788c]
V  [jvm.dll+0x2259eb]
V  [jvm.dll+0x7eec98]
V  [jvm.dll+0x7e8ffc]
V  [jvm.dll+0x6818f7]
C  [ucrtbase.dll+0x14ea0]
C  [KERNEL32.DLL+0x2e8d7]
C  [ntdll.dll+0xdfbcc]


---------------  P R O C E S S  ---------------

Threads class SMR info:
_java_thread_list=0x00000234d040b110, length=44, elements={
0x00000234b27ac0a0, 0x00000234c6635380, 0x00000234b285d560, 0x00000234c663ea00,
0x00000234cb70da80, 0x00000234cb716100, 0x00000234cb71b1e0, 0x00000234cb71f100,
0x00000234cb720d20, 0x00000234cb729e00, 0x00000234b28123f0, 0x00000234cba5e720,
0x00000234cd9751b0, 0x00000234cd48dd70, 0x00000234cd8b9ef0, 0x00000234cd9837f0,
0x00000234cda1b1e0, 0x00000234cda923f0, 0x00000234cda914c0, 0x00000234cda919d0,
0x00000234cda90590, 0x00000234cda91ee0, 0x00000234cda92900, 0x00000234cda92e10,
0x00000234cda93320, 0x00000234cda90aa0, 0x00000234cda93830, 0x00000234cda90080,
0x00000234cda90fb0, 0x00000234cde6e4d0, 0x00000234cde70330, 0x00000234cde6dab0,
0x00000234cde70840, 0x00000234cde6e9e0, 0x00000234cde6f910, 0x00000234cde6fe20,
0x00000234cde6eef0, 0x00000234cde70d50, 0x00000234cde6d5a0, 0x00000234cde6dfc0,
0x00000234cde71260, 0x00000234cde71770, 0x00000234cf08d430, 0x00000234d07bb450
}

Java Threads: ( => current thread )
  0x00000234b27ac0a0 JavaThread "main" [_thread_blocked, id=18056, stack(0x000000b94cb00000,0x000000b94cc00000)]
  0x00000234c6635380 JavaThread "Reference Handler" daemon [_thread_blocked, id=8300, stack(0x000000b94ce00000,0x000000b94cf00000)]
  0x00000234b285d560 JavaThread "Finalizer" daemon [_thread_blocked, id=24820, stack(0x000000b94cf00000,0x000000b94d000000)]
  0x00000234c663ea00 JavaThread "Signal Dispatcher" daemon [_thread_blocked, id=19076, stack(0x000000b94d000000,0x000000b94d100000)]
  0x00000234cb70da80 JavaThread "Attach Listener" daemon [_thread_blocked, id=9540, stack(0x000000b94d100000,0x000000b94d200000)]
  0x00000234cb716100 JavaThread "Service Thread" daemon [_thread_blocked, id=16968, stack(0x000000b94d200000,0x000000b94d300000)]
  0x00000234cb71b1e0 JavaThread "Monitor Deflation Thread" daemon [_thread_blocked, id=9820, stack(0x000000b94d300000,0x000000b94d400000)]
  0x00000234cb71f100 JavaThread "C2 CompilerThread0" daemon [_thread_in_native, id=2320, stack(0x000000b94d400000,0x000000b94d500000)]
  0x00000234cb720d20 JavaThread "C1 CompilerThread0" daemon [_thread_blocked, id=20032, stack(0x000000b94d500000,0x000000b94d600000)]
  0x00000234cb729e00 JavaThread "Sweeper thread" daemon [_thread_blocked, id=14532, stack(0x000000b94d600000,0x000000b94d700000)]
  0x00000234b28123f0 JavaThread "Common-Cleaner" daemon [_thread_blocked, id=19912, stack(0x000000b94d700000,0x000000b94d800000)]
  0x00000234cba5e720 JavaThread "Notification Thread" daemon [_thread_blocked, id=22644, stack(0x000000b94d900000,0x000000b94da00000)]
  0x00000234cd9751b0 JavaThread "Active Thread: Equinox Container: 1a61f702-3163-4a2a-a77d-fca06354bde9" [_thread_blocked, id=4128, stack(0x000000b94e200000,0x000000b94e300000)]
  0x00000234cd48dd70 JavaThread "Framework Event Dispatcher: Equinox Container: 1a61f702-3163-4a2a-a77d-fca06354bde9" daemon [_thread_blocked, id=19212, stack(0x000000b94d800000,0x000000b94d900000)]
  0x00000234cd8b9ef0 JavaThread "Start Level: Equinox Container: 1a61f702-3163-4a2a-a77d-fca06354bde9" daemon [_thread_blocked, id=5288, stack(0x000000b94db00000,0x000000b94dc00000)]
  0x00000234cd9837f0 JavaThread "SCR Component Actor" daemon [_thread_blocked, id=25312, stack(0x000000b94e300000,0x000000b94e400000)]
  0x00000234cda1b1e0 JavaThread "SCR Component Registry" daemon [_thread_blocked, id=21568, stack(0x000000b94e500000,0x000000b94e600000)]
  0x00000234cda923f0 JavaThread "Worker-JM" [_thread_blocked, id=10464, stack(0x000000b94e600000,0x000000b94e700000)]
  0x00000234cda914c0 JavaThread "JNA Cleaner" daemon [_thread_blocked, id=9804, stack(0x000000b94e900000,0x000000b94ea00000)]
  0x00000234cda919d0 JavaThread "Worker-0" [_thread_blocked, id=16600, stack(0x000000b94ea00000,0x000000b94eb00000)]
  0x00000234cda90590 JavaThread "Worker-1: Publish Diagnostics" [_thread_in_Java, id=3856, stack(0x000000b94eb00000,0x000000b94ec00000)]
  0x00000234cda91ee0 JavaThread "Worker-2" [_thread_blocked, id=6000, stack(0x000000b94ed00000,0x000000b94ee00000)]
  0x00000234cda92900 JavaThread "Thread-2" daemon [_thread_in_native, id=17152, stack(0x000000b94f100000,0x000000b94f200000)]
  0x00000234cda92e10 JavaThread "Thread-3" daemon [_thread_in_native, id=10028, stack(0x000000b94f200000,0x000000b94f300000)]
  0x00000234cda93320 JavaThread "Thread-4" daemon [_thread_in_native, id=22052, stack(0x000000b94f300000,0x000000b94f400000)]
  0x00000234cda90aa0 JavaThread "Thread-5" daemon [_thread_in_native, id=4076, stack(0x000000b94f400000,0x000000b94f500000)]
  0x00000234cda93830 JavaThread "Thread-6" daemon [_thread_in_native, id=10156, stack(0x000000b94f500000,0x000000b94f600000)]
  0x00000234cda90080 JavaThread "Thread-7" daemon [_thread_in_native, id=24720, stack(0x000000b94f600000,0x000000b94f700000)]
  0x00000234cda90fb0 JavaThread "Thread-8" daemon [_thread_in_native, id=5552, stack(0x000000b94f700000,0x000000b94f800000)]
  0x00000234cde6e4d0 JavaThread "Thread-9" daemon [_thread_in_native, id=23792, stack(0x000000b94f800000,0x000000b94f900000)]
  0x00000234cde70330 JavaThread "Thread-10" daemon [_thread_in_native, id=12668, stack(0x000000b94f900000,0x000000b94fa00000)]
  0x00000234cde6dab0 JavaThread "Thread-11" daemon [_thread_in_native, id=11020, stack(0x000000b94fa00000,0x000000b94fb00000)]
  0x00000234cde70840 JavaThread "Thread-12" daemon [_thread_in_native, id=19352, stack(0x000000b94fb00000,0x000000b94fc00000)]
  0x00000234cde6e9e0 JavaThread "Thread-13" daemon [_thread_in_native, id=11048, stack(0x000000b94fc00000,0x000000b94fd00000)]
  0x00000234cde6f910 JavaThread "Thread-14" daemon [_thread_in_native, id=2852, stack(0x000000b94fd00000,0x000000b94fe00000)]
  0x00000234cde6fe20 JavaThread "pool-2-thread-1" [_thread_blocked, id=24548, stack(0x000000b94fe00000,0x000000b94ff00000)]
  0x00000234cde6eef0 JavaThread "WorkspaceEventsHandler" [_thread_blocked, id=24260, stack(0x000000b94ff00000,0x000000b950000000)]
  0x00000234cde70d50 JavaThread "pool-1-thread-1" [_thread_blocked, id=18044, stack(0x000000b950000000,0x000000b950100000)]
  0x00000234cde6d5a0 JavaThread "ForkJoinPool.commonPool-worker-1" daemon [_thread_blocked, id=2476, stack(0x000000b950100000,0x000000b950200000)]
  0x00000234cde6dfc0 JavaThread "ForkJoinPool.commonPool-worker-2" daemon [_thread_blocked, id=15328, stack(0x000000b950200000,0x000000b950300000)]
  0x00000234cde71260 JavaThread "ForkJoinPool.commonPool-worker-3" daemon [_thread_blocked, id=4724, stack(0x000000b950300000,0x000000b950400000)]
  0x00000234cde71770 JavaThread "ForkJoinPool.commonPool-worker-4" daemon [_thread_in_vm, id=6580, stack(0x000000b950400000,0x000000b950500000)]
=>0x00000234cf08d430 JavaThread "C2 CompilerThread1" daemon [_thread_in_native, id=9680, stack(0x000000b94ec00000,0x000000b94ed00000)]
  0x00000234d07bb450 JavaThread "C2 CompilerThread2" daemon [_thread_in_native, id=17116, stack(0x000000b94ef00000,0x000000b94f000000)]

Other Threads:
  0x00000234c6622400 VMThread "VM Thread" [stack: 0x000000b94cd00000,0x000000b94ce00000] [id=25404]
  0x00000234ccec3650 WatcherThread [stack: 0x000000b94da00000,0x000000b94db00000] [id=876]
  0x00000234b27c1c10 GCTaskThread "GC Thread#0" [stack: 0x000000b94cc00000,0x000000b94cd00000] [id=22832]
  0x00000234cd56a720 GCTaskThread "GC Thread#1" [stack: 0x000000b94dc00000,0x000000b94dd00000] [id=12584]
  0x00000234cd62b840 GCTaskThread "GC Thread#2" [stack: 0x000000b94dd00000,0x000000b94de00000] [id=1796]
  0x00000234cd62bb00 GCTaskThread "GC Thread#3" [stack: 0x000000b94de00000,0x000000b94df00000] [id=8724]
  0x00000234cd5d0140 GCTaskThread "GC Thread#4" [stack: 0x000000b94df00000,0x000000b94e000000] [id=20300]
  0x00000234cd5d0400 GCTaskThread "GC Thread#5" [stack: 0x000000b94e000000,0x000000b94e100000] [id=440]
  0x00000234cd5d86d0 GCTaskThread "GC Thread#6" [stack: 0x000000b94e100000,0x000000b94e200000] [id=2316]
  0x00000234cd9ca470 GCTaskThread "GC Thread#7" [stack: 0x000000b94e400000,0x000000b94e500000] [id=5132]
  0x00000234cdab52d0 GCTaskThread "GC Thread#8" [stack: 0x000000b94e700000,0x000000b94e800000] [id=16512]
  0x00000234cd851a70 GCTaskThread "GC Thread#9" [stack: 0x000000b94e800000,0x000000b94e900000] [id=4652]

Threads with active compile tasks:
C2 CompilerThread0     6556 4701       4       org.lombokweb.asm.ClassReader::readMethod (1066 bytes)
C1 CompilerThread0     6556 4835   !   3       org.eclipse.jdt.internal.compiler.classfmt.ClassFileReader::<init> (2119 bytes)
C2 CompilerThread1     6556 4719 %     4       org.lombokweb.asm.ClassReader::readCode @ 2186 (5117 bytes)
C2 CompilerThread2     6556 4729       4       lombok.patcher.Hook::convertType (64 bytes)

VM state: not at safepoint (normal execution)

VM Mutex/Monitor currently owned by a thread: None

Heap address: 0x00000000c0000000, size: 1024 MB, Compressed Oops mode: 32-bit

CDS archive(s) not mapped
Compressed class space mapped at: 0x0000000100000000-0x0000000140000000, reserved size: 1073741824
Narrow klass base: 0x0000000000000000, Narrow klass shift: 3, Narrow klass range: 0x140000000

GC Precious Log:
 CPUs: 12 total, 12 available
 Memory: 16022M
 Large Page Support: Disabled
 NUMA Support: Disabled
 Compressed Oops: Enabled (32-bit)
 Alignments: Space 512K, Generation 512K, Heap 2M
 Heap Min Capacity: 100M
 Heap Initial Capacity: 100M
 Heap Max Capacity: 1G
 Pre-touch: Disabled
 Parallel Workers: 10

Heap:
 PSYoungGen      total 20992K, used 19682K [0x00000000eab00000, 0x00000000ec280000, 0x0000000100000000)
  eden space 20480K, 94% used [0x00000000eab00000,0x00000000ebde7e28,0x00000000ebf00000)
  from space 512K, 63% used [0x00000000ec200000,0x00000000ec250ad8,0x00000000ec280000)
  to   space 1536K, 0% used [0x00000000ebf80000,0x00000000ebf80000,0x00000000ec100000)
 ParOldGen       total 68608K, used 30513K [0x00000000c0000000, 0x00000000c4300000, 0x00000000eab00000)
  object space 68608K, 44% used [0x00000000c0000000,0x00000000c1dcc6c8,0x00000000c4300000)
 Metaspace       used 47724K, committed 48640K, reserved 1114112K
  class space    used 4839K, committed 5312K, reserved 1048576K

Card table byte_map: [0x00000234b2140000,0x00000234b2350000] _byte_map_base: 0x00000234b1b40000

Marking Bits: (ParMarkBitMap*) 0x00007ffc2d5e6940
 Begin Bits: [0x00000234c4440000, 0x00000234c5440000)
 End Bits:   [0x00000234c5440000, 0x00000234c6440000)

Polling page: 0x00000234b0660000

Metaspace:

Usage:
  Non-class:     41.88 MB used.
      Class:      4.73 MB used.
       Both:     46.61 MB used.

Virtual space:
  Non-class space:       64.00 MB reserved,      42.31 MB ( 66%) committed,  1 nodes.
      Class space:        1.00 GB reserved,       5.19 MB ( <1%) committed,  1 nodes.
             Both:        1.06 GB reserved,      47.50 MB (  4%) committed. 

Chunk freelists:
   Non-Class:  5.00 MB
       Class:  10.64 MB
        Both:  15.64 MB

MaxMetaspaceSize: unlimited
CompressedClassSpaceSize: 1.00 GB
Initial GC threshold: 21.00 MB
Current GC threshold: 58.38 MB
CDS: off
MetaspaceReclaimPolicy: balanced
 - commit_granule_bytes: 65536.
 - commit_granule_words: 8192.
 - virtual_space_node_default_size: 8388608.
 - enlarge_chunks_in_place: 1.
 - new_chunks_are_fully_committed: 0.
 - uncommit_free_chunks: 1.
 - use_allocation_guard: 0.
 - handle_deallocations: 1.


Internal statistics:

num_allocs_failed_limit: 6.
num_arena_births: 610.
num_arena_deaths: 14.
num_vsnodes_births: 2.
num_vsnodes_deaths: 0.
num_space_committed: 760.
num_space_uncommitted: 0.
num_chunks_returned_to_freelist: 20.
num_chunks_taken_from_freelist: 2307.
num_chunk_merges: 10.
num_chunk_splits: 1470.
num_chunks_enlarged: 908.
num_inconsistent_stats: 0.

CodeHeap 'non-profiled nmethods': size=120000Kb used=2729Kb max_used=2729Kb free=117270Kb
 bounds [0x00000234bcf10000, 0x00000234bd1c0000, 0x00000234c4440000]
CodeHeap 'profiled nmethods': size=120000Kb used=10199Kb max_used=10199Kb free=109800Kb
 bounds [0x00000234b5440000, 0x00000234b5e40000, 0x00000234bc970000]
CodeHeap 'non-nmethods': size=5760Kb used=1356Kb max_used=1401Kb free=4403Kb
 bounds [0x00000234bc970000, 0x00000234bcbe0000, 0x00000234bcf10000]
 total_blobs=5505 nmethods=4818 adapters=600
 compilation: enabled
              stopped_count=0, restarted_count=0
 full_count=0

Compilation events (20 events):
Event: 5.514 Thread 0x00000234cb720d20 4809       3       org.eclipse.jdt.internal.compiler.lookup.LookupEnvironment::getTypeFromTypeSignature (770 bytes)
Event: 5.517 Thread 0x00000234cb720d20 nmethod 4809 0x00000234b5e25510 code [0x00000234b5e25a40, 0x00000234b5e28928]
Event: 5.517 Thread 0x00000234cb720d20 4810       3       org.eclipse.jdt.internal.compiler.lookup.TypeSystem$HashedParameterizedTypes$PTBKey::hash (33 bytes)
Event: 5.517 Thread 0x00000234cb720d20 nmethod 4810 0x00000234b5e29b10 code [0x00000234b5e29ce0, 0x00000234b5e2a198]
Event: 5.518 Thread 0x00000234cb720d20 4811       3       org.eclipse.jdt.internal.compiler.lookup.TypeSystem$HashedParameterizedTypes$PTBKey::hashCode (96 bytes)
Event: 5.518 Thread 0x00000234cb720d20 nmethod 4811 0x00000234b5e2a290 code [0x00000234b5e2a4e0, 0x00000234b5e2b048]
Event: 5.518 Thread 0x00000234cb720d20 4812       3       org.eclipse.jdt.core.compiler.CharOperation::lastIndexOf (24 bytes)
Event: 5.519 Thread 0x00000234cb720d20 nmethod 4812 0x00000234b5e2b310 code [0x00000234b5e2b4c0, 0x00000234b5e2b6f8]
Event: 5.519 Thread 0x00000234cb720d20 4813       1       org.eclipse.jdt.internal.compiler.lookup.TypeBinding::isWildcard (2 bytes)
Event: 5.519 Thread 0x00000234cb720d20 nmethod 4813 0x00000234bd1ac410 code [0x00000234bd1ac5a0, 0x00000234bd1ac678]
Event: 5.527 Thread 0x00000234cb720d20 4814       3       org.eclipse.jdt.internal.compiler.lookup.TypeSystem$HashedParameterizedTypes$PTBKey::<init> (157 bytes)
Event: 5.528 Thread 0x00000234cb720d20 nmethod 4814 0x00000234b5e2b810 code [0x00000234b5e2bac0, 0x00000234b5e2cf68]
Event: 5.530 Thread 0x00000234cb720d20 4815       3       org.eclipse.core.internal.resources.Resource::getProject (23 bytes)
Event: 5.531 Thread 0x00000234cb720d20 nmethod 4815 0x00000234b5e2d510 code [0x00000234b5e2d6e0, 0x00000234b5e2d9c8]
Event: 5.533 Thread 0x00000234cb720d20 4816       3       org.eclipse.jdt.internal.compiler.lookup.BinaryModuleBinding::getExports (23 bytes)
Event: 5.533 Thread 0x00000234cb720d20 nmethod 4816 0x00000234b5e2dc10 code [0x00000234b5e2ddc0, 0x00000234b5e2e098]
Event: 5.534 Thread 0x00000234cb720d20 4817       3       org.eclipse.jdt.internal.compiler.lookup.ReferenceBinding$3::compare (13 bytes)
Event: 5.534 Thread 0x00000234cb720d20 nmethod 4817 0x00000234b5e2e190 code [0x00000234b5e2e340, 0x00000234b5e2e668]
Event: 5.534 Thread 0x00000234cb720d20 4818       3       org.eclipse.jdt.internal.compiler.lookup.ReferenceBinding$3::compare (46 bytes)
Event: 5.534 Thread 0x00000234cb720d20 nmethod 4818 0x00000234b5e2e790 code [0x00000234b5e2e940, 0x00000234b5e2eb08]

GC Heap History (20 events):
Event: 3.662 GC heap before
{Heap before GC invocations=13 (full 2):
 PSYoungGen      total 25088K, used 25043K [0x00000000eab00000, 0x00000000ec780000, 0x0000000100000000)
  eden space 23040K, 100% used [0x00000000eab00000,0x00000000ec180000,0x00000000ec180000)
  from space 2048K, 97% used [0x00000000ec580000,0x00000000ec774eb8,0x00000000ec780000)
  to   space 2560K, 0% used [0x00000000ec280000,0x00000000ec280000,0x00000000ec500000)
 ParOldGen       total 68608K, used 12360K [0x00000000c0000000, 0x00000000c4300000, 0x00000000eab00000)
  object space 68608K, 18% used [0x00000000c0000000,0x00000000c0c120e8,0x00000000c4300000)
 Metaspace       used 38952K, committed 39744K, reserved 1114112K
  class space    used 3975K, committed 4352K, reserved 1048576K
}
Event: 3.664 GC heap after
{Heap after GC invocations=13 (full 2):
 PSYoungGen      total 25088K, used 2417K [0x00000000eab00000, 0x00000000ec600000, 0x0000000100000000)
  eden space 22528K, 0% used [0x00000000eab00000,0x00000000eab00000,0x00000000ec100000)
  from space 2560K, 94% used [0x00000000ec280000,0x00000000ec4dc460,0x00000000ec500000)
  to   space 1024K, 0% used [0x00000000ec500000,0x00000000ec500000,0x00000000ec600000)
 ParOldGen       total 68608K, used 14193K [0x00000000c0000000, 0x00000000c4300000, 0x00000000eab00000)
  object space 68608K, 20% used [0x00000000c0000000,0x00000000c0ddc5f8,0x00000000c4300000)
 Metaspace       used 38952K, committed 39744K, reserved 1114112K
  class space    used 3975K, committed 4352K, reserved 1048576K
}
Event: 3.729 GC heap before
{Heap before GC invocations=14 (full 2):
 PSYoungGen      total 25088K, used 24945K [0x00000000eab00000, 0x00000000ec600000, 0x0000000100000000)
  eden space 22528K, 100% used [0x00000000eab00000,0x00000000ec100000,0x00000000ec100000)
  from space 2560K, 94% used [0x00000000ec280000,0x00000000ec4dc460,0x00000000ec500000)
  to   space 1024K, 0% used [0x00000000ec500000,0x00000000ec500000,0x00000000ec600000)
 ParOldGen       total 68608K, used 14193K [0x00000000c0000000, 0x00000000c4300000, 0x00000000eab00000)
  object space 68608K, 20% used [0x00000000c0000000,0x00000000c0ddc5f8,0x00000000c4300000)
 Metaspace       used 39141K, committed 40064K, reserved 1114112K
  class space    used 3987K, committed 4416K, reserved 1048576K
}
Event: 3.731 GC heap after
{Heap after GC invocations=14 (full 2):
 PSYoungGen      total 22528K, used 1024K [0x00000000eab00000, 0x00000000eca80000, 0x0000000100000000)
  eden space 21504K, 0% used [0x00000000eab00000,0x00000000eab00000,0x00000000ec000000)
  from space 1024K, 100% used [0x00000000ec500000,0x00000000ec600000,0x00000000ec600000)
  to   space 5120K, 0% used [0x00000000ec000000,0x00000000ec000000,0x00000000ec500000)
 ParOldGen       total 68608K, used 17659K [0x00000000c0000000, 0x00000000c4300000, 0x00000000eab00000)
  object space 68608K, 25% used [0x00000000c0000000,0x00000000c113ee58,0x00000000c4300000)
 Metaspace       used 39141K, committed 40064K, reserved 1114112K
  class space    used 3987K, committed 4416K, reserved 1048576K
}
Event: 3.908 GC heap before
{Heap before GC invocations=15 (full 2):
 PSYoungGen      total 22528K, used 22528K [0x00000000eab00000, 0x00000000eca80000, 0x0000000100000000)
  eden space 21504K, 100% used [0x00000000eab00000,0x00000000ec000000,0x00000000ec000000)
  from space 1024K, 100% used [0x00000000ec500000,0x00000000ec600000,0x00000000ec600000)
  to   space 5120K, 0% used [0x00000000ec000000,0x00000000ec000000,0x00000000ec500000)
 ParOldGen       total 68608K, used 17659K [0x00000000c0000000, 0x00000000c4300000, 0x00000000eab00000)
  object space 68608K, 25% used [0x00000000c0000000,0x00000000c113ee58,0x00000000c4300000)
 Metaspace       used 40490K, committed 41408K, reserved 1114112K
  class space    used 4165K, committed 4544K, reserved 1048576K
}
Event: 3.910 GC heap after
{Heap after GC invocations=15 (full 2):
 PSYoungGen      total 23552K, used 1863K [0x00000000eab00000, 0x00000000ec600000, 0x0000000100000000)
  eden space 21504K, 0% used [0x00000000eab00000,0x00000000eab00000,0x00000000ec000000)
  from space 2048K, 90% used [0x00000000ec000000,0x00000000ec1d1db8,0x00000000ec200000)
  to   space 3072K, 0% used [0x00000000ec300000,0x00000000ec300000,0x00000000ec600000)
 ParOldGen       total 68608K, used 18713K [0x00000000c0000000, 0x00000000c4300000, 0x00000000eab00000)
  object space 68608K, 27% used [0x00000000c0000000,0x00000000c12466d8,0x00000000c4300000)
 Metaspace       used 40490K, committed 41408K, reserved 1114112K
  class space    used 4165K, committed 4544K, reserved 1048576K
}
Event: 4.144 GC heap before
{Heap before GC invocations=16 (full 2):
 PSYoungGen      total 23552K, used 23367K [0x00000000eab00000, 0x00000000ec600000, 0x0000000100000000)
  eden space 21504K, 100% used [0x00000000eab00000,0x00000000ec000000,0x00000000ec000000)
  from space 2048K, 90% used [0x00000000ec000000,0x00000000ec1d1db8,0x00000000ec200000)
  to   space 3072K, 0% used [0x00000000ec300000,0x00000000ec300000,0x00000000ec600000)
 ParOldGen       total 68608K, used 18713K [0x00000000c0000000, 0x00000000c4300000, 0x00000000eab00000)
  object space 68608K, 27% used [0x00000000c0000000,0x00000000c12466d8,0x00000000c4300000)
 Metaspace       used 41718K, committed 42688K, reserved 1114112K
  class space    used 4316K, committed 4800K, reserved 1048576K
}
Event: 4.145 GC heap after
{Heap after GC invocations=16 (full 2):
 PSYoungGen      total 22016K, used 512K [0x00000000eab00000, 0x00000000ec380000, 0x0000000100000000)
  eden space 21504K, 0% used [0x00000000eab00000,0x00000000eab00000,0x00000000ec000000)
  from space 512K, 100% used [0x00000000ec300000,0x00000000ec380000,0x00000000ec380000)
  to   space 1536K, 0% used [0x00000000ec080000,0x00000000ec080000,0x00000000ec200000)
 ParOldGen       total 68608K, used 20410K [0x00000000c0000000, 0x00000000c4300000, 0x00000000eab00000)
  object space 68608K, 29% used [0x00000000c0000000,0x00000000c13ee8c0,0x00000000c4300000)
 Metaspace       used 41718K, committed 42688K, reserved 1114112K
  class space    used 4316K, committed 4800K, reserved 1048576K
}
Event: 4.780 GC heap before
{Heap before GC invocations=17 (full 2):
 PSYoungGen      total 22016K, used 21990K [0x00000000eab00000, 0x00000000ec380000, 0x0000000100000000)
  eden space 21504K, 99% used [0x00000000eab00000,0x00000000ebff9a50,0x00000000ec000000)
  from space 512K, 100% used [0x00000000ec300000,0x00000000ec380000,0x00000000ec380000)
  to   space 1536K, 0% used [0x00000000ec080000,0x00000000ec080000,0x00000000ec200000)
 ParOldGen       total 68608K, used 20410K [0x00000000c0000000, 0x00000000c4300000, 0x00000000eab00000)
  object space 68608K, 29% used [0x00000000c0000000,0x00000000c13ee8c0,0x00000000c4300000)
 Metaspace       used 44196K, committed 45184K, reserved 1114112K
  class space    used 4514K, committed 4992K, reserved 1048576K
}
Event: 4.781 GC heap after
{Heap after GC invocations=17 (full 2):
 PSYoungGen      total 23040K, used 639K [0x00000000eab00000, 0x00000000ec380000, 0x0000000100000000)
  eden space 21504K, 0% used [0x00000000eab00000,0x00000000eab00000,0x00000000ec000000)
  from space 1536K, 41% used [0x00000000ec080000,0x00000000ec11fdc8,0x00000000ec200000)
  to   space 1024K, 0% used [0x00000000ec280000,0x00000000ec280000,0x00000000ec380000)
 ParOldGen       total 68608K, used 20698K [0x00000000c0000000, 0x00000000c4300000, 0x00000000eab00000)
  object space 68608K, 30% used [0x00000000c0000000,0x00000000c14368c0,0x00000000c4300000)
 Metaspace       used 44196K, committed 45184K, reserved 1114112K
  class space    used 4514K, committed 4992K, reserved 1048576K
}
Event: 4.865 GC heap before
{Heap before GC invocations=18 (full 2):
 PSYoungGen      total 23040K, used 22143K [0x00000000eab00000, 0x00000000ec380000, 0x0000000100000000)
  eden space 21504K, 100% used [0x00000000eab00000,0x00000000ec000000,0x00000000ec000000)
  from space 1536K, 41% used [0x00000000ec080000,0x00000000ec11fdc8,0x00000000ec200000)
  to   space 1024K, 0% used [0x00000000ec280000,0x00000000ec280000,0x00000000ec380000)
 ParOldGen       total 68608K, used 20698K [0x00000000c0000000, 0x00000000c4300000, 0x00000000eab00000)
  object space 68608K, 30% used [0x00000000c0000000,0x00000000c14368c0,0x00000000c4300000)
 Metaspace       used 44586K, committed 45568K, reserved 1114112K
  class space    used 4545K, committed 5056K, reserved 1048576K
}
Event: 4.868 GC heap after
{Heap after GC invocations=18 (full 2):
 PSYoungGen      total 21504K, used 1024K [0x00000000eab00000, 0x00000000ec700000, 0x0000000100000000)
  eden space 20480K, 0% used [0x00000000eab00000,0x00000000eab00000,0x00000000ebf00000)
  from space 1024K, 100% used [0x00000000ec280000,0x00000000ec380000,0x00000000ec380000)
  to   space 3584K, 0% used [0x00000000ebf00000,0x00000000ebf00000,0x00000000ec280000)
 ParOldGen       total 68608K, used 22417K [0x00000000c0000000, 0x00000000c4300000, 0x00000000eab00000)
  object space 68608K, 32% used [0x00000000c0000000,0x00000000c15e45f0,0x00000000c4300000)
 Metaspace       used 44586K, committed 45568K, reserved 1114112K
  class space    used 4545K, committed 5056K, reserved 1048576K
}
Event: 4.918 GC heap before
{Heap before GC invocations=19 (full 2):
 PSYoungGen      total 21504K, used 21504K [0x00000000eab00000, 0x00000000ec700000, 0x0000000100000000)
  eden space 20480K, 100% used [0x00000000eab00000,0x00000000ebf00000,0x00000000ebf00000)
  from space 1024K, 100% used [0x00000000ec280000,0x00000000ec380000,0x00000000ec380000)
  to   space 3584K, 0% used [0x00000000ebf00000,0x00000000ebf00000,0x00000000ec280000)
 ParOldGen       total 68608K, used 22417K [0x00000000c0000000, 0x00000000c4300000, 0x00000000eab00000)
  object space 68608K, 32% used [0x00000000c0000000,0x00000000c15e45f0,0x00000000c4300000)
 Metaspace       used 44588K, committed 45568K, reserved 1114112K
  class space    used 4545K, committed 5056K, reserved 1048576K
}
Event: 4.926 GC heap after
{Heap after GC invocations=19 (full 2):
 PSYoungGen      total 23552K, used 2660K [0x00000000eab00000, 0x00000000ec500000, 0x0000000100000000)
  eden space 20480K, 0% used [0x00000000eab00000,0x00000000eab00000,0x00000000ebf00000)
  from space 3072K, 86% used [0x00000000ebf00000,0x00000000ec199000,0x00000000ec200000)
  to   space 3072K, 0% used [0x00000000ec200000,0x00000000ec200000,0x00000000ec500000)
 ParOldGen       total 68608K, used 23484K [0x00000000c0000000, 0x00000000c4300000, 0x00000000eab00000)
  object space 68608K, 34% used [0x00000000c0000000,0x00000000c16ef280,0x00000000c4300000)
 Metaspace       used 44588K, committed 45568K, reserved 1114112K
  class space    used 4545K, committed 5056K, reserved 1048576K
}
Event: 4.987 GC heap before
{Heap before GC invocations=20 (full 2):
 PSYoungGen      total 23552K, used 23140K [0x00000000eab00000, 0x00000000ec500000, 0x0000000100000000)
  eden space 20480K, 100% used [0x00000000eab00000,0x00000000ebf00000,0x00000000ebf00000)
  from space 3072K, 86% used [0x00000000ebf00000,0x00000000ec199000,0x00000000ec200000)
  to   space 3072K, 0% used [0x00000000ec200000,0x00000000ec200000,0x00000000ec500000)
 ParOldGen       total 68608K, used 23484K [0x00000000c0000000, 0x00000000c4300000, 0x00000000eab00000)
  object space 68608K, 34% used [0x00000000c0000000,0x00000000c16ef280,0x00000000c4300000)
 Metaspace       used 44667K, committed 45696K, reserved 1114112K
  class space    used 4549K, committed 5056K, reserved 1048576K
}
Event: 4.993 GC heap after
{Heap after GC invocations=20 (full 2):
 PSYoungGen      total 23552K, used 2496K [0x00000000eab00000, 0x00000000ec500000, 0x0000000100000000)
  eden space 20480K, 0% used [0x00000000eab00000,0x00000000eab00000,0x00000000ebf00000)
  from space 3072K, 81% used [0x00000000ec200000,0x00000000ec470010,0x00000000ec500000)
  to   space 3072K, 0% used [0x00000000ebf00000,0x00000000ebf00000,0x00000000ec200000)
 ParOldGen       total 68608K, used 25960K [0x00000000c0000000, 0x00000000c4300000, 0x00000000eab00000)
  object space 68608K, 37% used [0x00000000c0000000,0x00000000c195a280,0x00000000c4300000)
 Metaspace       used 44667K, committed 45696K, reserved 1114112K
  class space    used 4549K, committed 5056K, reserved 1048576K
}
Event: 5.266 GC heap before
{Heap before GC invocations=21 (full 2):
 PSYoungGen      total 23552K, used 22971K [0x00000000eab00000, 0x00000000ec500000, 0x0000000100000000)
  eden space 20480K, 99% used [0x00000000eab00000,0x00000000ebefed48,0x00000000ebf00000)
  from space 3072K, 81% used [0x00000000ec200000,0x00000000ec470010,0x00000000ec500000)
  to   space 3072K, 0% used [0x00000000ebf00000,0x00000000ebf00000,0x00000000ec200000)
 ParOldGen       total 68608K, used 25960K [0x00000000c0000000, 0x00000000c4300000, 0x00000000eab00000)
  object space 68608K, 37% used [0x00000000c0000000,0x00000000c195a280,0x00000000c4300000)
 Metaspace       used 46215K, committed 47168K, reserved 1114112K
  class space    used 4711K, committed 5184K, reserved 1048576K
}
Event: 5.269 GC heap after
{Heap after GC invocations=21 (full 2):
 PSYoungGen      total 23552K, used 2623K [0x00000000eab00000, 0x00000000ec500000, 0x0000000100000000)
  eden space 20480K, 0% used [0x00000000eab00000,0x00000000eab00000,0x00000000ebf00000)
  from space 3072K, 85% used [0x00000000ebf00000,0x00000000ec18feb0,0x00000000ec200000)
  to   space 3072K, 0% used [0x00000000ec200000,0x00000000ec200000,0x00000000ec500000)
 ParOldGen       total 68608K, used 28256K [0x00000000c0000000, 0x00000000c4300000, 0x00000000eab00000)
  object space 68608K, 41% used [0x00000000c0000000,0x00000000c1b98290,0x00000000c4300000)
 Metaspace       used 46215K, committed 47168K, reserved 1114112K
  class space    used 4711K, committed 5184K, reserved 1048576K
}
Event: 5.332 GC heap before
{Heap before GC invocations=22 (full 2):
 PSYoungGen      total 23552K, used 23103K [0x00000000eab00000, 0x00000000ec500000, 0x0000000100000000)
  eden space 20480K, 100% used [0x00000000eab00000,0x00000000ebf00000,0x00000000ebf00000)
  from space 3072K, 85% used [0x00000000ebf00000,0x00000000ec18feb0,0x00000000ec200000)
  to   space 3072K, 0% used [0x00000000ec200000,0x00000000ec200000,0x00000000ec500000)
 ParOldGen       total 68608K, used 28256K [0x00000000c0000000, 0x00000000c4300000, 0x00000000eab00000)
  object space 68608K, 41% used [0x00000000c0000000,0x00000000c1b98290,0x00000000c4300000)
 Metaspace       used 46242K, committed 47232K, reserved 1114112K
  class space    used 4711K, committed 5184K, reserved 1048576K
}
Event: 5.335 GC heap after
{Heap after GC invocations=22 (full 2):
 PSYoungGen      total 20992K, used 322K [0x00000000eab00000, 0x00000000ec280000, 0x0000000100000000)
  eden space 20480K, 0% used [0x00000000eab00000,0x00000000eab00000,0x00000000ebf00000)
  from space 512K, 63% used [0x00000000ec200000,0x00000000ec250ad8,0x00000000ec280000)
  to   space 1536K, 0% used [0x00000000ebf80000,0x00000000ebf80000,0x00000000ec100000)
 ParOldGen       total 68608K, used 30513K [0x00000000c0000000, 0x00000000c4300000, 0x00000000eab00000)
  object space 68608K, 44% used [0x00000000c0000000,0x00000000c1dcc6c8,0x00000000c4300000)
 Metaspace       used 46242K, committed 47232K, reserved 1114112K
  class space    used 4711K, committed 5184K, reserved 1048576K
}

Dll operation events (10 events):
Event: 0.008 Loaded shared library c:\Users\HP\.vscode\extensions\redhat.java-1.38.0-win32-x64\jre\17.0.13-win32-x86_64\bin\java.dll
Event: 0.118 Loaded shared library c:\Users\HP\.vscode\extensions\redhat.java-1.38.0-win32-x64\jre\17.0.13-win32-x86_64\bin\zip.dll
Event: 0.119 Loaded shared library C:\Users\HP\.vscode\extensions\redhat.java-1.38.0-win32-x64\jre\17.0.13-win32-x86_64\bin\instrument.dll
Event: 0.130 Loaded shared library C:\Users\HP\.vscode\extensions\redhat.java-1.38.0-win32-x64\jre\17.0.13-win32-x86_64\bin\net.dll
Event: 0.133 Loaded shared library C:\Users\HP\.vscode\extensions\redhat.java-1.38.0-win32-x64\jre\17.0.13-win32-x86_64\bin\nio.dll
Event: 0.137 Loaded shared library C:\Users\HP\.vscode\extensions\redhat.java-1.38.0-win32-x64\jre\17.0.13-win32-x86_64\bin\zip.dll
Event: 0.154 Loaded shared library C:\Users\HP\.vscode\extensions\redhat.java-1.38.0-win32-x64\jre\17.0.13-win32-x86_64\bin\jimage.dll
Event: 0.214 Loaded shared library c:\Users\HP\.vscode\extensions\redhat.java-1.38.0-win32-x64\jre\17.0.13-win32-x86_64\bin\verify.dll
Event: 1.931 Loaded shared library C:\Users\HP\AppData\Roaming\Code\User\globalStorage\redhat.java\1.38.0\config_ss_win\org.eclipse.equinox.launcher\org.eclipse.equinox.launcher.win32.win32.x86_64_1.2.1100.v20240722-2106\eclipse_11904.dll
Event: 2.469 Loaded shared library C:\Users\HP\AppData\Local\Temp\jna-2312\jna7716904725895877608.dll

Deoptimization events (20 events):
Event: 5.288 Thread 0x00000234cde71770 Uncommon trap: trap_request=0xffffffde fr.pc=0x00000234bd051f1c relative=0x000000000000863c
Event: 5.288 Thread 0x00000234cde71770 Uncommon trap: reason=class_check action=maybe_recompile pc=0x00000234bd051f1c method=lombok.patcher.PatchScript$MethodPatcher.visitMethod(ILjava/lang/String;Ljava/lang/String;Ljava/lang/String;[Ljava/lang/String;)Lorg/lombokweb/asm/MethodVisitor; @ 101 c
Event: 5.288 Thread 0x00000234cde71770 DEOPT PACKING pc=0x00000234bd051f1c sp=0x000000b9504fbef0
Event: 5.288 Thread 0x00000234cde71770 DEOPT UNPACKING pc=0x00000234bc9c9ea3 sp=0x000000b9504fbea8 mode 2
Event: 5.288 Thread 0x00000234cde71770 Uncommon trap: trap_request=0xffffffde fr.pc=0x00000234bd051f1c relative=0x000000000000863c
Event: 5.288 Thread 0x00000234cde71770 Uncommon trap: reason=class_check action=maybe_recompile pc=0x00000234bd051f1c method=lombok.patcher.PatchScript$MethodPatcher.visitMethod(ILjava/lang/String;Ljava/lang/String;Ljava/lang/String;[Ljava/lang/String;)Lorg/lombokweb/asm/MethodVisitor; @ 101 c
Event: 5.288 Thread 0x00000234cde71770 DEOPT PACKING pc=0x00000234bd051f1c sp=0x000000b9504fbef0
Event: 5.288 Thread 0x00000234cde71770 DEOPT UNPACKING pc=0x00000234bc9c9ea3 sp=0x000000b9504fbea8 mode 2
Event: 5.288 Thread 0x00000234cde71770 Uncommon trap: trap_request=0xffffffde fr.pc=0x00000234bd051f1c relative=0x000000000000863c
Event: 5.288 Thread 0x00000234cde71770 Uncommon trap: reason=class_check action=maybe_recompile pc=0x00000234bd051f1c method=lombok.patcher.PatchScript$MethodPatcher.visitMethod(ILjava/lang/String;Ljava/lang/String;Ljava/lang/String;[Ljava/lang/String;)Lorg/lombokweb/asm/MethodVisitor; @ 101 c
Event: 5.288 Thread 0x00000234cde71770 DEOPT PACKING pc=0x00000234bd051f1c sp=0x000000b9504fbef0
Event: 5.288 Thread 0x00000234cde71770 DEOPT UNPACKING pc=0x00000234bc9c9ea3 sp=0x000000b9504fbea8 mode 2
Event: 5.469 Thread 0x00000234cda90590 Uncommon trap: trap_request=0xffffff45 fr.pc=0x00000234bd15c42c relative=0x000000000000092c
Event: 5.469 Thread 0x00000234cda90590 Uncommon trap: reason=unstable_if action=reinterpret pc=0x00000234bd15c42c method=org.eclipse.jdt.internal.core.util.WeakHashSet.cleanupGarbageCollectedValues()V @ 140 c2
Event: 5.469 Thread 0x00000234cda90590 DEOPT PACKING pc=0x00000234bd15c42c sp=0x000000b94ebfe8d0
Event: 5.469 Thread 0x00000234cda90590 DEOPT UNPACKING pc=0x00000234bc9c9ea3 sp=0x000000b94ebfe7f8 mode 2
Event: 5.535 Thread 0x00000234cda90590 Uncommon trap: trap_request=0xffffff45 fr.pc=0x00000234bd136cb0 relative=0x00000000000000b0
Event: 5.535 Thread 0x00000234cda90590 Uncommon trap: reason=unstable_if action=reinterpret pc=0x00000234bd136cb0 method=java.util.Hashtable$Enumerator.nextElement()Ljava/lang/Object; @ 87 c2
Event: 5.535 Thread 0x00000234cda90590 DEOPT PACKING pc=0x00000234bd136cb0 sp=0x000000b94ebfee00
Event: 5.535 Thread 0x00000234cda90590 DEOPT UNPACKING pc=0x00000234bc9c9ea3 sp=0x000000b94ebfed28 mode 2

Classes loaded (20 events):
Event: 4.798 Loading class java/lang/UnsupportedClassVersionError
Event: 4.798 Loading class java/lang/UnsupportedClassVersionError done
Event: 4.798 Loading class java/io/FileReader
Event: 4.798 Loading class java/io/FileReader done
Event: 4.805 Loading class jdk/internal/reflect/UnsafeQualifiedStaticIntegerFieldAccessorImpl
Event: 4.805 Loading class jdk/internal/reflect/UnsafeQualifiedStaticIntegerFieldAccessorImpl done
Event: 4.812 Loading class java/util/stream/MatchOps$MatchKind
Event: 4.812 Loading class java/util/stream/MatchOps$MatchKind done
Event: 4.812 Loading class java/util/stream/MatchOps
Event: 4.812 Loading class java/util/stream/MatchOps done
Event: 4.812 Loading class java/util/stream/MatchOps$MatchOp
Event: 4.812 Loading class java/util/stream/MatchOps$MatchOp done
Event: 4.813 Loading class java/util/stream/MatchOps$BooleanTerminalSink
Event: 4.813 Loading class java/util/stream/MatchOps$BooleanTerminalSink done
Event: 4.813 Loading class java/util/stream/MatchOps$1MatchSink
Event: 4.813 Loading class java/util/stream/MatchOps$1MatchSink done
Event: 5.105 Loading class java/util/stream/ReduceOps$4
Event: 5.105 Loading class java/util/stream/ReduceOps$4 done
Event: 5.105 Loading class java/util/stream/ReduceOps$4ReducingSink
Event: 5.106 Loading class java/util/stream/ReduceOps$4ReducingSink done

Classes unloaded (7 events):
Event: 2.409 Thread 0x00000234c6622400 Unloading class 0x0000000100218000 'java/lang/invoke/LambdaForm$MH+0x0000000100218000'
Event: 2.409 Thread 0x00000234c6622400 Unloading class 0x0000000100217c00 'java/lang/invoke/LambdaForm$MH+0x0000000100217c00'
Event: 2.409 Thread 0x00000234c6622400 Unloading class 0x0000000100217800 'java/lang/invoke/LambdaForm$MH+0x0000000100217800'
Event: 2.409 Thread 0x00000234c6622400 Unloading class 0x0000000100217400 'java/lang/invoke/LambdaForm$MH+0x0000000100217400'
Event: 2.409 Thread 0x00000234c6622400 Unloading class 0x0000000100217000 'java/lang/invoke/LambdaForm$BMH+0x0000000100217000'
Event: 2.409 Thread 0x00000234c6622400 Unloading class 0x0000000100216c00 'java/lang/invoke/LambdaForm$DMH+0x0000000100216c00'
Event: 2.409 Thread 0x00000234c6622400 Unloading class 0x0000000100214000 'java/lang/invoke/LambdaForm$DMH+0x0000000100214000'

Classes redefined (0 events):
No events

Internal exceptions (20 events):
Event: 3.586 Thread 0x00000234cde6dfc0 Exception <a 'java/lang/NoSuchMethodError'{0x00000000eae37d20}: 'int java.lang.invoke.DirectMethodHandle$Holder.invokeSpecial(java.lang.Object, java.lang.Object, java.lang.Object, java.lang.Object)'> (0x00000000eae37d20) 
thrown [s\src\hotspot\share\interpreter\linkResolver.cpp, line 759]
Event: 3.586 Thread 0x00000234cde70d50 Exception <a 'java/lang/NoSuchMethodError'{0x00000000eac88c40}: 'int java.lang.invoke.DirectMethodHandle$Holder.invokeSpecial(java.lang.Object, java.lang.Object, java.lang.Object, java.lang.Object)'> (0x00000000eac88c40) 
thrown [s\src\hotspot\share\interpreter\linkResolver.cpp, line 759]
Event: 3.587 Thread 0x00000234cde6dfc0 Exception <a 'java/lang/NoSuchMethodError'{0x00000000eae87f08}: 'java.lang.Object java.lang.invoke.DirectMethodHandle$Holder.invokeStatic(java.lang.Object, int, java.lang.Object, java.lang.Object)'> (0x00000000eae87f08) 
thrown [s\src\hotspot\share\interpreter\linkResolver.cpp, line 759]
Event: 3.587 Thread 0x00000234cde70d50 Exception <a 'java/lang/NoSuchMethodError'{0x00000000eae5d570}: 'java.lang.Object java.lang.invoke.DirectMethodHandle$Holder.invokeStatic(java.lang.Object, int, java.lang.Object, java.lang.Object)'> (0x00000000eae5d570) 
thrown [s\src\hotspot\share\interpreter\linkResolver.cpp, line 759]
Event: 3.587 Thread 0x00000234cde6dfc0 Exception <a 'java/lang/NoSuchMethodError'{0x00000000eae8bc68}: 'java.lang.Object java.lang.invoke.DelegatingMethodHandle$Holder.delegate(java.lang.Object, int, java.lang.Object, java.lang.Object)'> (0x00000000eae8bc68) 
thrown [s\src\hotspot\share\interpreter\linkResolver.cpp, line 759]
Event: 3.587 Thread 0x00000234cde70d50 Exception <a 'java/lang/NoSuchMethodError'{0x00000000eae60fc0}: 'java.lang.Object java.lang.invoke.DelegatingMethodHandle$Holder.delegate(java.lang.Object, int, java.lang.Object, java.lang.Object)'> (0x00000000eae60fc0) 
thrown [s\src\hotspot\share\interpreter\linkResolver.cpp, line 759]
Event: 3.590 Thread 0x00000234cde70d50 Exception <a 'java/lang/NoSuchMethodError'{0x00000000eaede8f0}: 'int java.lang.invoke.Invokers$Holder.linkToTargetMethod(java.lang.Object, java.lang.Object, java.lang.Object)'> (0x00000000eaede8f0) 
thrown [s\src\hotspot\share\interpreter\linkResolver.cpp, line 759]
Event: 3.590 Thread 0x00000234cde6dfc0 Exception <a 'java/lang/NoSuchMethodError'{0x00000000eaec4760}: 'int java.lang.invoke.Invokers$Holder.linkToTargetMethod(java.lang.Object, java.lang.Object, java.lang.Object)'> (0x00000000eaec4760) 
thrown [s\src\hotspot\share\interpreter\linkResolver.cpp, line 759]
Event: 3.695 Thread 0x00000234cda91ee0 Exception <a 'java/lang/NoSuchMethodError'{0x00000000eb413658}: 'java.lang.Object java.lang.invoke.DirectMethodHandle$Holder.newInvokeSpecial(java.lang.Object, java.lang.Object, java.lang.Object, java.lang.Object, java.lang.Object, java.lang.Object)'> (0x00000000eb413658) 
thrown [s\src\hotspot\share\interpreter\linkResolver.cpp, line 759]
Event: 3.936 Thread 0x00000234cde6dfc0 Exception <a 'java/lang/LinkageError'{0x00000000ead789d8}: loader lombok.launch.ShadowClassLoader @230b9c3e attempted duplicate class definition for lombok.launch.PatchFixesHider$Transform. (lombok.launch.PatchFixesHider$Transform is in unnamed module of loader lombok.launch.ShadowClassLoader @230b9c3e, parent loader org.eclipse.osgi.internal.loader.EquinoxClassLoader @67cc20db)> (0x00000000ead789d8) 
thrown [s\src\hotspot\share\classfile\systemDictionary.cpp, line 1723]
Event: 3.936 Thread 0x00000234cde70d50 Exception <a 'java/lang/LinkageError'{0x00000000ead40bd0}: loader lombok.launch.ShadowClassLoader @230b9c3e attempted duplicate class definition for lombok.launch.PatchFixesHider$Transform. (lombok.launch.PatchFixesHider$Transform is in unnamed module of loader lombok.launch.ShadowClassLoader @230b9c3e, parent loader org.eclipse.osgi.internal.loader.EquinoxClassLoader @67cc20db)> (0x00000000ead40bd0) 
thrown [s\src\hotspot\share\classfile\systemDictionary.cpp, line 1723]
Event: 4.768 Thread 0x00000234cda90590 Exception <a 'java/lang/NoSuchMethodError'{0x00000000ebe8c658}: 'java.lang.Object java.lang.invoke.DirectMethodHandle$Holder.invokeSpecial(java.lang.Object, java.lang.Object, int, long)'> (0x00000000ebe8c658) 
thrown [s\src\hotspot\share\interpreter\linkResolver.cpp, line 759]
Event: 5.019 Thread 0x00000234cde71770 Exception <a 'java/lang/NoSuchMethodError'{0x00000000eb29b488}: 'int java.lang.invoke.DirectMethodHandle$Holder.invokeInterface(java.lang.Object, java.lang.Object)'> (0x00000000eb29b488) 
thrown [s\src\hotspot\share\interpreter\linkResolver.cpp, line 759]
Event: 5.019 Thread 0x00000234cde71770 Exception <a 'java/lang/IncompatibleClassChangeError'{0x00000000eb29ea18}: Found class java.lang.Object, but interface was expected> (0x00000000eb29ea18) 
thrown [s\src\hotspot\share\interpreter\linkResolver.cpp, line 826]
Event: 5.075 Thread 0x00000234cde71770 Exception <a 'java/lang/NoSuchMethodError'{0x00000000eb4ab100}: 'int java.lang.invoke.DirectMethodHandle$Holder.invokeStatic(java.lang.Object, java.lang.Object, java.lang.Object, int)'> (0x00000000eb4ab100) 
thrown [s\src\hotspot\share\interpreter\linkResolver.cpp, line 759]
Event: 5.110 Thread 0x00000234cde71770 Exception <a 'java/lang/NoSuchMethodError'{0x00000000eb5ccc40}: 'int java.lang.invoke.DirectMethodHandle$Holder.invokeSpecialIFC(java.lang.Object, java.lang.Object, java.lang.Object)'> (0x00000000eb5ccc40) 
thrown [s\src\hotspot\share\interpreter\linkResolver.cpp, line 759]
Event: 5.128 Thread 0x00000234cde71770 Implicit null exception at 0x00000234bd19619b to 0x00000234bd196354
Event: 5.141 Thread 0x00000234cde71770 Exception <a 'java/io/FileNotFoundException'{0x00000000eb74bdb8}> (0x00000000eb74bdb8) 
thrown [s\src\hotspot\share\prims\jni.cpp, line 516]
Event: 5.141 Thread 0x00000234cde71770 Exception <a 'java/io/FileNotFoundException'{0x00000000eb74d048}> (0x00000000eb74d048) 
thrown [s\src\hotspot\share\prims\jni.cpp, line 516]
Event: 5.256 Thread 0x00000234cde71770 Exception <a 'java/lang/NoSuchMethodError'{0x00000000ebc08e88}: 'int java.lang.invoke.DirectMethodHandle$Holder.invokeStatic(java.lang.Object, int, java.lang.Object)'> (0x00000000ebc08e88) 
thrown [s\src\hotspot\share\interpreter\linkResolver.cpp, line 759]

VM Operations (20 events):
Event: 4.780 Executing VM operation: ParallelGCFailedAllocation
Event: 4.781 Executing VM operation: ParallelGCFailedAllocation done
Event: 4.865 Executing VM operation: ParallelGCFailedAllocation
Event: 4.868 Executing VM operation: ParallelGCFailedAllocation done
Event: 4.918 Executing VM operation: ParallelGCFailedAllocation
Event: 4.926 Executing VM operation: ParallelGCFailedAllocation done
Event: 4.987 Executing VM operation: ParallelGCFailedAllocation
Event: 4.993 Executing VM operation: ParallelGCFailedAllocation done
Event: 5.113 Executing VM operation: HandshakeAllThreads
Event: 5.113 Executing VM operation: HandshakeAllThreads done
Event: 5.172 Executing VM operation: HandshakeAllThreads
Event: 5.172 Executing VM operation: HandshakeAllThreads done
Event: 5.193 Executing VM operation: HandshakeAllThreads
Event: 5.194 Executing VM operation: HandshakeAllThreads done
Event: 5.266 Executing VM operation: ParallelGCFailedAllocation
Event: 5.269 Executing VM operation: ParallelGCFailedAllocation done
Event: 5.332 Executing VM operation: ParallelGCFailedAllocation
Event: 5.335 Executing VM operation: ParallelGCFailedAllocation done
Event: 6.345 Executing VM operation: Cleanup
Event: 6.345 Executing VM operation: Cleanup done

Memory protections (0 events):
No events

Nmethod flushes (0 events):
No events

Events (20 events):
Event: 3.127 Thread 0x00000234b27ac0a0 Thread added: 0x00000234cda90fb0
Event: 3.127 Thread 0x00000234b27ac0a0 Thread added: 0x00000234cde6e4d0
Event: 3.127 Thread 0x00000234b27ac0a0 Thread added: 0x00000234cde70330
Event: 3.127 Thread 0x00000234b27ac0a0 Thread added: 0x00000234cde6dab0
Event: 3.128 Thread 0x00000234b27ac0a0 Thread added: 0x00000234cde70840
Event: 3.128 Thread 0x00000234b27ac0a0 Thread added: 0x00000234cde6e9e0
Event: 3.128 Thread 0x00000234b27ac0a0 Thread added: 0x00000234cde6f910
Event: 3.149 Thread 0x00000234b27ac0a0 Thread added: 0x00000234cde6fe20
Event: 3.306 Thread 0x00000234b27ac0a0 Thread added: 0x00000234cde6eef0
Event: 3.306 Thread 0x00000234b27ac0a0 Thread added: 0x00000234cde70d50
Event: 3.434 Thread 0x00000234cde70d50 Thread added: 0x00000234cde6d5a0
Event: 3.435 Thread 0x00000234cde70d50 Thread added: 0x00000234cde6dfc0
Event: 4.146 Thread 0x00000234b0404750 Thread exited: 0x00000234b0404750
Event: 4.370 Thread 0x00000234cb720d20 Thread added: 0x00000234cdf118e0
Event: 4.376 Thread 0x00000234cde70d50 Thread added: 0x00000234cde71260
Event: 4.379 Thread 0x00000234cde70d50 Thread added: 0x00000234cde71770
Event: 4.766 Thread 0x00000234cdf118e0 Thread exited: 0x00000234cdf118e0
Event: 4.766 Thread 0x00000234cdcd5460 Thread exited: 0x00000234cdcd5460
Event: 4.828 Thread 0x00000234cb720d20 Thread added: 0x00000234cf08d430
Event: 4.829 Thread 0x00000234cb720d20 Thread added: 0x00000234d07bb450


Dynamic libraries:
0x00007ff65b810000 - 0x00007ff65b81e000 	c:\Users\HP\.vscode\extensions\redhat.java-1.38.0-win32-x64\jre\17.0.13-win32-x86_64\bin\java.exe
0x00007ffc95c60000 - 0x00007ffc95ec3000 	C:\WINDOWS\SYSTEM32\ntdll.dll
0x00007ffc93b90000 - 0x00007ffc93c58000 	C:\WINDOWS\System32\KERNEL32.DLL
0x00007ffc93520000 - 0x00007ffc938d2000 	C:\WINDOWS\System32\KERNELBASE.dll
0x00007ffc93330000 - 0x00007ffc9347b000 	C:\WINDOWS\System32\ucrtbase.dll
0x00007ffc8d1d0000 - 0x00007ffc8d1e7000 	c:\Users\HP\.vscode\extensions\redhat.java-1.38.0-win32-x64\jre\17.0.13-win32-x86_64\bin\jli.dll
0x00007ffc7be00000 - 0x00007ffc7be1e000 	c:\Users\HP\.vscode\extensions\redhat.java-1.38.0-win32-x64\jre\17.0.13-win32-x86_64\bin\VCRUNTIME140.dll
0x00007ffc94ac0000 - 0x00007ffc94c88000 	C:\WINDOWS\System32\USER32.dll
0x00007ffc93270000 - 0x00007ffc93297000 	C:\WINDOWS\System32\win32u.dll
0x00007ffc94620000 - 0x00007ffc9464a000 	C:\WINDOWS\System32\GDI32.dll
0x00007ffc6a1f0000 - 0x00007ffc6a480000 	C:\WINDOWS\WinSxS\amd64_microsoft.windows.common-controls_6595b64144ccf1df_6.0.26100.2454_none_3e0b68a2e331ad60\COMCTL32.dll
0x00007ffc938e0000 - 0x00007ffc93a0b000 	C:\WINDOWS\System32\gdi32full.dll
0x00007ffc953a0000 - 0x00007ffc95449000 	C:\WINDOWS\System32\msvcrt.dll
0x00007ffc93a10000 - 0x00007ffc93ab3000 	C:\WINDOWS\System32\msvcp_win.dll
0x00007ffc95450000 - 0x00007ffc9547f000 	C:\WINDOWS\System32\IMM32.DLL
0x00007ffc8b630000 - 0x00007ffc8b63c000 	c:\Users\HP\.vscode\extensions\redhat.java-1.38.0-win32-x64\jre\17.0.13-win32-x86_64\bin\vcruntime140_1.dll
0x00007ffc7bca0000 - 0x00007ffc7bd2d000 	c:\Users\HP\.vscode\extensions\redhat.java-1.38.0-win32-x64\jre\17.0.13-win32-x86_64\bin\msvcp140.dll
0x00007ffc2ca40000 - 0x00007ffc2d6ab000 	c:\Users\HP\.vscode\extensions\redhat.java-1.38.0-win32-x64\jre\17.0.13-win32-x86_64\bin\server\jvm.dll
0x00007ffc93ad0000 - 0x00007ffc93b84000 	C:\WINDOWS\System32\ADVAPI32.dll
0x00007ffc95180000 - 0x00007ffc95226000 	C:\WINDOWS\System32\sechost.dll
0x00007ffc94e30000 - 0x00007ffc94f46000 	C:\WINDOWS\System32\RPCRT4.dll
0x00007ffc94470000 - 0x00007ffc944e4000 	C:\WINDOWS\System32\WS2_32.dll
0x00007ffc91ce0000 - 0x00007ffc91d2e000 	C:\WINDOWS\SYSTEM32\POWRPROF.dll
0x00007ffc88320000 - 0x00007ffc88356000 	C:\WINDOWS\SYSTEM32\WINMM.dll
0x00007ffc81740000 - 0x00007ffc8174b000 	C:\WINDOWS\SYSTEM32\VERSION.dll
0x00007ffc91cc0000 - 0x00007ffc91cd4000 	C:\WINDOWS\SYSTEM32\UMPDC.dll
0x00007ffc91f80000 - 0x00007ffc91f9a000 	C:\WINDOWS\SYSTEM32\kernel.appcore.dll
0x00007ffc8b360000 - 0x00007ffc8b36a000 	c:\Users\HP\.vscode\extensions\redhat.java-1.38.0-win32-x64\jre\17.0.13-win32-x86_64\bin\jimage.dll
0x00007ffc90860000 - 0x00007ffc90aa1000 	C:\WINDOWS\SYSTEM32\DBGHELP.DLL
0x00007ffc94650000 - 0x00007ffc949ce000 	C:\WINDOWS\System32\combase.dll
0x00007ffc956b0000 - 0x00007ffc95786000 	C:\WINDOWS\System32\OLEAUT32.dll
0x00007ffc64900000 - 0x00007ffc64939000 	C:\WINDOWS\SYSTEM32\dbgcore.DLL
0x00007ffc93480000 - 0x00007ffc93519000 	C:\WINDOWS\System32\bcryptPrimitives.dll
0x00007ffc876d0000 - 0x00007ffc876de000 	c:\Users\HP\.vscode\extensions\redhat.java-1.38.0-win32-x64\jre\17.0.13-win32-x86_64\bin\instrument.dll
0x00007ffc7bc70000 - 0x00007ffc7bc95000 	c:\Users\HP\.vscode\extensions\redhat.java-1.38.0-win32-x64\jre\17.0.13-win32-x86_64\bin\java.dll
0x00007ffc7bde0000 - 0x00007ffc7bdf8000 	c:\Users\HP\.vscode\extensions\redhat.java-1.38.0-win32-x64\jre\17.0.13-win32-x86_64\bin\zip.dll
0x00007ffc93cc0000 - 0x00007ffc943c1000 	C:\WINDOWS\System32\SHELL32.dll
0x00007ffc90cf0000 - 0x00007ffc91521000 	C:\WINDOWS\SYSTEM32\windows.storage.dll
0x00007ffc949e0000 - 0x00007ffc94aba000 	C:\WINDOWS\System32\SHCORE.dll
0x00007ffc94f50000 - 0x00007ffc94fad000 	C:\WINDOWS\System32\shlwapi.dll
0x00007ffc92f40000 - 0x00007ffc92f6e000 	C:\WINDOWS\SYSTEM32\profapi.dll
0x00007ffc7ba80000 - 0x00007ffc7ba99000 	C:\Users\HP\.vscode\extensions\redhat.java-1.38.0-win32-x64\jre\17.0.13-win32-x86_64\bin\net.dll
0x00007ffc86c50000 - 0x00007ffc86d76000 	C:\WINDOWS\SYSTEM32\WINHTTP.dll
0x00007ffc92480000 - 0x00007ffc924e8000 	C:\WINDOWS\system32\mswsock.dll
0x00007ffc7b960000 - 0x00007ffc7b976000 	C:\Users\HP\.vscode\extensions\redhat.java-1.38.0-win32-x64\jre\17.0.13-win32-x86_64\bin\nio.dll
0x00007ffc7ba70000 - 0x00007ffc7ba80000 	c:\Users\HP\.vscode\extensions\redhat.java-1.38.0-win32-x64\jre\17.0.13-win32-x86_64\bin\verify.dll
0x00007ffc73750000 - 0x00007ffc73795000 	C:\Users\HP\AppData\Roaming\Code\User\globalStorage\redhat.java\1.38.0\config_ss_win\org.eclipse.equinox.launcher\org.eclipse.equinox.launcher.win32.win32.x86_64_1.2.1100.v20240722-2106\eclipse_11904.dll
0x00007ffc94c90000 - 0x00007ffc94e29000 	C:\WINDOWS\System32\ole32.dll
0x00007ffc92720000 - 0x00007ffc9273c000 	C:\WINDOWS\SYSTEM32\CRYPTSP.dll
0x00007ffc91ee0000 - 0x00007ffc91f18000 	C:\WINDOWS\system32\rsaenh.dll
0x00007ffc92520000 - 0x00007ffc9254b000 	C:\WINDOWS\SYSTEM32\USERENV.dll
0x00007ffc92960000 - 0x00007ffc92986000 	C:\WINDOWS\SYSTEM32\bcrypt.dll
0x00007ffc92740000 - 0x00007ffc9274c000 	C:\WINDOWS\SYSTEM32\CRYPTBASE.dll
0x00007ffc91830000 - 0x00007ffc91862000 	C:\WINDOWS\SYSTEM32\IPHLPAPI.DLL
0x00007ffc944f0000 - 0x00007ffc944fa000 	C:\WINDOWS\System32\NSI.dll
0x00007ffc87300000 - 0x00007ffc8731e000 	C:\WINDOWS\SYSTEM32\dhcpcsvc6.DLL
0x00007ffc872d0000 - 0x00007ffc872f5000 	C:\WINDOWS\SYSTEM32\dhcpcsvc.DLL
0x00007ffc91870000 - 0x00007ffc91995000 	C:\WINDOWS\SYSTEM32\DNSAPI.dll
0x00007ffc736b0000 - 0x00007ffc736f9000 	C:\Users\HP\AppData\Local\Temp\jna-2312\jna7716904725895877608.dll
0x00007ffc95390000 - 0x00007ffc95398000 	C:\WINDOWS\System32\PSAPI.DLL

dbghelp: loaded successfully - version: 4.0.5 - missing functions: none
symbol engine: initialized successfully - sym options: 0x614 - pdb path: .;c:\Users\HP\.vscode\extensions\redhat.java-1.38.0-win32-x64\jre\17.0.13-win32-x86_64\bin;C:\WINDOWS\SYSTEM32;C:\WINDOWS\WinSxS\amd64_microsoft.windows.common-controls_6595b64144ccf1df_6.0.26100.2454_none_3e0b68a2e331ad60;c:\Users\HP\.vscode\extensions\redhat.java-1.38.0-win32-x64\jre\17.0.13-win32-x86_64\bin\server;C:\Users\HP\AppData\Roaming\Code\User\globalStorage\redhat.java\1.38.0\config_ss_win\org.eclipse.equinox.launcher\org.eclipse.equinox.launcher.win32.win32.x86_64_1.2.1100.v20240722-2106;C:\Users\HP\AppData\Local\Temp\jna-2312

VM Arguments:
jvm_args: --add-modules=ALL-SYSTEM --add-opens=java.base/java.util=ALL-UNNAMED --add-opens=java.base/java.lang=ALL-UNNAMED --add-opens=java.base/sun.nio.fs=ALL-UNNAMED -Declipse.application=org.eclipse.jdt.ls.core.id1 -Dosgi.bundles.defaultStartLevel=4 -Declipse.product=org.eclipse.jdt.ls.core.product -Djava.import.generatesMetadataFilesAtProjectRoot=false -DDetectVMInstallationsJob.disabled=true -Dfile.encoding=utf8 -XX:+UseParallelGC -XX:GCTimeRatio=4 -XX:AdaptiveSizePolicyWeight=90 -Dsun.zip.disableMemoryMapping=true -Xmx1G -Xms100m -Xlog:disable -javaagent:c:\Users\HP\.vscode\extensions\redhat.java-1.38.0-win32-x64\lombok\lombok-1.18.34.jar 
java_command: c:\Users\HP\.vscode\extensions\redhat.java-1.38.0-win32-x64\server\plugins\org.eclipse.equinox.launcher_1.6.900.v20240613-2009.jar -configuration c:\Users\HP\AppData\Roaming\Code\User\globalStorage\redhat.java\1.38.0\config_ss_win -data c:\Users\HP\AppData\Roaming\Code\User\workspaceStorage\3733e045233a5ffff697c38bc414c6f0\redhat.java\ss_ws --pipe=\\.\pipe\lsp-8814ed62d31e4b5d3ab71f71447455b9-sock
java_class_path (initial): c:\Users\HP\.vscode\extensions\redhat.java-1.38.0-win32-x64\server\plugins\org.eclipse.equinox.launcher_1.6.900.v20240613-2009.jar
Launcher Type: SUN_STANDARD

[Global flags]
    uintx AdaptiveSizePolicyWeight                 = 90                                        {product} {command line}
     intx CICompilerCount                          = 4                                         {product} {ergonomic}
    uintx GCTimeRatio                              = 4                                         {product} {command line}
   size_t InitialHeapSize                          = 104857600                                 {product} {command line}
   size_t MaxHeapSize                              = 1073741824                                {product} {command line}
   size_t MaxNewSize                               = 357564416                                 {product} {ergonomic}
   size_t MinHeapDeltaBytes                        = 524288                                    {product} {ergonomic}
   size_t MinHeapSize                              = 104857600                                 {product} {command line}
   size_t NewSize                                  = 34603008                                  {product} {ergonomic}
    uintx NonNMethodCodeHeapSize                   = 5839372                                {pd product} {ergonomic}
    uintx NonProfiledCodeHeapSize                  = 122909434                              {pd product} {ergonomic}
   size_t OldSize                                  = 70254592                                  {product} {ergonomic}
    uintx ProfiledCodeHeapSize                     = 122909434                              {pd product} {ergonomic}
    uintx ReservedCodeCacheSize                    = 251658240                              {pd product} {ergonomic}
     bool SegmentedCodeCache                       = true                                      {product} {ergonomic}
   size_t SoftMaxHeapSize                          = 1073741824                             {manageable} {ergonomic}
     bool UseCompressedClassPointers               = true                           {product lp64_product} {ergonomic}
     bool UseCompressedOops                        = true                           {product lp64_product} {ergonomic}
     bool UseLargePagesIndividualAllocation        = false                                  {pd product} {ergonomic}
     bool UseParallelGC                            = true                                      {product} {command line}

Logging:
Log output configuration:
 #0: stdout all=off uptime,level,tags
 #1: stderr all=off uptime,level,tags

Environment Variables:
JAVA_HOME=C:\Program Files\Zulu\zulu-17\
PATH=C:\Program Files\Zulu\zulu-17\bin\;C:\Users\HP\AppData\Local\Programs\Python\Python312\Scripts\;C:\Users\HP\AppData\Local\Programs\Python\Python312\;C:\windows\system32;C:\windows;C:\windows\System32\Wbem;C:\windows\System32\WindowsPowerShell\v1.0\;C:\windows\System32\OpenSSH\;C:\Program Files (x86)\NVIDIA Corporation\PhysX\Common;C:\Program Files\NVIDIA Corporation\NVIDIA NvDLISR;C:\Program Files\dotnet\;C:\Windows\system32;C:\apache-maven-3.9.4\bin;C:\Program Files\Java\jdk-23;C:\Program Files\Java\jdk-23\bin;C:\Program Files\apache-maven-3.9.4\bin;D:\MinGW\i686-8.1.0-release-posix-dwarf-rt_v6-rev0\mingw32\bin;C:\msys64\mingw64\bin;C:\msys64\ucrt64\bin;C:\Program Files\nodejs\;C:\ProgramData\chocolatey\bin;C:\msys64\ucrt64\include;C:\msys64\ucrt64\;C:\Program Files\HP\HP One Agent;C:\Users\HP\Downloads\2024 08\kotlin-compiler-2.0.20\kotlinc\bin;C:\Users\HP\AppData\Local\Android\Sdk\platform-tools;C:\src\flutter\bin;C:\Program Files\Tesseract-OCR;C:\WINDOWS\system32;C:\WINDOWS;C:\WINDOWS\System32\Wbem;C:\WINDOWS\System32\WindowsPowerShell\v1.0\;C:\WINDOWS\System32\OpenSSH\;C:\Program Files\Zulu\zulu-17\\bin\;C:\Program Files\Git\cmd;C:\Users\HP\AppData\Local\Microsoft\WindowsApps;C:\Users\HP\AppData\Local\Programs\Microsoft VS Code\bin;C:\Program Files\sf\bin;C:\MinGW\bin;C:\Users\HP\AppData\Roaming\npm;C:\Users\HP\AppData\Local\Pandoc\;C:\Users\HP\Downloads\2024 08\kotlin-compiler-2.0.20\kotlinc\bin;C:\Users\HP\AppData\Local\GitHubDesktop\bin;C:\Program Files\JetBrains\IntelliJ IDEA 2024.2.1\bin;;C:\Program Files\JetBrains\IntelliJ IDEA Community Edition 2024.3\bin;;D:\softwares\neo4j-community-5.26.1\bin;
USERNAME=HP
OS=Windows_NT
PROCESSOR_IDENTIFIER=Intel64 Family 6 Model 141 Stepping 1, GenuineIntel
TMP=C:\Users\HP\AppData\Local\Temp
TEMP=C:\Users\HP\AppData\Local\Temp



Periodic native trim disabled


---------------  S Y S T E M  ---------------

OS:
 Windows 11 , 64 bit Build 26100 (10.0.26100.2454)
OS uptime: 0 days 2:13 hours
Hyper-V role detected

CPU: total 12 (initial active 12) (6 cores per cpu, 2 threads per core) family 6 model 141 stepping 1 microcode 0x50, cx8, cmov, fxsr, ht, mmx, 3dnowpref, sse, sse2, sse3, ssse3, sse4.1, sse4.2, popcnt, lzcnt, tsc, tscinvbit, avx, avx2, aes, erms, clmul, bmi1, bmi2, adx, avx512f, avx512dq, avx512cd, avx512bw, avx512vl, sha, fma, vzeroupper, avx512_vpopcntdq, avx512_vpclmulqdq, avx512_vaes, avx512_vnni, clflush, clflushopt, clwb, avx512_vbmi2, avx512_vbmi, hv
Processor Information for all 12 processors :
  Max Mhz: 2688, Current Mhz: 2688, Mhz Limit: 2688

Memory: 4k page, system-wide physical 16022M (5131M free)
TotalPageFile size 49607M (AvailPageFile size 72M)
current process WorkingSet (physical memory assigned to process): 219M, peak: 225M
current process commit charge ("private bytes"): 302M, peak: 311M

vm_info: OpenJDK 64-Bit Server VM (17.0.13+11) for windows-amd64 JRE (17.0.13+11), built on Oct 16 2024 00:10:08 by "admin" with MS VC++ 17.7 (VS2022)

END.
